{"meta": {"format": 3, "version": "7.13.0", "timestamp": "2026-01-20T07:14:27.733348", "branch_coverage": false, "show_contexts": false}, "files": {"backend/app/__init__.py": {"executed_lines": [0], "summary": {"covered_lines": 0, "num_statements": 0, "percent_covered": 100.0, "percent_covered_display": "100", "missing_lines": 0, "excluded_lines": 0, "percent_statements_covered": 100.0, "percent_statements_covered_display": "100"}, "missing_lines": [], "excluded_lines": [], "functions": {"": {"executed_lines": [], "summary": {"covered_lines": 0, "num_statements": 0, "percent_covered": 100.0, "percent_covered_display": "100", "missing_lines": 0, "excluded_lines": 0, "percent_statements_covered": 100.0, "percent_statements_covered_display": "100"}, "missing_lines": [], "excluded_lines": []}}, "classes": {"": {"executed_lines": [], "summary": {"covered_lines": 0, "num_statements": 0, "percent_covered": 100.0, "percent_covered_display": "100", "missing_lines": 0, "excluded_lines": 0, "percent_statements_covered": 100.0, "percent_statements_covered_display": "100"}, "missing_lines": [], "excluded_lines": []}}}, "backend/app/api/__init__.py": {"executed_lines": [0], "summary": {"covered_lines": 0, "num_statements": 0, "percent_covered": 100.0, "percent_covered_display": "100", "missing_lines": 0, "excluded_lines": 0, "percent_statements_covered": 100.0, "percent_statements_covered_display": "100"}, "missing_lines": [], "excluded_lines": [], "functions": {"": {"executed_lines": [], "summary": {"covered_lines": 0, "num_statements": 0, "percent_covered": 100.0, "percent_covered_display": "100", "missing_lines": 0, "excluded_lines": 0, "percent_statements_covered": 100.0, "percent_statements_covered_display": "100"}, "missing_lines": [], "excluded_lines": []}}, "classes": {"": {"executed_lines": [], "summary": {"covered_lines": 0, "num_statements": 0, "percent_covered": 100.0, "percent_covered_display": "100", "missing_lines": 0, "excluded_lines": 0, "percent_statements_covered": 100.0, "percent_statements_covered_display": "100"}, "missing_lines": [], "excluded_lines": []}}}, "backend/app/api/dependencies/auth.py": {"executed_lines": [1, 6, 8, 9, 10, 11, 12, 14, 15, 16, 17, 18, 19, 21, 24, 28, 57, 67, 68, 83, 98, 99, 101, 119, 124, 125, 126], "summary": {"covered_lines": 25, "num_statements": 44, "percent_covered": 56.81818181818182, "percent_covered_display": "57", "missing_lines": 19, "excluded_lines": 1, "percent_statements_covered": 56.81818181818182, "percent_statements_covered_display": "57"}, "missing_lines": [25, 33, 39, 40, 43, 44, 45, 47, 48, 50, 51, 52, 54, 61, 62, 64, 120, 121, 129], "excluded_lines": [68], "functions": {"get_user_service": {"executed_lines": [], "summary": {"covered_lines": 0, "num_statements": 1, "percent_covered": 0.0, "percent_covered_display": "0", "missing_lines": 1, "excluded_lines": 0, "percent_statements_covered": 0.0, "percent_statements_covered_display": "0"}, "missing_lines": [25], "excluded_lines": []}, "get_current_user": {"executed_lines": [], "summary": {"covered_lines": 0, "num_statements": 12, "percent_covered": 0.0, "percent_covered_display": "0", "missing_lines": 12, "excluded_lines": 0, "percent_statements_covered": 0.0, "percent_statements_covered_display": "0"}, "missing_lines": [33, 39, 40, 43, 44, 45, 47, 48, 50, 51, 52, 54], "excluded_lines": []}, "get_current_active_user": {"executed_lines": [], "summary": {"covered_lines": 0, "num_statements": 3, "percent_covered": 0.0, "percent_covered_display": "0", "missing_lines": 3, "excluded_lines": 0, "percent_statements_covered": 0.0, "percent_statements_covered_display": "0"}, "missing_lines": [61, 62, 64], "excluded_lines": []}, "RoleChecker.__init__": {"executed_lines": [98, 99], "summary": {"covered_lines": 2, "num_statements": 2, "percent_covered": 100.0, "percent_covered_display": "100", "missing_lines": 0, "excluded_lines": 0, "percent_statements_covered": 100.0, "percent_statements_covered_display": "100"}, "missing_lines": [], "excluded_lines": []}, "RoleChecker.__call__": {"executed_lines": [119, 124, 125, 126], "summary": {"covered_lines": 4, "num_statements": 7, "percent_covered": 57.142857142857146, "percent_covered_display": "57", "missing_lines": 3, "excluded_lines": 0, "percent_statements_covered": 57.142857142857146, "percent_statements_covered_display": "57"}, "missing_lines": [120, 121, 129], "excluded_lines": []}, "": {"executed_lines": [1, 6, 8, 9, 10, 11, 12, 14, 15, 16, 17, 18, 19, 21, 24, 28, 57, 67, 68, 83, 101], "summary": {"covered_lines": 19, "num_statements": 19, "percent_covered": 100.0, "percent_covered_display": "100", "missing_lines": 0, "excluded_lines": 1, "percent_statements_covered": 100.0, "percent_statements_covered_display": "100"}, "missing_lines": [], "excluded_lines": [68]}}, "classes": {"RoleChecker": {"executed_lines": [98, 99, 119, 124, 125, 126], "summary": {"covered_lines": 6, "num_statements": 9, "percent_covered": 66.66666666666667, "percent_covered_display": "67", "missing_lines": 3, "excluded_lines": 0, "percent_statements_covered": 66.66666666666667, "percent_statements_covered_display": "67"}, "missing_lines": [120, 121, 129], "excluded_lines": []}, "": {"executed_lines": [1, 6, 8, 9, 10, 11, 12, 14, 15, 16, 17, 18, 19, 21, 24, 28, 57, 67, 68, 83, 101], "summary": {"covered_lines": 19, "num_statements": 35, "percent_covered": 54.285714285714285, "percent_covered_display": "54", "missing_lines": 16, "excluded_lines": 1, "percent_statements_covered": 54.285714285714285, "percent_statements_covered_display": "54"}, "missing_lines": [25, 33, 39, 40, 43, 44, 45, 47, 48, 50, 51, 52, 54, 61, 62, 64], "excluded_lines": [68]}}}, "backend/app/api/routes/auth.py": {"executed_lines": [1, 3, 4, 5, 7, 8, 9, 10, 11, 12, 14, 17, 23, 59, 60, 85, 86], "summary": {"covered_lines": 17, "num_statements": 38, "percent_covered": 44.73684210526316, "percent_covered_display": "45", "missing_lines": 21, "excluded_lines": 0, "percent_statements_covered": 44.73684210526316, "percent_statements_covered_display": "45"}, "missing_lines": [30, 32, 33, 34, 44, 46, 49, 51, 52, 53, 67, 68, 71, 72, 77, 78, 81, 82, 95, 97, 98], "excluded_lines": [], "functions": {"register": {"executed_lines": [], "summary": {"covered_lines": 0, "num_statements": 10, "percent_covered": 0.0, "percent_covered_display": "0", "missing_lines": 10, "excluded_lines": 0, "percent_statements_covered": 0.0, "percent_statements_covered_display": "0"}, "missing_lines": [30, 32, 33, 34, 44, 46, 49, 51, 52, 53], "excluded_lines": []}, "login": {"executed_lines": [], "summary": {"covered_lines": 0, "num_statements": 8, "percent_covered": 0.0, "percent_covered_display": "0", "missing_lines": 8, "excluded_lines": 0, "percent_statements_covered": 0.0, "percent_statements_covered_display": "0"}, "missing_lines": [67, 68, 71, 72, 77, 78, 81, 82], "excluded_lines": []}, "read_users_me": {"executed_lines": [], "summary": {"covered_lines": 0, "num_statements": 3, "percent_covered": 0.0, "percent_covered_display": "0", "missing_lines": 3, "excluded_lines": 0, "percent_statements_covered": 0.0, "percent_statements_covered_display": "0"}, "missing_lines": [95, 97, 98], "excluded_lines": []}, "": {"executed_lines": [1, 3, 4, 5, 7, 8, 9, 10, 11, 12, 14, 17, 23, 59, 60, 85, 86], "summary": {"covered_lines": 17, "num_statements": 17, "percent_covered": 100.0, "percent_covered_display": "100", "missing_lines": 0, "excluded_lines": 0, "percent_statements_covered": 100.0, "percent_statements_covered_display": "100"}, "missing_lines": [], "excluded_lines": []}}, "classes": {"": {"executed_lines": [1, 3, 4, 5, 7, 8, 9, 10, 11, 12, 14, 17, 23, 59, 60, 85, 86], "summary": {"covered_lines": 17, "num_statements": 38, "percent_covered": 44.73684210526316, "percent_covered_display": "45", "missing_lines": 21, "excluded_lines": 0, "percent_statements_covered": 44.73684210526316, "percent_statements_covered_display": "45"}, "missing_lines": [30, 32, 33, 34, 44, 46, 49, 51, 52, 53, 67, 68, 71, 72, 77, 78, 81, 82, 95, 97, 98], "excluded_lines": []}}}, "backend/app/api/routes/change_orders.py": {"executed_lines": [1, 3, 4, 5, 6, 7, 9, 10, 12, 13, 14, 15, 21, 22, 23, 25, 27, 30, 36, 42, 48, 117, 124, 167, 173, 204, 210, 231, 237, 280, 286, 310, 316, 336, 341, 369, 375, 461, 467, 491, 497], "summary": {"covered_lines": 40, "num_statements": 130, "percent_covered": 30.76923076923077, "percent_covered_display": "31", "missing_lines": 90, "excluded_lines": 0, "percent_statements_covered": 30.76923076923077, "percent_statements_covered_display": "31"}, "missing_lines": [33, 39, 78, 81, 83, 85, 98, 101, 108, 110, 111, 141, 143, 146, 147, 152, 157, 158, 159, 160, 161, 189, 191, 194, 196, 197, 201, 221, 223, 224, 228, 251, 254, 255, 262, 265, 266, 268, 269, 270, 271, 273, 274, 277, 300, 301, 306, 307, 327, 328, 329, 333, 355, 356, 361, 362, 363, 390, 392, 395, 396, 401, 404, 410, 412, 421, 428, 429, 431, 434, 443, 444, 446, 447, 448, 450, 452, 453, 454, 455, 477, 478, 483, 484, 485, 517, 518, 519, 520, 521], "excluded_lines": [], "functions": {"get_change_order_service": {"executed_lines": [], "summary": {"covered_lines": 0, "num_statements": 1, "percent_covered": 0.0, "percent_covered_display": "0", "missing_lines": 1, "excluded_lines": 0, "percent_statements_covered": 0.0, "percent_statements_covered_display": "0"}, "missing_lines": [33], "excluded_lines": []}, "get_impact_analysis_service": {"executed_lines": [], "summary": {"covered_lines": 0, "num_statements": 1, "percent_covered": 0.0, "percent_covered_display": "0", "missing_lines": 1, "excluded_lines": 0, "percent_statements_covered": 0.0, "percent_statements_covered_display": "0"}, "missing_lines": [39], "excluded_lines": []}, "read_change_orders": {"executed_lines": [], "summary": {"covered_lines": 0, "num_statements": 9, "percent_covered": 0.0, "percent_covered_display": "0", "missing_lines": 9, "excluded_lines": 0, "percent_statements_covered": 0.0, "percent_statements_covered_display": "0"}, "missing_lines": [78, 81, 83, 85, 98, 101, 108, 110, 111], "excluded_lines": []}, "create_change_order": {"executed_lines": [], "summary": {"covered_lines": 0, "num_statements": 10, "percent_covered": 0.0, "percent_covered_display": "0", "missing_lines": 10, "excluded_lines": 0, "percent_statements_covered": 0.0, "percent_statements_covered_display": "0"}, "missing_lines": [141, 143, 146, 147, 152, 157, 158, 159, 160, 161], "excluded_lines": []}, "read_change_order": {"executed_lines": [], "summary": {"covered_lines": 0, "num_statements": 6, "percent_covered": 0.0, "percent_covered_display": "0", "missing_lines": 6, "excluded_lines": 0, "percent_statements_covered": 0.0, "percent_statements_covered_display": "0"}, "missing_lines": [189, 191, 194, 196, 197, 201], "excluded_lines": []}, "read_change_order_by_code": {"executed_lines": [], "summary": {"covered_lines": 0, "num_statements": 4, "percent_covered": 0.0, "percent_covered_display": "0", "missing_lines": 4, "excluded_lines": 0, "percent_statements_covered": 0.0, "percent_statements_covered_display": "0"}, "missing_lines": [221, 223, 224, 228], "excluded_lines": []}, "update_change_order": {"executed_lines": [], "summary": {"covered_lines": 0, "num_statements": 13, "percent_covered": 0.0, "percent_covered_display": "0", "missing_lines": 13, "excluded_lines": 0, "percent_statements_covered": 0.0, "percent_statements_covered_display": "0"}, "missing_lines": [251, 254, 255, 262, 265, 266, 268, 269, 270, 271, 273, 274, 277], "excluded_lines": []}, "delete_change_order": {"executed_lines": [], "summary": {"covered_lines": 0, "num_statements": 4, "percent_covered": 0.0, "percent_covered_display": "0", "missing_lines": 4, "excluded_lines": 0, "percent_statements_covered": 0.0, "percent_statements_covered_display": "0"}, "missing_lines": [300, 301, 306, 307], "excluded_lines": []}, "read_change_order_history": {"executed_lines": [], "summary": {"covered_lines": 0, "num_statements": 4, "percent_covered": 0.0, "percent_covered_display": "0", "missing_lines": 4, "excluded_lines": 0, "percent_statements_covered": 0.0, "percent_statements_covered_display": "0"}, "missing_lines": [327, 328, 329, 333], "excluded_lines": []}, "get_merge_conflicts": {"executed_lines": [], "summary": {"covered_lines": 0, "num_statements": 5, "percent_covered": 0.0, "percent_covered_display": "0", "missing_lines": 5, "excluded_lines": 0, "percent_statements_covered": 0.0, "percent_statements_covered_display": "0"}, "missing_lines": [355, 356, 361, 362, 363], "excluded_lines": []}, "merge_change_order": {"executed_lines": [], "summary": {"covered_lines": 0, "num_statements": 23, "percent_covered": 0.0, "percent_covered_display": "0", "missing_lines": 23, "excluded_lines": 0, "percent_statements_covered": 0.0, "percent_statements_covered_display": "0"}, "missing_lines": [390, 392, 395, 396, 401, 404, 410, 412, 421, 428, 429, 431, 434, 443, 444, 446, 447, 448, 450, 452, 453, 454, 455], "excluded_lines": []}, "revert_change_order": {"executed_lines": [], "summary": {"covered_lines": 0, "num_statements": 5, "percent_covered": 0.0, "percent_covered_display": "0", "missing_lines": 5, "excluded_lines": 0, "percent_statements_covered": 0.0, "percent_statements_covered_display": "0"}, "missing_lines": [477, 478, 483, 484, 485], "excluded_lines": []}, "get_change_order_impact": {"executed_lines": [], "summary": {"covered_lines": 0, "num_statements": 5, "percent_covered": 0.0, "percent_covered_display": "0", "missing_lines": 5, "excluded_lines": 0, "percent_statements_covered": 0.0, "percent_statements_covered_display": "0"}, "missing_lines": [517, 518, 519, 520, 521], "excluded_lines": []}, "": {"executed_lines": [1, 3, 4, 5, 6, 7, 9, 10, 12, 13, 14, 15, 21, 22, 23, 25, 27, 30, 36, 42, 48, 117, 124, 167, 173, 204, 210, 231, 237, 280, 286, 310, 316, 336, 341, 369, 375, 461, 467, 491, 497], "summary": {"covered_lines": 40, "num_statements": 40, "percent_covered": 100.0, "percent_covered_display": "100", "missing_lines": 0, "excluded_lines": 0, "percent_statements_covered": 100.0, "percent_statements_covered_display": "100"}, "missing_lines": [], "excluded_lines": []}}, "classes": {"": {"executed_lines": [1, 3, 4, 5, 6, 7, 9, 10, 12, 13, 14, 15, 21, 22, 23, 25, 27, 30, 36, 42, 48, 117, 124, 167, 173, 204, 210, 231, 237, 280, 286, 310, 316, 336, 341, 369, 375, 461, 467, 491, 497], "summary": {"covered_lines": 40, "num_statements": 130, "percent_covered": 30.76923076923077, "percent_covered_display": "31", "missing_lines": 90, "excluded_lines": 0, "percent_statements_covered": 30.76923076923077, "percent_statements_covered_display": "31"}, "missing_lines": [33, 39, 78, 81, 83, 85, 98, 101, 108, 110, 111, 141, 143, 146, 147, 152, 157, 158, 159, 160, 161, 189, 191, 194, 196, 197, 201, 221, 223, 224, 228, 251, 254, 255, 262, 265, 266, 268, 269, 270, 271, 273, 274, 277, 300, 301, 306, 307, 327, 328, 329, 333, 355, 356, 361, 362, 363, 390, 392, 395, 396, 401, 404, 410, 412, 421, 428, 429, 431, 434, 443, 444, 446, 447, 448, 450, 452, 453, 454, 455, 477, 478, 483, 484, 485, 517, 518, 519, 520, 521], "excluded_lines": []}}}, "backend/app/api/routes/cost_element_types.py": {"executed_lines": [1, 2, 3, 5, 6, 8, 9, 10, 11, 12, 17, 19, 22, 25, 28, 34, 84, 91, 97, 98, 107, 113, 127, 133, 157, 163, 186, 192], "summary": {"covered_lines": 28, "num_statements": 58, "percent_covered": 48.275862068965516, "percent_covered_display": "48", "missing_lines": 30, "excluded_lines": 0, "percent_statements_covered": 48.275862068965516, "percent_statements_covered_display": "48"}, "missing_lines": [52, 53, 55, 56, 57, 59, 64, 74, 76, 99, 101, 118, 119, 120, 124, 140, 141, 142, 143, 148, 153, 154, 169, 170, 171, 174, 179, 182, 183, 197], "excluded_lines": [], "functions": {"get_cost_element_type_service": {"executed_lines": [25], "summary": {"covered_lines": 1, "num_statements": 1, "percent_covered": 100.0, "percent_covered_display": "100", "missing_lines": 0, "excluded_lines": 0, "percent_statements_covered": 100.0, "percent_statements_covered_display": "100"}, "missing_lines": [], "excluded_lines": []}, "read_cost_element_types": {"executed_lines": [], "summary": {"covered_lines": 0, "num_statements": 9, "percent_covered": 0.0, "percent_covered_display": "0", "missing_lines": 9, "excluded_lines": 0, "percent_statements_covered": 0.0, "percent_statements_covered_display": "0"}, "missing_lines": [52, 53, 55, 56, 57, 59, 64, 74, 76], "excluded_lines": []}, "create_cost_element_type": {"executed_lines": [97, 98], "summary": {"covered_lines": 2, "num_statements": 4, "percent_covered": 50.0, "percent_covered_display": "50", "missing_lines": 2, "excluded_lines": 0, "percent_statements_covered": 50.0, "percent_statements_covered_display": "50"}, "missing_lines": [99, 101], "excluded_lines": []}, "read_cost_element_type": {"executed_lines": [], "summary": {"covered_lines": 0, "num_statements": 4, "percent_covered": 0.0, "percent_covered_display": "0", "missing_lines": 4, "excluded_lines": 0, "percent_statements_covered": 0.0, "percent_statements_covered_display": "0"}, "missing_lines": [118, 119, 120, 124], "excluded_lines": []}, "update_cost_element_type": {"executed_lines": [], "summary": {"covered_lines": 0, "num_statements": 7, "percent_covered": 0.0, "percent_covered_display": "0", "missing_lines": 7, "excluded_lines": 0, "percent_statements_covered": 0.0, "percent_statements_covered_display": "0"}, "missing_lines": [140, 141, 142, 143, 148, 153, 154], "excluded_lines": []}, "delete_cost_element_type": {"executed_lines": [], "summary": {"covered_lines": 0, "num_statements": 7, "percent_covered": 0.0, "percent_covered_display": "0", "missing_lines": 7, "excluded_lines": 0, "percent_statements_covered": 0.0, "percent_statements_covered_display": "0"}, "missing_lines": [169, 170, 171, 174, 179, 182, 183], "excluded_lines": []}, "get_cost_element_type_history": {"executed_lines": [], "summary": {"covered_lines": 0, "num_statements": 1, "percent_covered": 0.0, "percent_covered_display": "0", "missing_lines": 1, "excluded_lines": 0, "percent_statements_covered": 0.0, "percent_statements_covered_display": "0"}, "missing_lines": [197], "excluded_lines": []}, "": {"executed_lines": [1, 2, 3, 5, 6, 8, 9, 10, 11, 12, 17, 19, 22, 28, 34, 84, 91, 107, 113, 127, 133, 157, 163, 186, 192], "summary": {"covered_lines": 25, "num_statements": 25, "percent_covered": 100.0, "percent_covered_display": "100", "missing_lines": 0, "excluded_lines": 0, "percent_statements_covered": 100.0, "percent_statements_covered_display": "100"}, "missing_lines": [], "excluded_lines": []}}, "classes": {"": {"executed_lines": [1, 2, 3, 5, 6, 8, 9, 10, 11, 12, 17, 19, 22, 25, 28, 34, 84, 91, 97, 98, 107, 113, 127, 133, 157, 163, 186, 192], "summary": {"covered_lines": 28, "num_statements": 58, "percent_covered": 48.275862068965516, "percent_covered_display": "48", "missing_lines": 30, "excluded_lines": 0, "percent_statements_covered": 48.275862068965516, "percent_statements_covered_display": "48"}, "missing_lines": [52, 53, 55, 56, 57, 59, 64, 74, 76, 99, 101, 118, 119, 120, 124, 140, 141, 142, 143, 148, 153, 154, 169, 170, 171, 174, 179, 182, 183, 197], "excluded_lines": []}}}, "backend/app/api/routes/cost_elements.py": {"executed_lines": [1, 2, 3, 4, 6, 7, 8, 10, 11, 12, 13, 14, 15, 20, 21, 22, 23, 25, 28, 31, 34, 40, 46, 77, 78, 79, 82, 85, 86, 87, 88, 91, 93, 120, 127, 133, 134, 147, 153, 167, 172, 183, 189, 196, 198, 200, 207, 211, 217, 227, 228, 245, 251, 264, 269, 286, 294, 300, 351, 358, 413, 419, 485, 491, 521, 528, 534, 590, 596, 680, 686, 813, 819, 1653, 1662, 1971, 1981, 1983, 1990], "summary": {"covered_lines": 73, "num_statements": 233, "percent_covered": 31.330472103004293, "percent_covered_display": "31", "missing_lines": 160, "excluded_lines": 0, "percent_statements_covered": 31.330472103004293, "percent_statements_covered_display": "31"}, "missing_lines": [37, 89, 107, 110, 117, 140, 141, 169, 174, 175, 180, 208, 229, 230, 235, 241, 242, 261, 274, 275, 276, 277, 289, 291, 310, 315, 316, 323, 325, 329, 331, 341, 342, 344, 345, 346, 348, 371, 373, 378, 379, 381, 382, 384, 385, 402, 404, 406, 407, 431, 434, 435, 437, 438, 441, 442, 443, 450, 451, 452, 453, 455, 456, 457, 458, 459, 461, 462, 463, 464, 465, 466, 467, 468, 471, 480, 482, 504, 505, 506, 513, 525, 568, 569, 571, 572, 578, 579, 580, 618, 620, 625, 629, 630, 636, 637, 645, 647, 654, 658, 659, 667, 669, 672, 673, 674, 675, 677, 700, 702, 703, 706, 707, 710, 715, 718, 719, 720, 721, 722, 723, 724, 725, 726, 729, 739, 740, 741, 744, 746, 753, 754, 755, 757, 758, 760, 762, 763, 764, 765, 767, 768, 775, 776, 782, 784, 787, 789, 801, 802, 804, 805, 806, 807, 808, 810, 834, 839, 840, 847], "excluded_lines": [], "functions": {"get_cost_element_service": {"executed_lines": [31], "summary": {"covered_lines": 1, "num_statements": 1, "percent_covered": 100.0, "percent_covered_display": "100", "missing_lines": 0, "excluded_lines": 0, "percent_statements_covered": 100.0, "percent_statements_covered_display": "100"}, "missing_lines": [], "excluded_lines": []}, "get_forecast_service": {"executed_lines": [], "summary": {"covered_lines": 0, "num_statements": 1, "percent_covered": 0.0, "percent_covered_display": "0", "missing_lines": 1, "excluded_lines": 0, "percent_statements_covered": 0.0, "percent_statements_covered_display": "0"}, "missing_lines": [37], "excluded_lines": []}, "read_cost_elements": {"executed_lines": [77, 78, 79, 82, 85, 86, 87, 88, 91, 93], "summary": {"covered_lines": 10, "num_statements": 14, "percent_covered": 71.42857142857143, "percent_covered_display": "71", "missing_lines": 4, "excluded_lines": 0, "percent_statements_covered": 71.42857142857143, "percent_statements_covered_display": "71"}, "missing_lines": [89, 107, 110, 117], "excluded_lines": []}, "create_cost_element": {"executed_lines": [133, 134], "summary": {"covered_lines": 2, "num_statements": 4, "percent_covered": 50.0, "percent_covered_display": "50", "missing_lines": 2, "excluded_lines": 0, "percent_statements_covered": 50.0, "percent_statements_covered_display": "50"}, "missing_lines": [140, 141], "excluded_lines": []}, "read_cost_element": {"executed_lines": [167, 172], "summary": {"covered_lines": 2, "num_statements": 6, "percent_covered": 33.333333333333336, "percent_covered_display": "33", "missing_lines": 4, "excluded_lines": 0, "percent_statements_covered": 33.333333333333336, "percent_statements_covered_display": "33"}, "missing_lines": [169, 174, 175, 180], "excluded_lines": []}, "update_cost_element": {"executed_lines": [196, 198, 200, 207], "summary": {"covered_lines": 4, "num_statements": 5, "percent_covered": 80.0, "percent_covered_display": "80", "missing_lines": 1, "excluded_lines": 0, "percent_statements_covered": 80.0, "percent_statements_covered_display": "80"}, "missing_lines": [208], "excluded_lines": []}, "delete_cost_element": {"executed_lines": [227, 228], "summary": {"covered_lines": 2, "num_statements": 7, "percent_covered": 28.571428571428573, "percent_covered_display": "29", "missing_lines": 5, "excluded_lines": 0, "percent_statements_covered": 28.571428571428573, "percent_statements_covered_display": "29"}, "missing_lines": [229, 230, 235, 241, 242], "excluded_lines": []}, "get_cost_element_history": {"executed_lines": [], "summary": {"covered_lines": 0, "num_statements": 1, "percent_covered": 0.0, "percent_covered_display": "0", "missing_lines": 1, "excluded_lines": 0, "percent_statements_covered": 0.0, "percent_statements_covered_display": "0"}, "missing_lines": [261], "excluded_lines": []}, "get_cost_element_breadcrumb": {"executed_lines": [], "summary": {"covered_lines": 0, "num_statements": 4, "percent_covered": 0.0, "percent_covered_display": "0", "missing_lines": 4, "excluded_lines": 0, "percent_statements_covered": 0.0, "percent_statements_covered_display": "0"}, "missing_lines": [274, 275, 276, 277], "excluded_lines": []}, "get_schedule_baseline_service": {"executed_lines": [], "summary": {"covered_lines": 0, "num_statements": 2, "percent_covered": 0.0, "percent_covered_display": "0", "missing_lines": 2, "excluded_lines": 0, "percent_statements_covered": 0.0, "percent_statements_covered_display": "0"}, "missing_lines": [289, 291], "excluded_lines": []}, "get_cost_element_schedule_baseline": {"executed_lines": [], "summary": {"covered_lines": 0, "num_statements": 13, "percent_covered": 0.0, "percent_covered_display": "0", "missing_lines": 13, "excluded_lines": 0, "percent_statements_covered": 0.0, "percent_statements_covered_display": "0"}, "missing_lines": [310, 315, 316, 323, 325, 329, 331, 341, 342, 344, 345, 346, 348], "excluded_lines": []}, "create_cost_element_schedule_baseline": {"executed_lines": [], "summary": {"covered_lines": 0, "num_statements": 12, "percent_covered": 0.0, "percent_covered_display": "0", "missing_lines": 12, "excluded_lines": 0, "percent_statements_covered": 0.0, "percent_statements_covered_display": "0"}, "missing_lines": [371, 373, 378, 379, 381, 382, 384, 385, 402, 404, 406, 407], "excluded_lines": []}, "update_cost_element_schedule_baseline": {"executed_lines": [], "summary": {"covered_lines": 0, "num_statements": 28, "percent_covered": 0.0, "percent_covered_display": "0", "missing_lines": 28, "excluded_lines": 0, "percent_statements_covered": 0.0, "percent_statements_covered_display": "0"}, "missing_lines": [431, 434, 435, 437, 438, 441, 442, 443, 450, 451, 452, 453, 455, 456, 457, 458, 459, 461, 462, 463, 464, 465, 466, 467, 468, 471, 480, 482], "excluded_lines": []}, "delete_cost_element_schedule_baseline": {"executed_lines": [], "summary": {"covered_lines": 0, "num_statements": 4, "percent_covered": 0.0, "percent_covered_display": "0", "missing_lines": 4, "excluded_lines": 0, "percent_statements_covered": 0.0, "percent_statements_covered_display": "0"}, "missing_lines": [504, 505, 506, 513], "excluded_lines": []}, "get_evm_service": {"executed_lines": [], "summary": {"covered_lines": 0, "num_statements": 1, "percent_covered": 0.0, "percent_covered_display": "0", "missing_lines": 1, "excluded_lines": 0, "percent_statements_covered": 0.0, "percent_statements_covered_display": "0"}, "missing_lines": [525], "excluded_lines": []}, "read_evm_metrics": {"executed_lines": [], "summary": {"covered_lines": 0, "num_statements": 7, "percent_covered": 0.0, "percent_covered_display": "0", "missing_lines": 7, "excluded_lines": 0, "percent_statements_covered": 0.0, "percent_statements_covered_display": "0"}, "missing_lines": [568, 569, 571, 572, 578, 579, 580], "excluded_lines": []}, "get_cost_element_forecast": {"executed_lines": [], "summary": {"covered_lines": 0, "num_statements": 19, "percent_covered": 0.0, "percent_covered_display": "0", "missing_lines": 19, "excluded_lines": 0, "percent_statements_covered": 0.0, "percent_statements_covered_display": "0"}, "missing_lines": [618, 620, 625, 629, 630, 636, 637, 645, 647, 654, 658, 659, 667, 669, 672, 673, 674, 675, 677], "excluded_lines": []}, "update_cost_element_forecast": {"executed_lines": [], "summary": {"covered_lines": 0, "num_statements": 48, "percent_covered": 0.0, "percent_covered_display": "0", "missing_lines": 48, "excluded_lines": 0, "percent_statements_covered": 0.0, "percent_statements_covered_display": "0"}, "missing_lines": [700, 702, 703, 706, 707, 710, 715, 718, 719, 720, 721, 722, 723, 724, 725, 726, 729, 739, 740, 741, 744, 746, 753, 754, 755, 757, 758, 760, 762, 763, 764, 765, 767, 768, 775, 776, 782, 784, 787, 789, 801, 802, 804, 805, 806, 807, 808, 810], "excluded_lines": []}, "delete_cost_element_forecast": {"executed_lines": [], "summary": {"covered_lines": 0, "num_statements": 4, "percent_covered": 0.0, "percent_covered_display": "0", "missing_lines": 4, "excluded_lines": 0, "percent_statements_covered": 0.0, "percent_statements_covered_display": "0"}, "missing_lines": [834, 839, 840, 847], "excluded_lines": []}, "": {"executed_lines": [1, 2, 3, 4, 6, 7, 8, 10, 11, 12, 13, 14, 15, 20, 21, 22, 23, 25, 28, 34, 40, 46, 120, 127, 147, 153, 183, 189, 211, 217, 245, 251, 264, 269, 286, 294, 300, 351, 358, 413, 419, 485, 491, 521, 528, 534, 590, 596, 680, 686, 813, 819], "summary": {"covered_lines": 52, "num_statements": 52, "percent_covered": 100.0, "percent_covered_display": "100", "missing_lines": 0, "excluded_lines": 0, "percent_statements_covered": 100.0, "percent_statements_covered_display": "100"}, "missing_lines": [], "excluded_lines": []}}, "classes": {"": {"executed_lines": [1, 2, 3, 4, 6, 7, 8, 10, 11, 12, 13, 14, 15, 20, 21, 22, 23, 25, 28, 31, 34, 40, 46, 77, 78, 79, 82, 85, 86, 87, 88, 91, 93, 120, 127, 133, 134, 147, 153, 167, 172, 183, 189, 196, 198, 200, 207, 211, 217, 227, 228, 245, 251, 264, 269, 286, 294, 300, 351, 358, 413, 419, 485, 491, 521, 528, 534, 590, 596, 680, 686, 813, 819], "summary": {"covered_lines": 73, "num_statements": 233, "percent_covered": 31.330472103004293, "percent_covered_display": "31", "missing_lines": 160, "excluded_lines": 0, "percent_statements_covered": 31.330472103004293, "percent_statements_covered_display": "31"}, "missing_lines": [37, 89, 107, 110, 117, 140, 141, 169, 174, 175, 180, 208, 229, 230, 235, 241, 242, 261, 274, 275, 276, 277, 289, 291, 310, 315, 316, 323, 325, 329, 331, 341, 342, 344, 345, 346, 348, 371, 373, 378, 379, 381, 382, 384, 385, 402, 404, 406, 407, 431, 434, 435, 437, 438, 441, 442, 443, 450, 451, 452, 453, 455, 456, 457, 458, 459, 461, 462, 463, 464, 465, 466, 467, 468, 471, 480, 482, 504, 505, 506, 513, 525, 568, 569, 571, 572, 578, 579, 580, 618, 620, 625, 629, 630, 636, 637, 645, 647, 654, 658, 659, 667, 669, 672, 673, 674, 675, 677, 700, 702, 703, 706, 707, 710, 715, 718, 719, 720, 721, 722, 723, 724, 725, 726, 729, 739, 740, 741, 744, 746, 753, 754, 755, 757, 758, 760, 762, 763, 764, 765, 767, 768, 775, 776, 782, 784, 787, 789, 801, 802, 804, 805, 806, 807, 808, 810, 834, 839, 840, 847], "excluded_lines": []}}}, "backend/app/api/routes/cost_registrations.py": {"executed_lines": [1, 3, 4, 5, 6, 8, 9, 11, 12, 13, 14, 15, 16, 21, 26, 29, 36, 42, 97, 104, 144, 149, 174, 179, 222, 227, 267, 273, 304, 310, 340, 346, 375, 381], "summary": {"covered_lines": 33, "num_statements": 83, "percent_covered": 39.75903614457831, "percent_covered_display": "40", "missing_lines": 50, "excluded_lines": 0, "percent_statements_covered": 39.75903614457831, "percent_statements_covered_display": "40"}, "missing_lines": [33, 71, 72, 73, 75, 77, 84, 87, 94, 117, 118, 123, 124, 133, 134, 158, 159, 160, 167, 168, 206, 207, 214, 215, 216, 249, 250, 256, 257, 258, 286, 288, 294, 296, 297, 301, 324, 325, 331, 332, 333, 334, 358, 359, 360, 361, 366, 371, 372, 390], "excluded_lines": [], "functions": {"get_cost_registration_service": {"executed_lines": [], "summary": {"covered_lines": 0, "num_statements": 1, "percent_covered": 0.0, "percent_covered_display": "0", "missing_lines": 1, "excluded_lines": 0, "percent_statements_covered": 0.0, "percent_statements_covered_display": "0"}, "missing_lines": [33], "excluded_lines": []}, "read_cost_registrations": {"executed_lines": [], "summary": {"covered_lines": 0, "num_statements": 8, "percent_covered": 0.0, "percent_covered_display": "0", "missing_lines": 8, "excluded_lines": 0, "percent_statements_covered": 0.0, "percent_statements_covered_display": "0"}, "missing_lines": [71, 72, 73, 75, 77, 84, 87, 94], "excluded_lines": []}, "create_cost_registration": {"executed_lines": [], "summary": {"covered_lines": 0, "num_statements": 6, "percent_covered": 0.0, "percent_covered_display": "0", "missing_lines": 6, "excluded_lines": 0, "percent_statements_covered": 0.0, "percent_statements_covered_display": "0"}, "missing_lines": [117, 118, 123, 124, 133, 134], "excluded_lines": []}, "get_budget_status": {"executed_lines": [], "summary": {"covered_lines": 0, "num_statements": 5, "percent_covered": 0.0, "percent_covered_display": "0", "missing_lines": 5, "excluded_lines": 0, "percent_statements_covered": 0.0, "percent_statements_covered_display": "0"}, "missing_lines": [158, 159, 160, 167, 168], "excluded_lines": []}, "get_aggregated_costs": {"executed_lines": [], "summary": {"covered_lines": 0, "num_statements": 5, "percent_covered": 0.0, "percent_covered_display": "0", "missing_lines": 5, "excluded_lines": 0, "percent_statements_covered": 0.0, "percent_statements_covered_display": "0"}, "missing_lines": [206, 207, 214, 215, 216], "excluded_lines": []}, "get_cumulative_costs": {"executed_lines": [], "summary": {"covered_lines": 0, "num_statements": 5, "percent_covered": 0.0, "percent_covered_display": "0", "missing_lines": 5, "excluded_lines": 0, "percent_statements_covered": 0.0, "percent_statements_covered_display": "0"}, "missing_lines": [249, 250, 256, 257, 258], "excluded_lines": []}, "read_cost_registration": {"executed_lines": [], "summary": {"covered_lines": 0, "num_statements": 6, "percent_covered": 0.0, "percent_covered_display": "0", "missing_lines": 6, "excluded_lines": 0, "percent_statements_covered": 0.0, "percent_statements_covered_display": "0"}, "missing_lines": [286, 288, 294, 296, 297, 301], "excluded_lines": []}, "update_cost_registration": {"executed_lines": [], "summary": {"covered_lines": 0, "num_statements": 6, "percent_covered": 0.0, "percent_covered_display": "0", "missing_lines": 6, "excluded_lines": 0, "percent_statements_covered": 0.0, "percent_statements_covered_display": "0"}, "missing_lines": [324, 325, 331, 332, 333, 334], "excluded_lines": []}, "delete_cost_registration": {"executed_lines": [], "summary": {"covered_lines": 0, "num_statements": 7, "percent_covered": 0.0, "percent_covered_display": "0", "missing_lines": 7, "excluded_lines": 0, "percent_statements_covered": 0.0, "percent_statements_covered_display": "0"}, "missing_lines": [358, 359, 360, 361, 366, 371, 372], "excluded_lines": []}, "get_cost_registration_history": {"executed_lines": [], "summary": {"covered_lines": 0, "num_statements": 1, "percent_covered": 0.0, "percent_covered_display": "0", "missing_lines": 1, "excluded_lines": 0, "percent_statements_covered": 0.0, "percent_statements_covered_display": "0"}, "missing_lines": [390], "excluded_lines": []}, "": {"executed_lines": [1, 3, 4, 5, 6, 8, 9, 11, 12, 13, 14, 15, 16, 21, 26, 29, 36, 42, 97, 104, 144, 149, 174, 179, 222, 227, 267, 273, 304, 310, 340, 346, 375, 381], "summary": {"covered_lines": 33, "num_statements": 33, "percent_covered": 100.0, "percent_covered_display": "100", "missing_lines": 0, "excluded_lines": 0, "percent_statements_covered": 100.0, "percent_statements_covered_display": "100"}, "missing_lines": [], "excluded_lines": []}}, "classes": {"": {"executed_lines": [1, 3, 4, 5, 6, 8, 9, 11, 12, 13, 14, 15, 16, 21, 26, 29, 36, 42, 97, 104, 144, 149, 174, 179, 222, 227, 267, 273, 304, 310, 340, 346, 375, 381], "summary": {"covered_lines": 33, "num_statements": 83, "percent_covered": 39.75903614457831, "percent_covered_display": "40", "missing_lines": 50, "excluded_lines": 0, "percent_statements_covered": 39.75903614457831, "percent_statements_covered_display": "40"}, "missing_lines": [33, 71, 72, 73, 75, 77, 84, 87, 94, 117, 118, 123, 124, 133, 134, 158, 159, 160, 167, 168, 206, 207, 214, 215, 216, 249, 250, 256, 257, 258, 286, 288, 294, 296, 297, 301, 324, 325, 331, 332, 333, 334, 358, 359, 360, 361, 366, 371, 372, 390], "excluded_lines": []}}}, "backend/app/api/routes/departments.py": {"executed_lines": [1, 2, 3, 5, 6, 8, 9, 10, 11, 12, 17, 19, 22, 25, 28, 34, 74, 81, 87, 88, 99, 105, 119, 125, 143, 149, 163, 169], "summary": {"covered_lines": 28, "num_statements": 50, "percent_covered": 56.0, "percent_covered_display": "56", "missing_lines": 22, "excluded_lines": 0, "percent_statements_covered": 56.0, "percent_statements_covered_display": "56"}, "missing_lines": [51, 53, 55, 64, 66, 91, 92, 93, 110, 111, 112, 116, 132, 133, 138, 139, 140, 155, 156, 159, 160, 174], "excluded_lines": [], "functions": {"get_department_service": {"executed_lines": [25], "summary": {"covered_lines": 1, "num_statements": 1, "percent_covered": 100.0, "percent_covered_display": "100", "missing_lines": 0, "excluded_lines": 0, "percent_statements_covered": 100.0, "percent_statements_covered_display": "100"}, "missing_lines": [], "excluded_lines": []}, "read_departments": {"executed_lines": [], "summary": {"covered_lines": 0, "num_statements": 5, "percent_covered": 0.0, "percent_covered_display": "0", "missing_lines": 5, "excluded_lines": 0, "percent_statements_covered": 0.0, "percent_statements_covered_display": "0"}, "missing_lines": [51, 53, 55, 64, 66], "excluded_lines": []}, "create_department": {"executed_lines": [87, 88], "summary": {"covered_lines": 2, "num_statements": 5, "percent_covered": 40.0, "percent_covered_display": "40", "missing_lines": 3, "excluded_lines": 0, "percent_statements_covered": 40.0, "percent_statements_covered_display": "40"}, "missing_lines": [91, 92, 93], "excluded_lines": []}, "read_department": {"executed_lines": [], "summary": {"covered_lines": 0, "num_statements": 4, "percent_covered": 0.0, "percent_covered_display": "0", "missing_lines": 4, "excluded_lines": 0, "percent_statements_covered": 0.0, "percent_statements_covered_display": "0"}, "missing_lines": [110, 111, 112, 116], "excluded_lines": []}, "update_department": {"executed_lines": [], "summary": {"covered_lines": 0, "num_statements": 5, "percent_covered": 0.0, "percent_covered_display": "0", "missing_lines": 5, "excluded_lines": 0, "percent_statements_covered": 0.0, "percent_statements_covered_display": "0"}, "missing_lines": [132, 133, 138, 139, 140], "excluded_lines": []}, "delete_department": {"executed_lines": [], "summary": {"covered_lines": 0, "num_statements": 4, "percent_covered": 0.0, "percent_covered_display": "0", "missing_lines": 4, "excluded_lines": 0, "percent_statements_covered": 0.0, "percent_statements_covered_display": "0"}, "missing_lines": [155, 156, 159, 160], "excluded_lines": []}, "get_department_history": {"executed_lines": [], "summary": {"covered_lines": 0, "num_statements": 1, "percent_covered": 0.0, "percent_covered_display": "0", "missing_lines": 1, "excluded_lines": 0, "percent_statements_covered": 0.0, "percent_statements_covered_display": "0"}, "missing_lines": [174], "excluded_lines": []}, "": {"executed_lines": [1, 2, 3, 5, 6, 8, 9, 10, 11, 12, 17, 19, 22, 28, 34, 74, 81, 99, 105, 119, 125, 143, 149, 163, 169], "summary": {"covered_lines": 25, "num_statements": 25, "percent_covered": 100.0, "percent_covered_display": "100", "missing_lines": 0, "excluded_lines": 0, "percent_statements_covered": 100.0, "percent_statements_covered_display": "100"}, "missing_lines": [], "excluded_lines": []}}, "classes": {"": {"executed_lines": [1, 2, 3, 5, 6, 8, 9, 10, 11, 12, 17, 19, 22, 25, 28, 34, 74, 81, 87, 88, 99, 105, 119, 125, 143, 149, 163, 169], "summary": {"covered_lines": 28, "num_statements": 50, "percent_covered": 56.0, "percent_covered_display": "56", "missing_lines": 22, "excluded_lines": 0, "percent_statements_covered": 56.0, "percent_statements_covered_display": "56"}, "missing_lines": [51, 53, 55, 64, 66, 91, 92, 93, 110, 111, 112, 116, 132, 133, 138, 139, 140, 155, 156, 159, 160, 174], "excluded_lines": []}}}, "backend/app/api/routes/forecasts.py": {"executed_lines": [1, 3, 4, 6, 7, 9, 10, 11, 12, 13, 15, 18, 24, 30, 61, 68, 90, 96, 122, 128, 151, 157, 183, 189, 210, 216], "summary": {"covered_lines": 25, "num_statements": 33, "percent_covered": 75.75757575757575, "percent_covered_display": "76", "missing_lines": 8, "excluded_lines": 0, "percent_statements_covered": 75.75757575757575, "percent_statements_covered_display": "76"}, "missing_lines": [21, 47, 80, 112, 141, 173, 200, 228], "excluded_lines": [], "functions": {"get_forecast_service": {"executed_lines": [], "summary": {"covered_lines": 0, "num_statements": 1, "percent_covered": 0.0, "percent_covered_display": "0", "missing_lines": 1, "excluded_lines": 0, "percent_statements_covered": 0.0, "percent_statements_covered_display": "0"}, "missing_lines": [21], "excluded_lines": []}, "read_forecasts": {"executed_lines": [], "summary": {"covered_lines": 0, "num_statements": 1, "percent_covered": 0.0, "percent_covered_display": "0", "missing_lines": 1, "excluded_lines": 0, "percent_statements_covered": 0.0, "percent_statements_covered_display": "0"}, "missing_lines": [47], "excluded_lines": []}, "create_forecast": {"executed_lines": [], "summary": {"covered_lines": 0, "num_statements": 1, "percent_covered": 0.0, "percent_covered_display": "0", "missing_lines": 1, "excluded_lines": 0, "percent_statements_covered": 0.0, "percent_statements_covered_display": "0"}, "missing_lines": [80], "excluded_lines": []}, "read_forecast": {"executed_lines": [], "summary": {"covered_lines": 0, "num_statements": 1, "percent_covered": 0.0, "percent_covered_display": "0", "missing_lines": 1, "excluded_lines": 0, "percent_statements_covered": 0.0, "percent_statements_covered_display": "0"}, "missing_lines": [112], "excluded_lines": []}, "update_forecast": {"executed_lines": [], "summary": {"covered_lines": 0, "num_statements": 1, "percent_covered": 0.0, "percent_covered_display": "0", "missing_lines": 1, "excluded_lines": 0, "percent_statements_covered": 0.0, "percent_statements_covered_display": "0"}, "missing_lines": [141], "excluded_lines": []}, "delete_forecast": {"executed_lines": [], "summary": {"covered_lines": 0, "num_statements": 1, "percent_covered": 0.0, "percent_covered_display": "0", "missing_lines": 1, "excluded_lines": 0, "percent_statements_covered": 0.0, "percent_statements_covered_display": "0"}, "missing_lines": [173], "excluded_lines": []}, "get_forecast_history": {"executed_lines": [], "summary": {"covered_lines": 0, "num_statements": 1, "percent_covered": 0.0, "percent_covered_display": "0", "missing_lines": 1, "excluded_lines": 0, "percent_statements_covered": 0.0, "percent_statements_covered_display": "0"}, "missing_lines": [200], "excluded_lines": []}, "get_forecast_comparison": {"executed_lines": [], "summary": {"covered_lines": 0, "num_statements": 1, "percent_covered": 0.0, "percent_covered_display": "0", "missing_lines": 1, "excluded_lines": 0, "percent_statements_covered": 0.0, "percent_statements_covered_display": "0"}, "missing_lines": [228], "excluded_lines": []}, "": {"executed_lines": [1, 3, 4, 6, 7, 9, 10, 11, 12, 13, 15, 18, 24, 30, 61, 68, 90, 96, 122, 128, 151, 157, 183, 189, 210, 216], "summary": {"covered_lines": 25, "num_statements": 25, "percent_covered": 100.0, "percent_covered_display": "100", "missing_lines": 0, "excluded_lines": 0, "percent_statements_covered": 100.0, "percent_statements_covered_display": "100"}, "missing_lines": [], "excluded_lines": []}}, "classes": {"": {"executed_lines": [1, 3, 4, 6, 7, 9, 10, 11, 12, 13, 15, 18, 24, 30, 61, 68, 90, 96, 122, 128, 151, 157, 183, 189, 210, 216], "summary": {"covered_lines": 25, "num_statements": 33, "percent_covered": 75.75757575757575, "percent_covered_display": "76", "missing_lines": 8, "excluded_lines": 0, "percent_statements_covered": 75.75757575757575, "percent_statements_covered_display": "76"}, "missing_lines": [21, 47, 80, 112, 141, 173, 200, 228], "excluded_lines": []}}}, "backend/app/api/routes/progress_entries.py": {"executed_lines": [1, 3, 4, 5, 7, 8, 10, 11, 12, 13, 14, 15, 20, 22, 25, 32, 38, 80, 87, 115, 121, 152, 158, 187, 193, 209, 215, 238, 244], "summary": {"covered_lines": 28, "num_statements": 63, "percent_covered": 44.44444444444444, "percent_covered_display": "44", "missing_lines": 35, "excluded_lines": 0, "percent_statements_covered": 44.44444444444444, "percent_statements_covered_display": "44"}, "missing_lines": [29, 54, 55, 56, 58, 60, 67, 70, 77, 102, 103, 107, 108, 109, 133, 135, 141, 143, 144, 149, 171, 172, 177, 178, 179, 183, 184, 203, 230, 235, 257, 259, 266, 269, 276], "excluded_lines": [], "functions": {"get_progress_entry_service": {"executed_lines": [], "summary": {"covered_lines": 0, "num_statements": 1, "percent_covered": 0.0, "percent_covered_display": "0", "missing_lines": 1, "excluded_lines": 0, "percent_statements_covered": 0.0, "percent_statements_covered_display": "0"}, "missing_lines": [29], "excluded_lines": []}, "read_progress_entries": {"executed_lines": [], "summary": {"covered_lines": 0, "num_statements": 8, "percent_covered": 0.0, "percent_covered_display": "0", "missing_lines": 8, "excluded_lines": 0, "percent_statements_covered": 0.0, "percent_statements_covered_display": "0"}, "missing_lines": [54, 55, 56, 58, 60, 67, 70, 77], "excluded_lines": []}, "create_progress_entry": {"executed_lines": [], "summary": {"covered_lines": 0, "num_statements": 5, "percent_covered": 0.0, "percent_covered_display": "0", "missing_lines": 5, "excluded_lines": 0, "percent_statements_covered": 0.0, "percent_statements_covered_display": "0"}, "missing_lines": [102, 103, 107, 108, 109], "excluded_lines": []}, "read_progress_entry": {"executed_lines": [], "summary": {"covered_lines": 0, "num_statements": 6, "percent_covered": 0.0, "percent_covered_display": "0", "missing_lines": 6, "excluded_lines": 0, "percent_statements_covered": 0.0, "percent_statements_covered_display": "0"}, "missing_lines": [133, 135, 141, 143, 144, 149], "excluded_lines": []}, "update_progress_entry": {"executed_lines": [], "summary": {"covered_lines": 0, "num_statements": 7, "percent_covered": 0.0, "percent_covered_display": "0", "missing_lines": 7, "excluded_lines": 0, "percent_statements_covered": 0.0, "percent_statements_covered_display": "0"}, "missing_lines": [171, 172, 177, 178, 179, 183, 184], "excluded_lines": []}, "delete_progress_entry": {"executed_lines": [], "summary": {"covered_lines": 0, "num_statements": 1, "percent_covered": 0.0, "percent_covered_display": "0", "missing_lines": 1, "excluded_lines": 0, "percent_statements_covered": 0.0, "percent_statements_covered_display": "0"}, "missing_lines": [203], "excluded_lines": []}, "read_latest_progress": {"executed_lines": [], "summary": {"covered_lines": 0, "num_statements": 2, "percent_covered": 0.0, "percent_covered_display": "0", "missing_lines": 2, "excluded_lines": 0, "percent_statements_covered": 0.0, "percent_statements_covered_display": "0"}, "missing_lines": [230, 235], "excluded_lines": []}, "read_progress_history": {"executed_lines": [], "summary": {"covered_lines": 0, "num_statements": 5, "percent_covered": 0.0, "percent_covered_display": "0", "missing_lines": 5, "excluded_lines": 0, "percent_statements_covered": 0.0, "percent_statements_covered_display": "0"}, "missing_lines": [257, 259, 266, 269, 276], "excluded_lines": []}, "": {"executed_lines": [1, 3, 4, 5, 7, 8, 10, 11, 12, 13, 14, 15, 20, 22, 25, 32, 38, 80, 87, 115, 121, 152, 158, 187, 193, 209, 215, 238, 244], "summary": {"covered_lines": 28, "num_statements": 28, "percent_covered": 100.0, "percent_covered_display": "100", "missing_lines": 0, "excluded_lines": 0, "percent_statements_covered": 100.0, "percent_statements_covered_display": "100"}, "missing_lines": [], "excluded_lines": []}}, "classes": {"": {"executed_lines": [1, 3, 4, 5, 7, 8, 10, 11, 12, 13, 14, 15, 20, 22, 25, 32, 38, 80, 87, 115, 121, 152, 158, 187, 193, 209, 215, 238, 244], "summary": {"covered_lines": 28, "num_statements": 63, "percent_covered": 44.44444444444444, "percent_covered_display": "44", "missing_lines": 35, "excluded_lines": 0, "percent_statements_covered": 44.44444444444444, "percent_statements_covered_display": "44"}, "missing_lines": [29, 54, 55, 56, 58, 60, 67, 70, 77, 102, 103, 107, 108, 109, 133, 135, 141, 143, 144, 149, 171, 172, 177, 178, 179, 183, 184, 203, 230, 235, 257, 259, 266, 269, 276], "excluded_lines": []}}}, "backend/app/api/routes/projects.py": {"executed_lines": [1, 3, 4, 5, 6, 8, 9, 11, 12, 13, 14, 15, 16, 21, 23, 26, 29, 32, 38, 120, 127, 133, 135, 155, 161, 189, 195, 214, 220, 239, 245, 259, 265, 1971, 1981, 1983, 1990], "summary": {"covered_lines": 32, "num_statements": 70, "percent_covered": 45.714285714285715, "percent_covered_display": "46", "missing_lines": 38, "excluded_lines": 0, "percent_statements_covered": 45.714285714285715, "percent_statements_covered_display": "46"}, "missing_lines": [75, 76, 79, 82, 84, 86, 99, 101, 104, 111, 113, 114, 136, 137, 142, 147, 148, 149, 174, 176, 179, 181, 182, 186, 202, 203, 209, 210, 211, 229, 230, 235, 236, 250, 251, 252, 256, 276], "excluded_lines": [], "functions": {"get_project_service": {"executed_lines": [29], "summary": {"covered_lines": 1, "num_statements": 1, "percent_covered": 100.0, "percent_covered_display": "100", "missing_lines": 0, "excluded_lines": 0, "percent_statements_covered": 100.0, "percent_statements_covered_display": "100"}, "missing_lines": [], "excluded_lines": []}, "read_projects": {"executed_lines": [], "summary": {"covered_lines": 0, "num_statements": 12, "percent_covered": 0.0, "percent_covered_display": "0", "missing_lines": 12, "excluded_lines": 0, "percent_statements_covered": 0.0, "percent_statements_covered_display": "0"}, "missing_lines": [75, 76, 79, 82, 84, 86, 99, 101, 104, 111, 113, 114], "excluded_lines": []}, "create_project": {"executed_lines": [133, 135], "summary": {"covered_lines": 2, "num_statements": 8, "percent_covered": 25.0, "percent_covered_display": "25", "missing_lines": 6, "excluded_lines": 0, "percent_statements_covered": 25.0, "percent_statements_covered_display": "25"}, "missing_lines": [136, 137, 142, 147, 148, 149], "excluded_lines": []}, "read_project": {"executed_lines": [], "summary": {"covered_lines": 0, "num_statements": 6, "percent_covered": 0.0, "percent_covered_display": "0", "missing_lines": 6, "excluded_lines": 0, "percent_statements_covered": 0.0, "percent_statements_covered_display": "0"}, "missing_lines": [174, 176, 179, 181, 182, 186], "excluded_lines": []}, "update_project": {"executed_lines": [], "summary": {"covered_lines": 0, "num_statements": 5, "percent_covered": 0.0, "percent_covered_display": "0", "missing_lines": 5, "excluded_lines": 0, "percent_statements_covered": 0.0, "percent_statements_covered_display": "0"}, "missing_lines": [202, 203, 209, 210, 211], "excluded_lines": []}, "delete_project": {"executed_lines": [], "summary": {"covered_lines": 0, "num_statements": 4, "percent_covered": 0.0, "percent_covered_display": "0", "missing_lines": 4, "excluded_lines": 0, "percent_statements_covered": 0.0, "percent_statements_covered_display": "0"}, "missing_lines": [229, 230, 235, 236], "excluded_lines": []}, "read_project_history": {"executed_lines": [], "summary": {"covered_lines": 0, "num_statements": 4, "percent_covered": 0.0, "percent_covered_display": "0", "missing_lines": 4, "excluded_lines": 0, "percent_statements_covered": 0.0, "percent_statements_covered_display": "0"}, "missing_lines": [250, 251, 252, 256], "excluded_lines": []}, "read_project_branches": {"executed_lines": [], "summary": {"covered_lines": 0, "num_statements": 1, "percent_covered": 0.0, "percent_covered_display": "0", "missing_lines": 1, "excluded_lines": 0, "percent_statements_covered": 0.0, "percent_statements_covered_display": "0"}, "missing_lines": [276], "excluded_lines": []}, "": {"executed_lines": [1, 3, 4, 5, 6, 8, 9, 11, 12, 13, 14, 15, 16, 21, 23, 26, 32, 38, 120, 127, 155, 161, 189, 195, 214, 220, 239, 245, 259, 265], "summary": {"covered_lines": 29, "num_statements": 29, "percent_covered": 100.0, "percent_covered_display": "100", "missing_lines": 0, "excluded_lines": 0, "percent_statements_covered": 100.0, "percent_statements_covered_display": "100"}, "missing_lines": [], "excluded_lines": []}}, "classes": {"": {"executed_lines": [1, 3, 4, 5, 6, 8, 9, 11, 12, 13, 14, 15, 16, 21, 23, 26, 29, 32, 38, 120, 127, 133, 135, 155, 161, 189, 195, 214, 220, 239, 245, 259, 265], "summary": {"covered_lines": 32, "num_statements": 70, "percent_covered": 45.714285714285715, "percent_covered_display": "46", "missing_lines": 38, "excluded_lines": 0, "percent_statements_covered": 45.714285714285715, "percent_statements_covered_display": "46"}, "missing_lines": [75, 76, 79, 82, 84, 86, 99, 101, 104, 111, 113, 114, 136, 137, 142, 147, 148, 149, 174, 176, 179, 181, 182, 186, 202, 203, 209, 210, 211, 229, 230, 235, 236, 250, 251, 252, 256, 276], "excluded_lines": []}}}, "backend/app/api/routes/schedule_baselines.py": {"executed_lines": [1, 3, 4, 5, 6, 7, 9, 10, 12, 13, 14, 15, 16, 21, 23, 26, 32, 38, 93, 100, 125, 131, 165, 171, 205, 211, 239, 245, 253, 258], "summary": {"covered_lines": 29, "num_statements": 90, "percent_covered": 32.22222222222222, "percent_covered_display": "32", "missing_lines": 61, "excluded_lines": 0, "percent_statements_covered": 32.22222222222222, "percent_statements_covered_display": "32"}, "missing_lines": [29, 46, 48, 50, 52, 55, 62, 63, 66, 68, 69, 70, 73, 76, 77, 80, 83, 90, 106, 109, 110, 112, 118, 119, 145, 147, 154, 156, 157, 162, 178, 180, 181, 184, 185, 186, 192, 194, 201, 202, 221, 222, 223, 224, 229, 235, 236, 250, 291, 292, 293, 299, 300, 301, 304, 310, 311, 312, 318, 323, 325], "excluded_lines": [], "functions": {"get_schedule_baseline_service": {"executed_lines": [], "summary": {"covered_lines": 0, "num_statements": 1, "percent_covered": 0.0, "percent_covered_display": "0", "missing_lines": 1, "excluded_lines": 0, "percent_statements_covered": 0.0, "percent_statements_covered_display": "0"}, "missing_lines": [29], "excluded_lines": []}, "read_schedule_baselines": {"executed_lines": [], "summary": {"covered_lines": 0, "num_statements": 17, "percent_covered": 0.0, "percent_covered_display": "0", "missing_lines": 17, "excluded_lines": 0, "percent_statements_covered": 0.0, "percent_statements_covered_display": "0"}, "missing_lines": [46, 48, 50, 52, 55, 62, 63, 66, 68, 69, 70, 73, 76, 77, 80, 83, 90], "excluded_lines": []}, "create_schedule_baseline": {"executed_lines": [], "summary": {"covered_lines": 0, "num_statements": 6, "percent_covered": 0.0, "percent_covered_display": "0", "missing_lines": 6, "excluded_lines": 0, "percent_statements_covered": 0.0, "percent_statements_covered_display": "0"}, "missing_lines": [106, 109, 110, 112, 118, 119], "excluded_lines": []}, "read_schedule_baseline": {"executed_lines": [], "summary": {"covered_lines": 0, "num_statements": 6, "percent_covered": 0.0, "percent_covered_display": "0", "missing_lines": 6, "excluded_lines": 0, "percent_statements_covered": 0.0, "percent_statements_covered_display": "0"}, "missing_lines": [145, 147, 154, 156, 157, 162], "excluded_lines": []}, "update_schedule_baseline": {"executed_lines": [], "summary": {"covered_lines": 0, "num_statements": 10, "percent_covered": 0.0, "percent_covered_display": "0", "missing_lines": 10, "excluded_lines": 0, "percent_statements_covered": 0.0, "percent_statements_covered_display": "0"}, "missing_lines": [178, 180, 181, 184, 185, 186, 192, 194, 201, 202], "excluded_lines": []}, "delete_schedule_baseline": {"executed_lines": [], "summary": {"covered_lines": 0, "num_statements": 7, "percent_covered": 0.0, "percent_covered_display": "0", "missing_lines": 7, "excluded_lines": 0, "percent_statements_covered": 0.0, "percent_statements_covered_display": "0"}, "missing_lines": [221, 222, 223, 224, 229, 235, 236], "excluded_lines": []}, "get_schedule_baseline_history": {"executed_lines": [], "summary": {"covered_lines": 0, "num_statements": 1, "percent_covered": 0.0, "percent_covered_display": "0", "missing_lines": 1, "excluded_lines": 0, "percent_statements_covered": 0.0, "percent_statements_covered_display": "0"}, "missing_lines": [250], "excluded_lines": []}, "calculate_planned_value": {"executed_lines": [], "summary": {"covered_lines": 0, "num_statements": 13, "percent_covered": 0.0, "percent_covered_display": "0", "missing_lines": 13, "excluded_lines": 0, "percent_statements_covered": 0.0, "percent_statements_covered_display": "0"}, "missing_lines": [291, 292, 293, 299, 300, 301, 304, 310, 311, 312, 318, 323, 325], "excluded_lines": []}, "": {"executed_lines": [1, 3, 4, 5, 6, 7, 9, 10, 12, 13, 14, 15, 16, 21, 23, 26, 32, 38, 93, 100, 125, 131, 165, 171, 205, 211, 239, 245, 253, 258], "summary": {"covered_lines": 29, "num_statements": 29, "percent_covered": 100.0, "percent_covered_display": "100", "missing_lines": 0, "excluded_lines": 0, "percent_statements_covered": 100.0, "percent_statements_covered_display": "100"}, "missing_lines": [], "excluded_lines": []}}, "classes": {"": {"executed_lines": [1, 3, 4, 5, 6, 7, 9, 10, 12, 13, 14, 15, 16, 21, 23, 26, 32, 38, 93, 100, 125, 131, 165, 171, 205, 211, 239, 245, 253, 258], "summary": {"covered_lines": 29, "num_statements": 90, "percent_covered": 32.22222222222222, "percent_covered_display": "32", "missing_lines": 61, "excluded_lines": 0, "percent_statements_covered": 32.22222222222222, "percent_statements_covered_display": "32"}, "missing_lines": [29, 46, 48, 50, 52, 55, 62, 63, 66, 68, 69, 70, 73, 76, 77, 80, 83, 90, 106, 109, 110, 112, 118, 119, 145, 147, 154, 156, 157, 162, 178, 180, 181, 184, 185, 186, 192, 194, 201, 202, 221, 222, 223, 224, 229, 235, 236, 250, 291, 292, 293, 299, 300, 301, 304, 310, 311, 312, 318, 323, 325], "excluded_lines": []}}}, "backend/app/api/routes/users.py": {"executed_lines": [1, 2, 3, 5, 7, 12, 13, 17, 18, 20, 23, 29, 41, 48, 69, 75, 91, 97, 119, 125, 151, 157, 187, 193, 211, 217], "summary": {"covered_lines": 26, "num_statements": 62, "percent_covered": 41.935483870967744, "percent_covered_display": "42", "missing_lines": 36, "excluded_lines": 0, "percent_statements_covered": 41.935483870967744, "percent_statements_covered_display": "42"}, "missing_lines": [38, 57, 60, 61, 62, 63, 83, 84, 85, 86, 88, 106, 108, 111, 112, 113, 136, 137, 142, 143, 144, 148, 169, 170, 175, 176, 179, 180, 181, 202, 203, 204, 205, 228, 229, 234], "excluded_lines": [], "functions": {"read_users": {"executed_lines": [], "summary": {"covered_lines": 0, "num_statements": 1, "percent_covered": 0.0, "percent_covered_display": "0", "missing_lines": 1, "excluded_lines": 0, "percent_statements_covered": 0.0, "percent_statements_covered_display": "0"}, "missing_lines": [38], "excluded_lines": []}, "create_user": {"executed_lines": [], "summary": {"covered_lines": 0, "num_statements": 5, "percent_covered": 0.0, "percent_covered_display": "0", "missing_lines": 5, "excluded_lines": 0, "percent_statements_covered": 0.0, "percent_statements_covered_display": "0"}, "missing_lines": [57, 60, 61, 62, 63], "excluded_lines": []}, "get_my_preferences": {"executed_lines": [], "summary": {"covered_lines": 0, "num_statements": 5, "percent_covered": 0.0, "percent_covered_display": "0", "missing_lines": 5, "excluded_lines": 0, "percent_statements_covered": 0.0, "percent_statements_covered_display": "0"}, "missing_lines": [83, 84, 85, 86, 88], "excluded_lines": []}, "update_my_preferences": {"executed_lines": [], "summary": {"covered_lines": 0, "num_statements": 5, "percent_covered": 0.0, "percent_covered_display": "0", "missing_lines": 5, "excluded_lines": 0, "percent_statements_covered": 0.0, "percent_statements_covered_display": "0"}, "missing_lines": [106, 108, 111, 112, 113], "excluded_lines": []}, "read_user": {"executed_lines": [], "summary": {"covered_lines": 0, "num_statements": 6, "percent_covered": 0.0, "percent_covered_display": "0", "missing_lines": 6, "excluded_lines": 0, "percent_statements_covered": 0.0, "percent_statements_covered_display": "0"}, "missing_lines": [136, 137, 142, 143, 144, 148], "excluded_lines": []}, "update_user": {"executed_lines": [], "summary": {"covered_lines": 0, "num_statements": 7, "percent_covered": 0.0, "percent_covered_display": "0", "missing_lines": 7, "excluded_lines": 0, "percent_statements_covered": 0.0, "percent_statements_covered_display": "0"}, "missing_lines": [169, 170, 175, 176, 179, 180, 181], "excluded_lines": []}, "delete_user": {"executed_lines": [], "summary": {"covered_lines": 0, "num_statements": 4, "percent_covered": 0.0, "percent_covered_display": "0", "missing_lines": 4, "excluded_lines": 0, "percent_statements_covered": 0.0, "percent_statements_covered_display": "0"}, "missing_lines": [202, 203, 204, 205], "excluded_lines": []}, "get_user_history": {"executed_lines": [], "summary": {"covered_lines": 0, "num_statements": 3, "percent_covered": 0.0, "percent_covered_display": "0", "missing_lines": 3, "excluded_lines": 0, "percent_statements_covered": 0.0, "percent_statements_covered_display": "0"}, "missing_lines": [228, 229, 234], "excluded_lines": []}, "": {"executed_lines": [1, 2, 3, 5, 7, 12, 13, 17, 18, 20, 23, 29, 41, 48, 69, 75, 91, 97, 119, 125, 151, 157, 187, 193, 211, 217], "summary": {"covered_lines": 26, "num_statements": 26, "percent_covered": 100.0, "percent_covered_display": "100", "missing_lines": 0, "excluded_lines": 0, "percent_statements_covered": 100.0, "percent_statements_covered_display": "100"}, "missing_lines": [], "excluded_lines": []}}, "classes": {"": {"executed_lines": [1, 2, 3, 5, 7, 12, 13, 17, 18, 20, 23, 29, 41, 48, 69, 75, 91, 97, 119, 125, 151, 157, 187, 193, 211, 217], "summary": {"covered_lines": 26, "num_statements": 62, "percent_covered": 41.935483870967744, "percent_covered_display": "42", "missing_lines": 36, "excluded_lines": 0, "percent_statements_covered": 41.935483870967744, "percent_statements_covered_display": "42"}, "missing_lines": [38, 57, 60, 61, 62, 63, 83, 84, 85, 86, 88, 106, 108, 111, 112, 113, 136, 137, 142, 143, 144, 148, 169, 170, 175, 176, 179, 180, 181, 202, 203, 204, 205, 228, 229, 234], "excluded_lines": []}}}, "backend/app/api/routes/wbes.py": {"executed_lines": [1, 3, 4, 5, 6, 8, 9, 11, 12, 13, 14, 15, 21, 23, 26, 29, 32, 38, 164, 171, 177, 183, 186, 206, 212, 241, 247, 267, 273, 290, 296, 310, 316, 1971, 1981, 1983, 1990], "summary": {"covered_lines": 32, "num_statements": 88, "percent_covered": 36.36363636363637, "percent_covered_display": "36", "missing_lines": 56, "excluded_lines": 0, "percent_statements_covered": 36.36363636363637, "percent_statements_covered_display": "36"}, "missing_lines": [88, 89, 90, 93, 96, 97, 99, 100, 101, 102, 104, 105, 106, 107, 115, 116, 119, 122, 124, 127, 129, 145, 148, 155, 157, 158, 189, 190, 195, 198, 199, 200, 226, 228, 231, 233, 234, 238, 254, 255, 256, 262, 263, 264, 282, 283, 286, 287, 301, 302, 303, 304, 321, 322, 323, 327], "excluded_lines": [], "functions": {"get_wbe_service": {"executed_lines": [29], "summary": {"covered_lines": 1, "num_statements": 1, "percent_covered": 100.0, "percent_covered_display": "100", "missing_lines": 0, "excluded_lines": 0, "percent_statements_covered": 100.0, "percent_statements_covered_display": "100"}, "missing_lines": [], "excluded_lines": []}, "read_wbes": {"executed_lines": [], "summary": {"covered_lines": 0, "num_statements": 26, "percent_covered": 0.0, "percent_covered_display": "0", "missing_lines": 26, "excluded_lines": 0, "percent_statements_covered": 0.0, "percent_statements_covered_display": "0"}, "missing_lines": [88, 89, 90, 93, 96, 97, 99, 100, 101, 102, 104, 105, 106, 107, 115, 116, 119, 122, 124, 127, 129, 145, 148, 155, 157, 158], "excluded_lines": []}, "create_wbe": {"executed_lines": [177, 183, 186], "summary": {"covered_lines": 3, "num_statements": 9, "percent_covered": 33.333333333333336, "percent_covered_display": "33", "missing_lines": 6, "excluded_lines": 0, "percent_statements_covered": 33.333333333333336, "percent_statements_covered_display": "33"}, "missing_lines": [189, 190, 195, 198, 199, 200], "excluded_lines": []}, "read_wbe": {"executed_lines": [], "summary": {"covered_lines": 0, "num_statements": 6, "percent_covered": 0.0, "percent_covered_display": "0", "missing_lines": 6, "excluded_lines": 0, "percent_statements_covered": 0.0, "percent_statements_covered_display": "0"}, "missing_lines": [226, 228, 231, 233, 234, 238], "excluded_lines": []}, "update_wbe": {"executed_lines": [], "summary": {"covered_lines": 0, "num_statements": 6, "percent_covered": 0.0, "percent_covered_display": "0", "missing_lines": 6, "excluded_lines": 0, "percent_statements_covered": 0.0, "percent_statements_covered_display": "0"}, "missing_lines": [254, 255, 256, 262, 263, 264], "excluded_lines": []}, "delete_wbe": {"executed_lines": [], "summary": {"covered_lines": 0, "num_statements": 4, "percent_covered": 0.0, "percent_covered_display": "0", "missing_lines": 4, "excluded_lines": 0, "percent_statements_covered": 0.0, "percent_statements_covered_display": "0"}, "missing_lines": [282, 283, 286, 287], "excluded_lines": []}, "read_wbe_breadcrumb": {"executed_lines": [], "summary": {"covered_lines": 0, "num_statements": 4, "percent_covered": 0.0, "percent_covered_display": "0", "missing_lines": 4, "excluded_lines": 0, "percent_statements_covered": 0.0, "percent_statements_covered_display": "0"}, "missing_lines": [301, 302, 303, 304], "excluded_lines": []}, "read_wbe_history": {"executed_lines": [], "summary": {"covered_lines": 0, "num_statements": 4, "percent_covered": 0.0, "percent_covered_display": "0", "missing_lines": 4, "excluded_lines": 0, "percent_statements_covered": 0.0, "percent_statements_covered_display": "0"}, "missing_lines": [321, 322, 323, 327], "excluded_lines": []}, "": {"executed_lines": [1, 3, 4, 5, 6, 8, 9, 11, 12, 13, 14, 15, 21, 23, 26, 32, 38, 164, 171, 206, 212, 241, 247, 267, 273, 290, 296, 310, 316], "summary": {"covered_lines": 28, "num_statements": 28, "percent_covered": 100.0, "percent_covered_display": "100", "missing_lines": 0, "excluded_lines": 0, "percent_statements_covered": 100.0, "percent_statements_covered_display": "100"}, "missing_lines": [], "excluded_lines": []}}, "classes": {"": {"executed_lines": [1, 3, 4, 5, 6, 8, 9, 11, 12, 13, 14, 15, 21, 23, 26, 29, 32, 38, 164, 171, 177, 183, 186, 206, 212, 241, 247, 267, 273, 290, 296, 310, 316], "summary": {"covered_lines": 32, "num_statements": 88, "percent_covered": 36.36363636363637, "percent_covered_display": "36", "missing_lines": 56, "excluded_lines": 0, "percent_statements_covered": 36.36363636363637, "percent_statements_covered_display": "36"}, "missing_lines": [88, 89, 90, 93, 96, 97, 99, 100, 101, 102, 104, 105, 106, 107, 115, 116, 119, 122, 124, 127, 129, 145, 148, 155, 157, 158, 189, 190, 195, 198, 199, 200, 226, 228, 231, 233, 234, 238, 254, 255, 256, 262, 263, 264, 282, 283, 286, 287, 301, 302, 303, 304, 321, 322, 323, 327], "excluded_lines": []}}}, "backend/app/commands/__init__.py": {"executed_lines": [], "summary": {"covered_lines": 0, "num_statements": 0, "percent_covered": 100.0, "percent_covered_display": "100", "missing_lines": 0, "excluded_lines": 0, "percent_statements_covered": 100.0, "percent_statements_covered_display": "100"}, "missing_lines": [], "excluded_lines": [], "functions": {"": {"executed_lines": [], "summary": {"covered_lines": 0, "num_statements": 0, "percent_covered": 100.0, "percent_covered_display": "100", "missing_lines": 0, "excluded_lines": 0, "percent_statements_covered": 100.0, "percent_statements_covered_display": "100"}, "missing_lines": [], "excluded_lines": []}}, "classes": {"": {"executed_lines": [], "summary": {"covered_lines": 0, "num_statements": 0, "percent_covered": 100.0, "percent_covered_display": "100", "missing_lines": 0, "excluded_lines": 0, "percent_statements_covered": 100.0, "percent_statements_covered_display": "100"}, "missing_lines": [], "excluded_lines": []}}}, "backend/app/core/__init__.py": {"executed_lines": [0], "summary": {"covered_lines": 0, "num_statements": 0, "percent_covered": 100.0, "percent_covered_display": "100", "missing_lines": 0, "excluded_lines": 0, "percent_statements_covered": 100.0, "percent_statements_covered_display": "100"}, "missing_lines": [], "excluded_lines": [], "functions": {"": {"executed_lines": [], "summary": {"covered_lines": 0, "num_statements": 0, "percent_covered": 100.0, "percent_covered_display": "100", "missing_lines": 0, "excluded_lines": 0, "percent_statements_covered": 100.0, "percent_statements_covered_display": "100"}, "missing_lines": [], "excluded_lines": []}}, "classes": {"": {"executed_lines": [], "summary": {"covered_lines": 0, "num_statements": 0, "percent_covered": 100.0, "percent_covered_display": "100", "missing_lines": 0, "excluded_lines": 0, "percent_statements_covered": 100.0, "percent_statements_covered_display": "100"}, "missing_lines": [], "excluded_lines": []}}}, "backend/app/core/base/__init__.py": {"executed_lines": [1, 3, 5], "summary": {"covered_lines": 2, "num_statements": 2, "percent_covered": 100.0, "percent_covered_display": "100", "missing_lines": 0, "excluded_lines": 0, "percent_statements_covered": 100.0, "percent_statements_covered_display": "100"}, "missing_lines": [], "excluded_lines": [], "functions": {"": {"executed_lines": [1, 3, 5], "summary": {"covered_lines": 2, "num_statements": 2, "percent_covered": 100.0, "percent_covered_display": "100", "missing_lines": 0, "excluded_lines": 0, "percent_statements_covered": 100.0, "percent_statements_covered_display": "100"}, "missing_lines": [], "excluded_lines": []}}, "classes": {"": {"executed_lines": [1, 3, 5], "summary": {"covered_lines": 2, "num_statements": 2, "percent_covered": 100.0, "percent_covered_display": "100", "missing_lines": 0, "excluded_lines": 0, "percent_statements_covered": 100.0, "percent_statements_covered_display": "100"}, "missing_lines": [], "excluded_lines": []}}}, "backend/app/core/base/base.py": {"executed_lines": [1, 9, 10, 12, 13, 14, 17, 18, 20, 23, 24, 29, 31, 34, 35, 43, 45, 48], "summary": {"covered_lines": 14, "num_statements": 14, "percent_covered": 100.0, "percent_covered_display": "100", "missing_lines": 0, "excluded_lines": 0, "percent_statements_covered": 100.0, "percent_statements_covered_display": "100"}, "missing_lines": [], "excluded_lines": [], "functions": {"": {"executed_lines": [1, 9, 10, 12, 13, 14, 17, 18, 20, 23, 24, 29, 31, 34, 35, 43, 45, 48], "summary": {"covered_lines": 14, "num_statements": 14, "percent_covered": 100.0, "percent_covered_display": "100", "missing_lines": 0, "excluded_lines": 0, "percent_statements_covered": 100.0, "percent_statements_covered_display": "100"}, "missing_lines": [], "excluded_lines": []}}, "classes": {"Base": {"executed_lines": [], "summary": {"covered_lines": 0, "num_statements": 0, "percent_covered": 100.0, "percent_covered_display": "100", "missing_lines": 0, "excluded_lines": 0, "percent_statements_covered": 100.0, "percent_statements_covered_display": "100"}, "missing_lines": [], "excluded_lines": []}, "EntityBase": {"executed_lines": [], "summary": {"covered_lines": 0, "num_statements": 0, "percent_covered": 100.0, "percent_covered_display": "100", "missing_lines": 0, "excluded_lines": 0, "percent_statements_covered": 100.0, "percent_statements_covered_display": "100"}, "missing_lines": [], "excluded_lines": []}, "SimpleEntityBase": {"executed_lines": [], "summary": {"covered_lines": 0, "num_statements": 0, "percent_covered": 100.0, "percent_covered_display": "100", "missing_lines": 0, "excluded_lines": 0, "percent_statements_covered": 100.0, "percent_statements_covered_display": "100"}, "missing_lines": [], "excluded_lines": []}, "": {"executed_lines": [1, 9, 10, 12, 13, 14, 17, 18, 20, 23, 24, 29, 31, 34, 35, 43, 45, 48], "summary": {"covered_lines": 14, "num_statements": 14, "percent_covered": 100.0, "percent_covered_display": "100", "missing_lines": 0, "excluded_lines": 0, "percent_statements_covered": 100.0, "percent_statements_covered_display": "100"}, "missing_lines": [], "excluded_lines": []}}}, "backend/app/core/branching/__init__.py": {"executed_lines": [1, 6, 7, 9], "summary": {"covered_lines": 3, "num_statements": 3, "percent_covered": 100.0, "percent_covered_display": "100", "missing_lines": 0, "excluded_lines": 0, "percent_statements_covered": 100.0, "percent_statements_covered_display": "100"}, "missing_lines": [], "excluded_lines": [], "functions": {"": {"executed_lines": [1, 6, 7, 9], "summary": {"covered_lines": 3, "num_statements": 3, "percent_covered": 100.0, "percent_covered_display": "100", "missing_lines": 0, "excluded_lines": 0, "percent_statements_covered": 100.0, "percent_statements_covered_display": "100"}, "missing_lines": [], "excluded_lines": []}}, "classes": {"": {"executed_lines": [1, 6, 7, 9], "summary": {"covered_lines": 3, "num_statements": 3, "percent_covered": 100.0, "percent_covered_display": "100", "missing_lines": 0, "excluded_lines": 0, "percent_statements_covered": 100.0, "percent_statements_covered_display": "100"}, "missing_lines": [], "excluded_lines": []}}}, "backend/app/core/branching/commands.py": {"executed_lines": [1, 6, 7, 8, 10, 11, 13, 14, 15, 17, 20, 21, 26, 28, 37, 51, 52, 54, 95, 96, 98, 112, 154, 155, 157, 173, 295, 296, 298, 310, 372, 373, 375, 387, 451, 452, 459, 467, 468, 469, 471, 473, 474, 479, 480, 481, 482, 1971, 1981, 1983, 1990], "summary": {"covered_lines": 40, "num_statements": 145, "percent_covered": 27.586206896551722, "percent_covered_display": "28", "missing_lines": 105, "excluded_lines": 0, "percent_statements_covered": 27.586206896551722, "percent_statements_covered_display": "28"}, "missing_lines": [66, 72, 73, 76, 83, 84, 86, 87, 107, 108, 109, 110, 119, 122, 123, 124, 129, 132, 133, 136, 137, 146, 149, 150, 151, 166, 167, 168, 171, 178, 181, 182, 183, 187, 188, 190, 191, 199, 204, 207, 208, 212, 213, 222, 236, 237, 242, 248, 257, 261, 262, 267, 271, 272, 281, 289, 290, 292, 306, 307, 308, 313, 314, 315, 321, 322, 323, 329, 340, 342, 347, 349, 350, 353, 354, 363, 366, 367, 369, 383, 384, 385, 390, 391, 392, 395, 396, 397, 398, 399, 401, 402, 408, 419, 421, 426, 428, 429, 432, 433, 442, 445, 446, 448, 475], "excluded_lines": [], "functions": {"BranchCommandABC._get_current_on_branch": {"executed_lines": [37, 51, 52], "summary": {"covered_lines": 3, "num_statements": 3, "percent_covered": 100.0, "percent_covered_display": "100", "missing_lines": 0, "excluded_lines": 0, "percent_statements_covered": 100.0, "percent_statements_covered_display": "100"}, "missing_lines": [], "excluded_lines": []}, "BranchCommandABC._check_overlap": {"executed_lines": [], "summary": {"covered_lines": 0, "num_statements": 8, "percent_covered": 0.0, "percent_covered_display": "0", "missing_lines": 8, "excluded_lines": 0, "percent_statements_covered": 0.0, "percent_statements_covered_display": "0"}, "missing_lines": [66, 72, 73, 76, 83, 84, 86, 87], "excluded_lines": []}, "CreateBranchCommand.__init__": {"executed_lines": [], "summary": {"covered_lines": 0, "num_statements": 4, "percent_covered": 0.0, "percent_covered_display": "0", "missing_lines": 4, "excluded_lines": 0, "percent_statements_covered": 0.0, "percent_statements_covered_display": "0"}, "missing_lines": [107, 108, 109, 110], "excluded_lines": []}, "CreateBranchCommand.execute": {"executed_lines": [], "summary": {"covered_lines": 0, "num_statements": 13, "percent_covered": 0.0, "percent_covered_display": "0", "missing_lines": 13, "excluded_lines": 0, "percent_statements_covered": 0.0, "percent_statements_covered_display": "0"}, "missing_lines": [119, 122, 123, 124, 129, 132, 133, 136, 137, 146, 149, 150, 151], "excluded_lines": []}, "UpdateCommand.__init__": {"executed_lines": [], "summary": {"covered_lines": 0, "num_statements": 4, "percent_covered": 0.0, "percent_covered_display": "0", "missing_lines": 4, "excluded_lines": 0, "percent_statements_covered": 0.0, "percent_statements_covered_display": "0"}, "missing_lines": [166, 167, 168, 171], "excluded_lines": []}, "UpdateCommand.execute": {"executed_lines": [], "summary": {"covered_lines": 0, "num_statements": 29, "percent_covered": 0.0, "percent_covered_display": "0", "missing_lines": 29, "excluded_lines": 0, "percent_statements_covered": 0.0, "percent_statements_covered_display": "0"}, "missing_lines": [178, 181, 182, 183, 187, 188, 190, 191, 199, 204, 207, 208, 212, 213, 222, 236, 237, 242, 248, 257, 261, 262, 267, 271, 272, 281, 289, 290, 292], "excluded_lines": []}, "MergeBranchCommand.__init__": {"executed_lines": [], "summary": {"covered_lines": 0, "num_statements": 3, "percent_covered": 0.0, "percent_covered_display": "0", "missing_lines": 3, "excluded_lines": 0, "percent_statements_covered": 0.0, "percent_statements_covered_display": "0"}, "missing_lines": [306, 307, 308], "excluded_lines": []}, "MergeBranchCommand.execute": {"executed_lines": [], "summary": {"covered_lines": 0, "num_statements": 18, "percent_covered": 0.0, "percent_covered_display": "0", "missing_lines": 18, "excluded_lines": 0, "percent_statements_covered": 0.0, "percent_statements_covered_display": "0"}, "missing_lines": [313, 314, 315, 321, 322, 323, 329, 340, 342, 347, 349, 350, 353, 354, 363, 366, 367, 369], "excluded_lines": []}, "RevertCommand.__init__": {"executed_lines": [], "summary": {"covered_lines": 0, "num_statements": 3, "percent_covered": 0.0, "percent_covered_display": "0", "missing_lines": 3, "excluded_lines": 0, "percent_statements_covered": 0.0, "percent_statements_covered_display": "0"}, "missing_lines": [383, 384, 385], "excluded_lines": []}, "RevertCommand.execute": {"executed_lines": [], "summary": {"covered_lines": 0, "num_statements": 22, "percent_covered": 0.0, "percent_covered_display": "0", "missing_lines": 22, "excluded_lines": 0, "percent_statements_covered": 0.0, "percent_statements_covered_display": "0"}, "missing_lines": [390, 391, 392, 395, 396, 397, 398, 399, 401, 402, 408, 419, 421, 426, 428, 429, 432, 433, 442, 445, 446, 448], "excluded_lines": []}, "BranchableSoftDeleteCommand.__init__": {"executed_lines": [467, 468, 469], "summary": {"covered_lines": 3, "num_statements": 3, "percent_covered": 100.0, "percent_covered_display": "100", "missing_lines": 0, "excluded_lines": 0, "percent_statements_covered": 100.0, "percent_statements_covered_display": "100"}, "missing_lines": [], "excluded_lines": []}, "BranchableSoftDeleteCommand.execute": {"executed_lines": [473, 474, 479, 480, 481, 482], "summary": {"covered_lines": 6, "num_statements": 7, "percent_covered": 85.71428571428571, "percent_covered_display": "86", "missing_lines": 1, "excluded_lines": 0, "percent_statements_covered": 85.71428571428571, "percent_statements_covered_display": "86"}, "missing_lines": [475], "excluded_lines": []}, "": {"executed_lines": [1, 6, 7, 8, 10, 11, 13, 14, 15, 17, 20, 21, 26, 28, 54, 95, 96, 98, 112, 154, 155, 157, 173, 295, 296, 298, 310, 372, 373, 375, 387, 451, 452, 459, 471], "summary": {"covered_lines": 28, "num_statements": 28, "percent_covered": 100.0, "percent_covered_display": "100", "missing_lines": 0, "excluded_lines": 0, "percent_statements_covered": 100.0, "percent_statements_covered_display": "100"}, "missing_lines": [], "excluded_lines": []}}, "classes": {"BranchCommandABC": {"executed_lines": [37, 51, 52], "summary": {"covered_lines": 3, "num_statements": 11, "percent_covered": 27.272727272727273, "percent_covered_display": "27", "missing_lines": 8, "excluded_lines": 0, "percent_statements_covered": 27.272727272727273, "percent_statements_covered_display": "27"}, "missing_lines": [66, 72, 73, 76, 83, 84, 86, 87], "excluded_lines": []}, "CreateBranchCommand": {"executed_lines": [], "summary": {"covered_lines": 0, "num_statements": 17, "percent_covered": 0.0, "percent_covered_display": "0", "missing_lines": 17, "excluded_lines": 0, "percent_statements_covered": 0.0, "percent_statements_covered_display": "0"}, "missing_lines": [107, 108, 109, 110, 119, 122, 123, 124, 129, 132, 133, 136, 137, 146, 149, 150, 151], "excluded_lines": []}, "UpdateCommand": {"executed_lines": [], "summary": {"covered_lines": 0, "num_statements": 33, "percent_covered": 0.0, "percent_covered_display": "0", "missing_lines": 33, "excluded_lines": 0, "percent_statements_covered": 0.0, "percent_statements_covered_display": "0"}, "missing_lines": [166, 167, 168, 171, 178, 181, 182, 183, 187, 188, 190, 191, 199, 204, 207, 208, 212, 213, 222, 236, 237, 242, 248, 257, 261, 262, 267, 271, 272, 281, 289, 290, 292], "excluded_lines": []}, "MergeBranchCommand": {"executed_lines": [], "summary": {"covered_lines": 0, "num_statements": 21, "percent_covered": 0.0, "percent_covered_display": "0", "missing_lines": 21, "excluded_lines": 0, "percent_statements_covered": 0.0, "percent_statements_covered_display": "0"}, "missing_lines": [306, 307, 308, 313, 314, 315, 321, 322, 323, 329, 340, 342, 3
[...]
"missing_lines": 0, "excluded_lines": 0, "percent_statements_covered": 100.0, "percent_statements_covered_display": "100"}, "missing_lines": [], "excluded_lines": []}, "ScheduleBaselineService.get_for_cost_element": {"executed_lines": [208, 214, 215, 218, 219], "summary": {"covered_lines": 5, "num_statements": 6, "percent_covered": 83.33333333333333, "percent_covered_display": "83", "missing_lines": 1, "excluded_lines": 0, "percent_statements_covered": 83.33333333333333, "percent_statements_covered_display": "83"}, "missing_lines": [222], "excluded_lines": []}, "ScheduleBaselineService.ensure_exists": {"executed_lines": [245, 246, 250, 251, 253, 254, 256, 269, 280, 281, 283, 284, 285, 287], "summary": {"covered_lines": 14, "num_statements": 15, "percent_covered": 93.33333333333333, "percent_covered_display": "93", "missing_lines": 1, "excluded_lines": 0, "percent_statements_covered": 93.33333333333333, "percent_statements_covered_display": "93"}, "missing_lines": [247], "excluded_lines": []}, "ScheduleBaselineService.create_for_cost_element": {"executed_lines": [], "summary": {"covered_lines": 0, "num_statements": 13, "percent_covered": 0.0, "percent_covered_display": "0", "missing_lines": 13, "excluded_lines": 0, "percent_statements_covered": 0.0, "percent_statements_covered_display": "0"}, "missing_lines": [324, 325, 326, 331, 333, 334, 348, 359, 360, 362, 363, 364, 366], "excluded_lines": []}, "ScheduleBaselineService._get_base_stmt": {"executed_lines": [], "summary": {"covered_lines": 0, "num_statements": 2, "percent_covered": 0.0, "percent_covered_display": "0", "missing_lines": 2, "excluded_lines": 0, "percent_statements_covered": 0.0, "percent_statements_covered_display": "0"}, "missing_lines": [375, 386], "excluded_lines": []}, "": {"executed_lines": [1, 6, 7, 8, 10, 11, 13, 14, 15, 16, 17, 20, 21, 31, 46, 47, 53, 61, 90, 125, 159, 177, 192, 224, 289, 368], "summary": {"covered_lines": 23, "num_statements": 23, "percent_covered": 100.0, "percent_covered_display": "100", "missing_lines": 0, "excluded_lines": 0, "percent_statements_covered": 100.0, "percent_statements_covered_display": "100"}, "missing_lines": [], "excluded_lines": []}}, "classes": {"BaselineAlreadyExistsError": {"executed_lines": [], "summary": {"covered_lines": 0, "num_statements": 3, "percent_covered": 0.0, "percent_covered_display": "0", "missing_lines": 3, "excluded_lines": 0, "percent_statements_covered": 0.0, "percent_statements_covered_display": "0"}, "missing_lines": [38, 39, 40], "excluded_lines": []}, "ScheduleBaselineService": {"executed_lines": [59, 113, 115, 123, 185, 208, 214, 215, 218, 219, 245, 246, 250, 251, 253, 254, 256, 269, 280, 281, 283, 284, 285, 287], "summary": {"covered_lines": 24, "num_statements": 50, "percent_covered": 48.0, "percent_covered_display": "48", "missing_lines": 26, "excluded_lines": 0, "percent_statements_covered": 48.0, "percent_statements_covered_display": "48"}, "missing_lines": [76, 87, 88, 143, 145, 147, 163, 174, 175, 222, 247, 324, 325, 326, 331, 333, 334, 348, 359, 360, 362, 363, 364, 366, 375, 386], "excluded_lines": []}, "": {"executed_lines": [1, 6, 7, 8, 10, 11, 13, 14, 15, 16, 17, 20, 21, 31, 46, 47, 53, 61, 90, 125, 159, 177, 192, 224, 289, 368], "summary": {"covered_lines": 23, "num_statements": 23, "percent_covered": 100.0, "percent_covered_display": "100", "missing_lines": 0, "excluded_lines": 0, "percent_statements_covered": 100.0, "percent_statements_covered_display": "100"}, "missing_lines": [], "excluded_lines": []}}}, "backend/app/services/user.py": {"executed_lines": [1, 6, 7, 8, 10, 11, 13, 14, 19, 20, 21, 22, 25, 26, 31, 34, 38, 42, 62, 83, 108, 117, 121, 156, 163], "summary": {"covered_lines": 23, "num_statements": 61, "percent_covered": 37.704918032786885, "percent_covered_display": "38", "missing_lines": 38, "excluded_lines": 0, "percent_statements_covered": 37.704918032786885, "percent_statements_covered_display": "38"}, "missing_lines": [32, 36, 40, 45, 47, 49, 59, 60, 64, 67, 68, 69, 72, 73, 75, 81, 88, 90, 91, 92, 100, 106, 110, 115, 119, 154, 158, 159, 160, 161, 167, 168, 169, 172, 173, 176, 177, 179], "excluded_lines": [], "functions": {"UserService.__init__": {"executed_lines": [], "summary": {"covered_lines": 0, "num_statements": 1, "percent_covered": 0.0, "percent_covered_display": "0", "missing_lines": 1, "excluded_lines": 0, "percent_statements_covered": 0.0, "percent_statements_covered_display": "0"}, "missing_lines": [32], "excluded_lines": []}, "UserService.get_user": {"executed_lines": [], "summary": {"covered_lines": 0, "num_statements": 1, "percent_covered": 0.0, "percent_covered_display": "0", "missing_lines": 1, "excluded_lines": 0, "percent_statements_covered": 0.0, "percent_statements_covered_display": "0"}, "missing_lines": [36], "excluded_lines": []}, "UserService.get_users": {"executed_lines": [], "summary": {"covered_lines": 0, "num_statements": 1, "percent_covered": 0.0, "percent_covered_display": "0", "missing_lines": 1, "excluded_lines": 0, "percent_statements_covered": 0.0, "percent_statements_covered_display": "0"}, "missing_lines": [40], "excluded_lines": []}, "UserService.get_by_email": {"executed_lines": [], "summary": {"covered_lines": 0, "num_statements": 5, "percent_covered": 0.0, "percent_covered_display": "0", "missing_lines": 5, "excluded_lines": 0, "percent_statements_covered": 0.0, "percent_statements_covered_display": "0"}, "missing_lines": [45, 47, 49, 59, 60], "excluded_lines": []}, "UserService.create_user": {"executed_lines": [], "summary": {"covered_lines": 0, "num_statements": 8, "percent_covered": 0.0, "percent_covered_display": "0", "missing_lines": 8, "excluded_lines": 0, "percent_statements_covered": 0.0, "percent_statements_covered_display": "0"}, "missing_lines": [64, 67, 68, 69, 72, 73, 75, 81], "excluded_lines": []}, "UserService.update_user": {"executed_lines": [], "summary": {"covered_lines": 0, "num_statements": 6, "percent_covered": 0.0, "percent_covered_display": "0", "missing_lines": 6, "excluded_lines": 0, "percent_statements_covered": 0.0, "percent_statements_covered_display": "0"}, "missing_lines": [88, 90, 91, 92, 100, 106], "excluded_lines": []}, "UserService.delete_user": {"executed_lines": [], "summary": {"covered_lines": 0, "num_statements": 2, "percent_covered": 0.0, "percent_covered_display": "0", "missing_lines": 2, "excluded_lines": 0, "percent_statements_covered": 0.0, "percent_statements_covered_display": "0"}, "missing_lines": [110, 115], "excluded_lines": []}, "UserService.get_user_history": {"executed_lines": [], "summary": {"covered_lines": 0, "num_statements": 1, "percent_covered": 0.0, "percent_covered_display": "0", "missing_lines": 1, "excluded_lines": 0, "percent_statements_covered": 0.0, "percent_statements_covered_display": "0"}, "missing_lines": [119], "excluded_lines": []}, "UserService.get_user_as_of": {"executed_lines": [], "summary": {"covered_lines": 0, "num_statements": 1, "percent_covered": 0.0, "percent_covered_display": "0", "missing_lines": 1, "excluded_lines": 0, "percent_statements_covered": 0.0, "percent_statements_covered_display": "0"}, "missing_lines": [154], "excluded_lines": []}, "UserService.get_user_preferences": {"executed_lines": [], "summary": {"covered_lines": 0, "num_statements": 4, "percent_covered": 0.0, "percent_covered_display": "0", "missing_lines": 4, "excluded_lines": 0, "percent_statements_covered": 0.0, "percent_statements_covered_display": "0"}, "missing_lines": [158, 159, 160, 161], "excluded_lines": []}, "UserService.update_user_preferences": {"executed_lines": [], "summary": {"covered_lines": 0, "num_statements": 8, "percent_covered": 0.0, "percent_covered_display": "0", "missing_lines": 8, "excluded_lines": 0, "percent_statements_covered": 0.0, "percent_statements_covered_display": "0"}, "missing_lines": [167, 168, 169, 172, 173, 176, 177, 179], "excluded_lines": []}, "": {"executed_lines": [1, 6, 7, 8, 10, 11, 13, 14, 19, 20, 21, 22, 25, 26, 31, 34, 38, 42, 62, 83, 108, 117, 121, 156, 163], "summary": {"covered_lines": 23, "num_statements": 23, "percent_covered": 100.0, "percent_covered_display": "100", "missing_lines": 0, "excluded_lines": 0, "percent_statements_covered": 100.0, "percent_statements_covered_display": "100"}, "missing_lines": [], "excluded_lines": []}}, "classes": {"UserService": {"executed_lines": [], "summary": {"covered_lines": 0, "num_statements": 38, "percent_covered": 0.0, "percent_covered_display": "0", "missing_lines": 38, "excluded_lines": 0, "percent_statements_covered": 0.0, "percent_statements_covered_display": "0"}, "missing_lines": [32, 36, 40, 45, 47, 49, 59, 60, 64, 67, 68, 69, 72, 73, 75, 81, 88, 90, 91, 92, 100, 106, 110, 115, 119, 154, 158, 159, 160, 161, 167, 168, 169, 172, 173, 176, 177, 179], "excluded_lines": []}, "": {"executed_lines": [1, 6, 7, 8, 10, 11, 13, 14, 19, 20, 21, 22, 25, 26, 31, 34, 38, 42, 62, 83, 108, 117, 121, 156, 163], "summary": {"covered_lines": 23, "num_statements": 23, "percent_covered": 100.0, "percent_covered_display": "100", "missing_lines": 0, "excluded_lines": 0, "percent_statements_covered": 100.0, "percent_statements_covered_display": "100"}, "missing_lines": [], "excluded_lines": []}}}, "backend/app/services/wbe.py": {"executed_lines": [1, 6, 7, 8, 9, 11, 12, 13, 15, 16, 17, 18, 19, 20, 23, 24, 30, 31, 33, 57, 92, 101, 102, 119, 121, 127, 129, 131, 134, 136, 141, 145, 151, 155, 280, 299, 342, 346, 348, 350, 361, 365, 369, 371, 374, 375, 378, 384, 386, 393, 395, 436, 481, 550, 579, 685, 710, 761, 1971, 1981, 1983, 1990], "summary": {"covered_lines": 56, "num_statements": 220, "percent_covered": 25.454545454545453, "percent_covered_display": "25", "missing_lines": 164, "excluded_lines": 0, "percent_statements_covered": 25.454545454545453, "percent_statements_covered_display": "25"}, "missing_lines": [39, 41, 43, 54, 55, 80, 82, 90, 106, 108, 109, 110, 111, 112, 113, 114, 116, 118, 138, 192, 194, 196, 200, 203, 209, 211, 214, 220, 221, 224, 225, 228, 229, 230, 238, 240, 242, 243, 246, 247, 251, 252, 253, 254, 257, 259, 260, 262, 263, 264, 266, 269, 272, 275, 276, 278, 282, 284, 286, 296, 297, 315, 317, 320, 327, 328, 331, 333, 336, 338, 339, 340, 362, 363, 379, 380, 381, 382, 403, 405, 408, 414, 416, 417, 418, 419, 420, 421, 422, 425, 427, 434, 457, 458, 459, 462, 465, 466, 474, 493, 495, 496, 500, 519, 520, 537, 538, 539, 542, 543, 544, 545, 546, 548, 562, 564, 566, 576, 577, 593, 595, 596, 598, 601, 602, 603, 606, 617, 618, 620, 621, 625, 644, 645, 662, 663, 664, 667, 687, 689, 691, 701, 702, 703, 704, 706, 707, 708, 712, 714, 715, 718, 726, 727, 736, 751, 752, 753, 754, 755, 756, 757, 759, 794], "excluded_lines": [], "functions": {"WBEService.__init__": {"executed_lines": [31], "summary": {"covered_lines": 1, "num_statements": 1, "percent_covered": 100.0, "percent_covered_display": "100", "missing_lines": 0, "excluded_lines": 0, "percent_statements_covered": 100.0, "percent_statements_covered_display": "100"}, "missing_lines": [], "excluded_lines": []}, "WBEService.get_current": {"executed_lines": [], "summary": {"covered_lines": 0, "num_statements": 5, "percent_covered": 0.0, "percent_covered_display": "0", "missing_lines": 5, "excluded_lines": 0, "percent_statements_covered": 0.0, "percent_statements_covered_display": "0"}, "missing_lines": [39, 41, 43, 54, 55], "excluded_lines": []}, "WBEService.create_root": {"executed_lines": [], "summary": {"covered_lines": 0, "num_statements": 3, "percent_covered": 0.0, "percent_covered_display": "0", "missing_lines": 3, "excluded_lines": 0, "percent_statements_covered": 0.0, "percent_statements_covered_display": "0"}, "missing_lines": [80, 82, 90], "excluded_lines": []}, "WBEService._resolve_parent_names": {"executed_lines": [101, 102, 119], "summary": {"covered_lines": 3, "num_statements": 13, "percent_covered": 23.076923076923077, "percent_covered_display": "23", "missing_lines": 10, "excluded_lines": 0, "percent_statements_covered": 23.076923076923077, "percent_statements_covered_display": "23"}, "missing_lines": [106, 108, 109, 110, 111, 112, 113, 114, 116, 118], "excluded_lines": []}, "WBEService._get_base_stmt": {"executed_lines": [127, 129, 131, 134, 136, 141, 145, 151], "summary": {"covered_lines": 8, "num_statements": 9, "percent_covered": 88.88888888888889, "percent_covered_display": "89", "missing_lines": 1, "excluded_lines": 0, "percent_statements_covered": 88.88888888888889, "percent_statements_covered_display": "89"}, "missing_lines": [138], "excluded_lines": []}, "WBEService.get_wbes": {"executed_lines": [], "summary": {"covered_lines": 0, "num_statements": 37, "percent_covered": 0.0, "percent_covered_display": "0", "missing_lines": 37, "excluded_lines": 0, "percent_statements_covered": 0.0, "percent_statements_covered_display": "0"}, "missing_lines": [192, 194, 196, 200, 203, 209, 211, 214, 220, 221, 224, 225, 228, 229, 230, 238, 240, 242, 243, 246, 247, 251, 252, 253, 254, 257, 259, 260, 262, 263, 264, 266, 269, 272, 275, 276, 278], "excluded_lines": []}, "WBEService.get_by_project": {"executed_lines": [], "summary": {"covered_lines": 0, "num_statements": 5, "percent_covered": 0.0, "percent_covered_display": "0", "missing_lines": 5, "excluded_lines": 0, "percent_statements_covered": 0.0, "percent_statements_covered_display": "0"}, "missing_lines": [282, 284, 286, 296, 297], "excluded_lines": []}, "WBEService.get_by_parent": {"executed_lines": [], "summary": {"covered_lines": 0, "num_statements": 11, "percent_covered": 0.0, "percent_covered_display": "0", "missing_lines": 11, "excluded_lines": 0, "percent_statements_covered": 0.0, "percent_statements_covered_display": "0"}, "missing_lines": [315, 317, 320, 327, 328, 331, 333, 336, 338, 339, 340], "excluded_lines": []}, "WBEService.get_by_code": {"executed_lines": [346, 348, 350, 361], "summary": {"covered_lines": 4, "num_statements": 6, "percent_covered": 66.66666666666667, "percent_covered_display": "67", "missing_lines": 2, "excluded_lines": 0, "percent_statements_covered": 66.66666666666667, "percent_statements_covered_display": "67"}, "missing_lines": [362, 363], "excluded_lines": []}, "WBEService.create_wbe": {"executed_lines": [369, 371, 374, 375, 378, 384, 386, 393], "summary": {"covered_lines": 8, "num_statements": 12, "percent_covered": 66.66666666666667, "percent_covered_display": "67", "missing_lines": 4, "excluded_lines": 0, "percent_statements_covered": 66.66666666666667, "percent_statements_covered_display": "67"}, "missing_lines": [379, 380, 381, 382], "excluded_lines": []}, "WBEService.update_wbe": {"executed_lines": [], "summary": {"covered_lines": 0, "num_statements": 14, "percent_covered": 0.0, "percent_covered_display": "0", "missing_lines": 14, "excluded_lines": 0, "percent_statements_covered": 0.0, "percent_statements_covered_display": "0"}, "missing_lines": [403, 405, 408, 414, 416, 417, 418, 419, 420, 421, 422, 425, 427, 434], "excluded_lines": []}, "WBEService.delete_wbe": {"executed_lines": [], "summary": {"covered_lines": 0, "num_statements": 7, "percent_covered": 0.0, "percent_covered_display": "0", "missing_lines": 7, "excluded_lines": 0, "percent_statements_covered": 0.0, "percent_statements_covered_display": "0"}, "missing_lines": [457, 458, 459, 462, 465, 466, 474], "excluded_lines": []}, "WBEService._get_all_descendants": {"executed_lines": [], "summary": {"covered_lines": 0, "num_statements": 15, "percent_covered": 0.0, "percent_covered_display": "0", "missing_lines": 15, "excluded_lines": 0, "percent_statements_covered": 0.0, "percent_statements_covered_display": "0"}, "missing_lines": [493, 495, 496, 500, 519, 520, 537, 538, 539, 542, 543, 544, 545, 546, 548], "excluded_lines": []}, "WBEService.get_children_count": {"executed_lines": [], "summary": {"covered_lines": 0, "num_statements": 5, "percent_covered": 0.0, "percent_covered_display": "0", "missing_lines": 5, "excluded_lines": 0, "percent_statements_covered": 0.0, "percent_statements_covered_display": "0"}, "missing_lines": [562, 564, 566, 576, 577], "excluded_lines": []}, "WBEService.get_breadcrumb": {"executed_lines": [], "summary": {"covered_lines": 0, "num_statements": 19, "percent_covered": 0.0, "percent_covered_display": "0", "missing_lines": 19, "excluded_lines": 0, "percent_statements_covered": 0.0, "percent_statements_covered_display": "0"}, "missing_lines": [593, 595, 596, 598, 601, 602, 603, 606, 617, 618, 620, 621, 625, 644, 645, 662, 663, 664, 667], "excluded_lines": []}, "WBEService.get_by_root_id": {"executed_lines": [], "summary": {"covered_lines": 0, "num_statements": 10, "percent_covered": 0.0, "percent_covered_display": "0", "missing_lines": 10, "excluded_lines": 0, "percent_statements_covered": 0.0, "percent_statements_covered_display": "0"}, "missing_lines": [687, 689, 691, 701, 702, 703, 704, 706, 707, 708], "excluded_lines": []}, "WBEService.get_wbe_history": {"executed_lines": [], "summary": {"covered_lines": 0, "num_statements": 15, "percent_covered": 0.0, "percent_covered_display": "0", "missing_lines": 15, "excluded_lines": 0, "percent_statements_covered": 0.0, "percent_statements_covered_display": "0"}, "missing_lines": [712, 714, 715, 718, 726, 727, 736, 751, 752, 753, 754, 755, 756, 757, 759], "excluded_lines": []}, "WBEService.get_wbe_as_of": {"executed_lines": [], "summary": {"covered_lines": 0, "num_statements": 1, "percent_covered": 0.0, "percent_covered_display": "0", "missing_lines": 1, "excluded_lines": 0, "percent_statements_covered": 0.0, "percent_statements_covered_display": "0"}, "missing_lines": [794], "excluded_lines": []}, "": {"executed_lines": [1, 6, 7, 8, 9, 11, 12, 13, 15, 16, 17, 18, 19, 20, 23, 24, 30, 33, 57, 92, 121, 155, 280, 299, 342, 365, 395, 436, 481, 550, 579, 685, 710, 761], "summary": {"covered_lines": 32, "num_statements": 32, "percent_covered": 100.0, "percent_covered_display": "100", "missing_lines": 0, "excluded_lines": 0, "percent_statements_covered": 100.0, "percent_statements_covered_display": "100"}, "missing_lines": [], "excluded_lines": []}}, "classes": {"WBEService": {"executed_lines": [31, 101, 102, 119, 127, 129, 131, 134, 136, 141, 145, 151, 346, 348, 350, 361, 369, 371, 374, 375, 378, 384, 386, 393], "summary": {"covered_lines": 24, "num_statements": 188, "percent_covered": 12.76595744680851, "percent_covered_display": "13", "missing_lines": 164, "excluded_lines": 0, "percent_statements_covered": 12.76595744680851, "percent_statements_covered_display": "13"}, "missing_lines": [39, 41, 43, 54, 55, 80, 82, 90, 106, 108, 109, 110, 111, 112, 113, 114, 116, 118, 138, 192, 194, 196, 200, 203, 209, 211, 214, 220, 221, 224, 225, 228, 229, 230, 238, 240, 242, 243, 246, 247, 251, 252, 253, 254, 257, 259, 260, 262, 263, 264, 266, 269, 272, 275, 276, 278, 282, 284, 286, 296, 297, 315, 317, 320, 327, 328, 331, 333, 336, 338, 339, 340, 362, 363, 379, 380, 381, 382, 403, 405, 408, 414, 416, 417, 418, 419, 420, 421, 422, 425, 427, 434, 457, 458, 459, 462, 465, 466, 474, 493, 495, 496, 500, 519, 520, 537, 538, 539, 542, 543, 544, 545, 546, 548, 562, 564, 566, 576, 577, 593, 595, 596, 598, 601, 602, 603, 606, 617, 618, 620, 621, 625, 644, 645, 662, 663, 664, 667, 687, 689, 691, 701, 702, 703, 704, 706, 707, 708, 712, 714, 715, 718, 726, 727, 736, 751, 752, 753, 754, 755, 756, 757, 759, 794], "excluded_lines": []}, "": {"executed_lines": [1, 6, 7, 8, 9, 11, 12, 13, 15, 16, 17, 18, 19, 20, 23, 24, 30, 33, 57, 92, 121, 155, 280, 299, 342, 365, 395, 436, 481, 550, 579, 685, 710, 761], "summary": {"covered_lines": 32, "num_statements": 32, "percent_covered": 100.0, "percent_covered_display": "100", "missing_lines": 0, "excluded_lines": 0, "percent_statements_covered": 100.0, "percent_statements_covered_display": "100"}, "missing_lines": [], "excluded_lines": []}}}}, "totals": {"covered_lines": 2186, "num_statements": 4803, "percent_covered": 45.51322090360191, "percent_covered_display": "46", "missing_lines": 2617, "excluded_lines": 51, "percent_statements_covered": 45.51322090360191, "percent_statements_covered_display": "46"}}