{"meta": {"format": 3, "version": "7.13.4", "timestamp": "2026-03-12T00:23:01.041850", "branch_coverage": false, "show_contexts": false}, "files": {"app/__init__.py": {"executed_lines": [], "summary": {"covered_lines": 0, "num_statements": 0, "percent_covered": 100.0, "percent_covered_display": "100.00", "missing_lines": 0, "excluded_lines": 0, "percent_statements_covered": 100.0, "percent_statements_covered_display": "100.00"}, "missing_lines": [], "excluded_lines": [], "functions": {"": {"executed_lines": [], "summary": {"covered_lines": 0, "num_statements": 0, "percent_covered": 100.0, "percent_covered_display": "100.00", "missing_lines": 0, "excluded_lines": 0, "percent_statements_covered": 100.0, "percent_statements_covered_display": "100.00"}, "missing_lines": [], "excluded_lines": [], "start_line": 1}}, "classes": {"": {"executed_lines": [], "summary": {"covered_lines": 0, "num_statements": 0, "percent_covered": 100.0, "percent_covered_display": "100.00", "missing_lines": 0, "excluded_lines": 0, "percent_statements_covered": 100.0, "percent_statements_covered_display": "100.00"}, "missing_lines": [], "excluded_lines": [], "start_line": 1}}}, "app/ai/__init__.py": {"executed_lines": [9, 10, 12], "summary": {"covered_lines": 3, "num_statements": 3, "percent_covered": 100.0, "percent_covered_display": "100.00", "missing_lines": 0, "excluded_lines": 0, "percent_statements_covered": 100.0, "percent_statements_covered_display": "100.00"}, "missing_lines": [], "excluded_lines": [], "functions": {"": {"executed_lines": [9, 10, 12], "summary": {"covered_lines": 3, "num_statements": 3, "percent_covered": 100.0, "percent_covered_display": "100.00", "missing_lines": 0, "excluded_lines": 0, "percent_statements_covered": 100.0, "percent_statements_covered_display": "100.00"}, "missing_lines": [], "excluded_lines": [], "start_line": 1}}, "classes": {"": {"executed_lines": [9, 10, 12], "summary": {"covered_lines": 3, "num_statements": 3, "percent_covered": 100.0, "percent_covered_display": "100.00", "missing_lines": 0, "excluded_lines": 0, "percent_statements_covered": 100.0, "percent_statements_covered_display": "100.00"}, "missing_lines": [], "excluded_lines": [], "start_line": 1}}}, "app/ai/agent_service.py": {"executed_lines": [6, 7, 8, 10, 11, 18, 19, 20, 22, 23, 24, 30, 39, 42, 94, 98, 118, 121, 124, 154, 183, 336, 620, 640, 667], "summary": {"covered_lines": 25, "num_statements": 225, "percent_covered": 11.11111111111111, "percent_covered_display": "11.11", "missing_lines": 200, "excluded_lines": 0, "percent_statements_covered": 11.11111111111111, "percent_statements_covered_display": "11.11"}, "missing_lines": [59, 61, 64, 65, 66, 67, 68, 69, 70, 71, 72, 75, 76, 79, 80, 88, 90, 92, 122, 140, 141, 142, 143, 146, 147, 148, 151, 152, 176, 209, 210, 211, 212, 215, 219, 220, 221, 222, 223, 224, 227, 232, 233, 236, 239, 240, 243, 248, 257, 258, 260, 263, 264, 266, 267, 268, 271, 272, 279, 282, 292, 293, 294, 295, 296, 297, 299, 300, 303, 304, 306, 307, 309, 310, 319, 326, 327, 330, 368, 369, 370, 371, 374, 378, 379, 380, 381, 382, 383, 386, 391, 392, 393, 396, 399, 400, 403, 408, 417, 418, 420, 423, 424, 426, 427, 428, 431, 432, 439, 442, 443, 444, 446, 447, 449, 458, 459, 462, 463, 464, 467, 468, 469, 470, 472, 474, 475, 476, 477, 484, 486, 487, 490, 491, 492, 493, 494, 501, 503, 504, 507, 508, 509, 512, 513, 515, 516, 518, 521, 527, 530, 531, 532, 535, 541, 543, 544, 551, 553, 554, 557, 558, 559, 562, 563, 565, 566, 572, 574, 575, 577, 578, 585, 587, 590, 597, 598, 599, 600, 603, 604, 611, 613, 615, 634, 637, 638, 655, 656, 657, 658, 659, 660, 661, 662, 664, 665, 683, 688, 689], "excluded_lines": [], "functions": {"_extract_client_config": {"executed_lines": [], "summary": {"covered_lines": 0, "num_statements": 18, "percent_covered": 0.0, "percent_covered_display": "0.00", "missing_lines": 18, "excluded_lines": 0, "percent_statements_covered": 0.0, "percent_statements_covered_display": "0.00"}, "missing_lines": [59, 61, 64, 65, 66, 67, 68, 69, 70, 71, 72, 75, 76, 79, 80, 88, 90, 92], "excluded_lines": [], "start_line": 42}, "AgentService.__init__": {"executed_lines": [], "summary": {"covered_lines": 0, "num_statements": 1, "percent_covered": 0.0, "percent_covered_display": "0.00", "missing_lines": 1, "excluded_lines": 0, "percent_statements_covered": 0.0, "percent_statements_covered_display": "0.00"}, "missing_lines": [122], "excluded_lines": [], "start_line": 121}, "AgentService._get_llm_client_config": {"executed_lines": [], "summary": {"covered_lines": 0, "num_statements": 9, "percent_covered": 0.0, "percent_covered_display": "0.00", "missing_lines": 9, "excluded_lines": 0, "percent_statements_covered": 0.0, "percent_statements_covered_display": "0.00"}, "missing_lines": [140, 141, 142, 143, 146, 147, 148, 151, 152], "excluded_lines": [], "start_line": 124}, "AgentService._create_langchain_llm": {"executed_lines": [], "summary": {"covered_lines": 0, "num_statements": 1, "percent_covered": 0.0, "percent_covered_display": "0.00", "missing_lines": 1, "excluded_lines": 0, "percent_statements_covered": 0.0, "percent_statements_covered_display": "0.00"}, "missing_lines": [176], "excluded_lines": [], "start_line": 154}, "AgentService.chat": {"executed_lines": [], "summary": {"covered_lines": 0, "num_statements": 49, "percent_covered": 0.0, "percent_covered_display": "0.00", "missing_lines": 49, "excluded_lines": 0, "percent_statements_covered": 0.0, "percent_statements_covered_display": "0.00"}, "missing_lines": [209, 210, 211, 212, 215, 219, 220, 221, 222, 223, 224, 227, 232, 233, 236, 239, 240, 243, 248, 257, 258, 260, 263, 264, 266, 267, 268, 271, 272, 279, 282, 292, 293, 294, 295, 296, 297, 299, 300, 303, 304, 306, 307, 309, 310, 319, 326, 327, 330], "excluded_lines": [], "start_line": 183}, "AgentService.chat_stream": {"executed_lines": [], "summary": {"covered_lines": 0, "num_statements": 106, "percent_covered": 0.0, "percent_covered_display": "0.00", "missing_lines": 106, "excluded_lines": 0, "percent_statements_covered": 0.0, "percent_statements_covered_display": "0.00"}, "missing_lines": [368, 369, 370, 371, 374, 378, 379, 380, 381, 382, 383, 386, 391, 392, 393, 396, 399, 400, 403, 408, 417, 418, 420, 423, 424, 426, 427, 428, 431, 432, 439, 442, 443, 444, 446, 447, 449, 458, 459, 462, 463, 464, 467, 468, 469, 470, 472, 474, 475, 476, 477, 484, 486, 487, 490, 491, 492, 493, 494, 501, 503, 504, 507, 508, 509, 512, 513, 515, 516, 518, 521, 527, 530, 531, 532, 535, 541, 543, 544, 551, 553, 554, 557, 558, 559, 562, 563, 565, 566, 572, 574, 575, 577, 578, 585, 587, 590, 597, 598, 599, 600, 603, 604, 611, 613, 615], "excluded_lines": [], "start_line": 336}, "AgentService._get_session": {"executed_lines": [], "summary": {"covered_lines": 0, "num_statements": 3, "percent_covered": 0.0, "percent_covered_display": "0.00", "missing_lines": 3, "excluded_lines": 0, "percent_statements_covered": 0.0, "percent_statements_covered_display": "0.00"}, "missing_lines": [634, 637, 638], "excluded_lines": [], "start_line": 620}, "AgentService._build_conversation_history": {"executed_lines": [], "summary": {"covered_lines": 0, "num_statements": 10, "percent_covered": 0.0, "percent_covered_display": "0.00", "missing_lines": 10, "excluded_lines": 0, "percent_statements_covered": 0.0, "percent_statements_covered_display": "0.00"}, "missing_lines": [655, 656, 657, 658, 659, 660, 661, 662, 664, 665], "excluded_lines": [], "start_line": 640}, "AgentService._get_session_messages": {"executed_lines": [], "summary": {"covered_lines": 0, "num_statements": 3, "percent_covered": 0.0, "percent_covered_display": "0.00", "missing_lines": 3, "excluded_lines": 0, "percent_statements_covered": 0.0, "percent_statements_covered_display": "0.00"}, "missing_lines": [683, 688, 689], "excluded_lines": [], "start_line": 667}, "": {"executed_lines": [6, 7, 8, 10, 11, 18, 19, 20, 22, 23, 24, 30, 39, 42, 94, 98, 118, 121, 124, 154, 183, 336, 620, 640, 667], "summary": {"covered_lines": 25, "num_statements": 25, "percent_covered": 100.0, "percent_covered_display": "100.00", "missing_lines": 0, "excluded_lines": 0, "percent_statements_covered": 100.0, "percent_statements_covered_display": "100.00"}, "missing_lines": [], "excluded_lines": [], "start_line": 1}}, "classes": {"AgentService": {"executed_lines": [], "summary": {"covered_lines": 0, "num_statements": 182, "percent_covered": 0.0, "percent_covered_display": "0.00", "missing_lines": 182, "excluded_lines": 0, "percent_statements_covered": 0.0, "percent_statements_covered_display": "0.00"}, "missing_lines": [122, 140, 141, 142, 143, 146, 147, 148, 151, 152, 176, 209, 210, 211, 212, 215, 219, 220, 221, 222, 223, 224, 227, 232, 233, 236, 239, 240, 243, 248, 257, 258, 260, 263, 264, 266, 267, 268, 271, 272, 279, 282, 292, 293, 294, 295, 296, 297, 299, 300, 303, 304, 306, 307, 309, 310, 319, 326, 327, 330, 368, 369, 370, 371, 374, 378, 379, 380, 381, 382, 383, 386, 391, 392, 393, 396, 399, 400, 403, 408, 417, 418, 420, 423, 424, 426, 427, 428, 431, 432, 439, 442, 443, 444, 446, 447, 449, 458, 459, 462, 463, 464, 467, 468, 469, 470, 472, 474, 475, 476, 477, 484, 486, 487, 490, 491, 492, 493, 494, 501, 503, 504, 507, 508, 509, 512, 513, 515, 516, 518, 521, 527, 530, 531, 532, 535, 541, 543, 544, 551, 553, 554, 557, 558, 559, 562, 563, 565, 566, 572, 574, 575, 577, 578, 585, 587, 590, 597, 598, 599, 600, 603, 604, 611, 613, 615, 634, 637, 638, 655, 656, 657, 658, 659, 660, 661, 662, 664, 665, 683, 688, 689], "excluded_lines": [], "start_line": 118}, "": {"executed_lines": [6, 7, 8, 10, 11, 18, 19, 20, 22, 23, 24, 30, 39, 42, 94, 98, 118, 121, 124, 154, 183, 336, 620, 640, 667], "summary": {"covered_lines": 25, "num_statements": 43, "percent_covered": 58.13953488372093, "percent_covered_display": "58.14", "missing_lines": 18, "excluded_lines": 0, "percent_statements_covered": 58.13953488372093, "percent_statements_covered_display": "58.14"}, "missing_lines": [59, 61, 64, 65, 66, 67, 68, 69, 70, 71, 72, 75, 76, 79, 80, 88, 90, 92], "excluded_lines": [], "start_line": 1}}}, "app/ai/graph.py": {"executed_lines": [7, 8, 10, 11, 12, 13, 14, 16, 17, 18, 21, 24, 27, 73, 142, 224], "summary": {"covered_lines": 16, "num_statements": 76, "percent_covered": 21.05263157894737, "percent_covered_display": "21.05", "missing_lines": 60, "excluded_lines": 0, "percent_statements_covered": 21.05263157894737, "percent_statements_covered_display": "21.05"}, "missing_lines": [50, 51, 53, 54, 56, 59, 60, 63, 65, 66, 67, 70, 101, 118, 119, 123, 127, 130, 131, 132, 134, 139, 179, 184, 189, 190, 192, 193, 194, 197, 201, 212, 216, 219, 221, 263, 265, 268, 269, 270, 271, 275, 277, 279, 280, 281, 282, 284, 286, 288, 292, 293, 294, 298, 299, 302, 304, 306, 308, 311], "excluded_lines": [], "functions": {"should_continue": {"executed_lines": [], "summary": {"covered_lines": 0, "num_statements": 12, "percent_covered": 0.0, "percent_covered_display": "0.00", "missing_lines": 12, "excluded_lines": 0, "percent_statements_covered": 0.0, "percent_statements_covered_display": "0.00"}, "missing_lines": [50, 51, 53, 54, 56, 59, 60, 63, 65, 66, 67, 70], "excluded_lines": [], "start_line": 27}, "create_agent_node": {"executed_lines": [], "summary": {"covered_lines": 0, "num_statements": 2, "percent_covered": 0.0, "percent_covered_display": "0.00", "missing_lines": 2, "excluded_lines": 0, "percent_statements_covered": 0.0, "percent_statements_covered_display": "0.00"}, "missing_lines": [101, 139], "excluded_lines": [], "start_line": 73}, "create_agent_node.agent_node": {"executed_lines": [], "summary": {"covered_lines": 0, "num_statements": 8, "percent_covered": 0.0, "percent_covered_display": "0.00", "missing_lines": 8, "excluded_lines": 0, "percent_statements_covered": 0.0, "percent_statements_covered_display": "0.00"}, "missing_lines": [118, 119, 123, 127, 130, 131, 132, 134], "excluded_lines": [], "start_line": 101}, "create_graph": {"executed_lines": [], "summary": {"covered_lines": 0, "num_statements": 13, "percent_covered": 0.0, "percent_covered_display": "0.00", "missing_lines": 13, "excluded_lines": 0, "percent_statements_covered": 0.0, "percent_statements_covered_display": "0.00"}, "missing_lines": [179, 184, 189, 190, 192, 193, 194, 197, 201, 212, 216, 219, 221], "excluded_lines": [], "start_line": 142}, "export_graphviz": {"executed_lines": [], "summary": {"covered_lines": 0, "num_statements": 25, "percent_covered": 0.0, "percent_covered_display": "0.00", "missing_lines": 25, "excluded_lines": 0, "percent_statements_covered": 0.0, "percent_statements_covered_display": "0.00"}, "missing_lines": [263, 265, 268, 269, 270, 271, 275, 277, 279, 280, 281, 282, 284, 286, 288, 292, 293, 294, 298, 299, 302, 304, 306, 308, 311], "excluded_lines": [], "start_line": 224}, "": {"executed_lines": [7, 8, 10, 11, 12, 13, 14, 16, 17, 18, 21, 24, 27, 73, 142, 224], "summary": {"covered_lines": 16, "num_statements": 16, "percent_covered": 100.0, "percent_covered_display": "100.00", "missing_lines": 0, "excluded_lines": 0, "percent_statements_covered": 100.0, "percent_statements_covered_display": "100.00"}, "missing_lines": [], "excluded_lines": [], "start_line": 1}}, "classes": {"": {"executed_lines": [7, 8, 10, 11, 12, 13, 14, 16, 17, 18, 21, 24, 27, 73, 142, 224], "summary": {"covered_lines": 16, "num_statements": 76, "percent_covered": 21.05263157894737, "percent_covered_display": "21.05", "missing_lines": 60, "excluded_lines": 0, "percent_statements_covered": 21.05263157894737, "percent_statements_covered_display": "21.05"}, "missing_lines": [50, 51, 53, 54, 56, 59, 60, 63, 65, 66, 67, 70, 101, 118, 119, 123, 127, 130, 131, 132, 134, 139, 179, 184, 189, 190, 192, 193, 194, 197, 201, 212, 216, 219, 221, 263, 265, 268, 269, 270, 271, 275, 277, 279, 280, 281, 282, 284, 286, 288, 292, 293, 294, 298, 299, 302, 304, 306, 308, 311], "excluded_lines": [], "start_line": 1}}}, "app/ai/llm_client.py": {"executed_lines": [23, 24, 25, 27, 29, 30, 32, 35, 38, 39, 119, 127, 139, 186], "summary": {"covered_lines": 14, "num_statements": 86, "percent_covered": 16.27906976744186, "percent_covered_display": "16.28", "missing_lines": 72, "excluded_lines": 0, "percent_statements_covered": 16.27906976744186, "percent_statements_covered_display": "16.28"}, "missing_lines": [57, 59, 60, 61, 62, 65, 66, 67, 68, 69, 70, 71, 72, 73, 76, 77, 80, 82, 94, 95, 96, 98, 106, 108, 109, 111, 134, 135, 136, 155, 157, 165, 168, 169, 170, 171, 172, 174, 176, 177, 178, 179, 180, 181, 182, 183, 209, 210, 218, 220, 221, 222, 223, 224, 225, 226, 228, 229, 230, 231, 232, 233, 234, 235, 236, 237, 238, 239, 240, 241, 242, 243], "excluded_lines": [], "functions": {"LLMClientFactory.create_client": {"executed_lines": [], "summary": {"covered_lines": 0, "num_statements": 26, "percent_covered": 0.0, "percent_covered_display": "0.00", "missing_lines": 26, "excluded_lines": 0, "percent_statements_covered": 0.0, "percent_statements_covered_display": "0.00"}, "missing_lines": [57, 59, 60, 61, 62, 65, 66, 67, 68, 69, 70, 71, 72, 73, 76, 77, 80, 82, 94, 95, 96, 98, 106, 108, 109, 111], "excluded_lines": [], "start_line": 39}, "LLMStreamingError.__init__": {"executed_lines": [], "summary": {"covered_lines": 0, "num_statements": 3, "percent_covered": 0.0, "percent_covered_display": "0.00", "missing_lines": 3, "excluded_lines": 0, "percent_statements_covered": 0.0, "percent_statements_covered_display": "0.00"}, "missing_lines": [134, 135, 136], "excluded_lines": [], "start_line": 127}, "verify_streaming_capability": {"executed_lines": [], "summary": {"covered_lines": 0, "num_statements": 17, "percent_covered": 0.0, "percent_covered_display": "0.00", "missing_lines": 17, "excluded_lines": 0, "percent_statements_covered": 0.0, "percent_statements_covered_display": "0.00"}, "missing_lines": [155, 157, 165, 168, 169, 170, 171, 172, 174, 176, 177, 178, 179, 180, 181, 182, 183], "excluded_lines": [], "start_line": 139}, "stream_with_error_handling": {"executed_lines": [], "summary": {"covered_lines": 0, "num_statements": 26, "percent_covered": 0.0, "percent_covered_display": "0.00", "missing_lines": 26, "excluded_lines": 0, "percent_statements_covered": 0.0, "percent_statements_covered_display": "0.00"}, "missing_lines": [209, 210, 218, 220, 221, 222, 223, 224, 225, 226, 228, 229, 230, 231, 232, 233, 234, 235, 236, 237, 238, 239, 240, 241, 242, 243], "excluded_lines": [], "start_line": 186}, "": {"executed_lines": [23, 24, 25, 27, 29, 30, 32, 35, 38, 39, 119, 127, 139, 186], "summary": {"covered_lines": 14, "num_statements": 14, "percent_covered": 100.0, "percent_covered_display": "100.00", "missing_lines": 0, "excluded_lines": 0, "percent_statements_covered": 100.0, "percent_statements_covered_display": "100.00"}, "missing_lines": [], "excluded_lines": [], "start_line": 1}}, "classes": {"LLMClientFactory": {"executed_lines": [], "summary": {"covered_lines": 0, "num_statements": 26, "percent_covered": 0.0, "percent_covered_display": "0.00", "missing_lines": 26, "excluded_lines": 0, "percent_statements_covered": 0.0, "percent_statements_covered_display": "0.00"}, "missing_lines": [57, 59, 60, 61, 62, 65, 66, 67, 68, 69, 70, 71, 72, 73, 76, 77, 80, 82, 94, 95, 96, 98, 106, 108, 109, 111], "excluded_lines": [], "start_line": 35}, "LLMStreamingError": {"executed_lines": [], "summary": {"covered_lines": 0, "num_statements": 3, "percent_covered": 0.0, "percent_covered_display": "0.00", "missing_lines": 3, "excluded_lines": 0, "percent_statements_covered": 0.0, "percent_statements_covered_display": "0.00"}, "missing_lines": [134, 135, 136], "excluded_lines": [], "start_line": 119}, "": {"executed_lines": [23, 24, 25, 27, 29, 30, 32, 35, 38, 39, 119, 127, 139, 186], "summary": {"covered_lines": 14, "num_statements": 57, "percent_covered": 24.56140350877193, "percent_covered_display": "24.56", "missing_lines": 43, "excluded_lines": 0, "percent_statements_covered": 24.56140350877193, "percent_statements_covered_display": "24.56"}, "missing_lines": [155, 157, 165, 168, 169, 170, 171, 172, 174, 176, 177, 178, 179, 180, 181, 182, 183, 209, 210, 218, 220, 221, 222, 223, 224, 225, 226, 228, 229, 230, 231, 232, 233, 234, 235, 236, 237, 238, 239, 240, 241, 242, 243], "excluded_lines": [], "start_line": 1}}}, "app/ai/monitoring.py": {"executed_lines": [], "summary": {"covered_lines": 0, "num_statements": 64, "percent_covered": 0.0, "percent_covered_display": "0.00", "missing_lines": 64, "excluded_lines": 0, "percent_statements_covered": 0.0, "percent_statements_covered_display": "0.00"}, "missing_lines": [7, 8, 9, 10, 11, 12, 13, 15, 18, 19, 30, 31, 32, 33, 34, 36, 38, 47, 48, 59, 60, 61, 63, 69, 70, 71, 73, 79, 80, 89, 95, 96, 97, 98, 99, 100, 103, 104, 107, 108, 110, 119, 120, 146, 147, 148, 150, 151, 152, 153, 154, 155, 156, 159, 162, 170, 171, 175, 180, 181, 184, 194, 197, 207], "excluded_lines": [], "functions": {"ToolExecutionMetrics.to_dict": {"executed_lines": [], "summary": {"covered_lines": 0, "num_statements": 1, "percent_covered": 0.0, "percent_covered_display": "0.00", "missing_lines": 1, "excluded_lines": 0, "percent_statements_covered": 0.0, "percent_statements_covered_display": "0.00"}, "missing_lines": [38], "excluded_lines": [], "start_line": 36}, "MonitoringContext.add_execution": {"executed_lines": [], "summary": {"covered_lines": 0, "num_statements": 3, "percent_covered": 0.0, "percent_covered_display": "0.00", "missing_lines": 3, "excluded_lines": 0, "percent_statements_covered": 0.0, "percent_statements_covered_display": "0.00"}, "missing_lines": [69, 70, 71], "excluded_lines": [], "start_line": 63}, "MonitoringContext.get_summary": {"executed_lines": [], "summary": {"covered_lines": 0, "num_statements": 14, "percent_covered": 0.0, "percent_covered_display": "0.00", "missing_lines": 14, "excluded_lines": 0, "percent_statements_covered": 0.0, "percent_statements_covered_display": "0.00"}, "missing_lines": [79, 80, 89, 95, 96, 97, 98, 99, 100, 103, 104, 107, 108, 110], "excluded_lines": [], "start_line": 73}, "monitor_tool_execution": {"executed_lines": [], "summary": {"covered_lines": 0, "num_statements": 17, "percent_covered": 0.0, "percent_covered_display": "0.00", "missing_lines": 17, "excluded_lines": 0, "percent_statements_covered": 0.0, "percent_statements_covered_display": "0.00"}, "missing_lines": [146, 147, 148, 150, 151, 152, 153, 154, 155, 156, 159, 162, 170, 171, 175, 180, 181], "excluded_lines": [], "start_line": 120}, "log_tool_call": {"executed_lines": [], "summary": {"covered_lines": 0, "num_statements": 1, "percent_covered": 0.0, "percent_covered_display": "0.00", "missing_lines": 1, "excluded_lines": 0, "percent_statements_covered": 0.0, "percent_statements_covered_display": "0.00"}, "missing_lines": [194], "excluded_lines": [], "start_line": 184}, "log_tool_result": {"executed_lines": [], "summary": {"covered_lines": 0, "num_statements": 1, "percent_covered": 0.0, "percent_covered_display": "0.00", "missing_lines": 1, "excluded_lines": 0, "percent_statements_covered": 0.0, "percent_statements_covered_display": "0.00"}, "missing_lines": [207], "excluded_lines": [], "start_line": 197}, "": {"executed_lines": [], "summary": {"covered_lines": 0, "num_statements": 27, "percent_covered": 0.0, "percent_covered_display": "0.00", "missing_lines": 27, "excluded_lines": 0, "percent_statements_covered": 0.0, "percent_statements_covered_display": "0.00"}, "missing_lines": [7, 8, 9, 10, 11, 12, 13, 15, 18, 19, 30, 31, 32, 33, 34, 36, 47, 48, 59, 60, 61, 63, 73, 119, 120, 184, 197], "excluded_lines": [], "start_line": 1}}, "classes": {"ToolExecutionMetrics": {"executed_lines": [], "summary": {"covered_lines": 0, "num_statements": 1, "percent_covered": 0.0, "percent_covered_display": "0.00", "missing_lines": 1, "excluded_lines": 0, "percent_statements_covered": 0.0, "percent_statements_covered_display": "0.00"}, "missing_lines": [38], "excluded_lines": [], "start_line": 19}, "MonitoringContext": {"executed_lines": [], "summary": {"covered_lines": 0, "num_statements": 17, "percent_covered": 0.0, "percent_covered_display": "0.00", "missing_lines": 17, "excluded_lines": 0, "percent_statements_covered": 0.0, "percent_statements_covered_display": "0.00"}, "missing_lines": [69, 70, 71, 79, 80, 89, 95, 96, 97, 98, 99, 100, 103, 104, 107, 108, 110], "excluded_lines": [], "start_line": 48}, "": {"executed_lines": [], "summary": {"covered_lines": 0, "num_statements": 46, "percent_covered": 0.0, "percent_covered_display": "0.00", "missing_lines": 46, "excluded_lines": 0, "percent_statements_covered": 0.0, "percent_statements_covered_display": "0.00"}, "missing_lines": [7, 8, 9, 10, 11, 12, 13, 15, 18, 19, 30, 31, 32, 33, 34, 36, 47, 48, 59, 60, 61, 63, 73, 119, 120, 146, 147, 148, 150, 151, 152, 153, 154, 155, 156, 159, 162, 170, 171, 175, 180, 181, 184, 194, 197, 207], "excluded_lines": [], "start_line": 1}}}, "app/ai/state.py": {"executed_lines": [7, 8, 10, 11, 14, 28, 29, 30], "summary": {"covered_lines": 8, "num_statements": 8, "percent_covered": 100.0, "percent_covered_display": "100.00", "missing_lines": 0, "excluded_lines": 0, "percent_statements_covered": 100.0, "percent_statements_covered_display": "100.00"}, "missing_lines": [], "excluded_lines": [], "functions": {"": {"executed_lines": [7, 8, 10, 11, 14, 28, 29, 30], "summary": {"covered_lines": 8, "num_statements": 8, "percent_covered": 100.0, "percent_covered_display": "100.00", "missing_lines": 0, "excluded_lines": 0, "percent_statements_covered": 100.0, "percent_statements_covered_display": "100.00"}, "missing_lines": [], "excluded_lines": [], "start_line": 1}}, "classes": {"AgentState": {"executed_lines": [], "summary": {"covered_lines": 0, "num_statements": 0, "percent_covered": 100.0, "percent_covered_display": "100.00", "missing_lines": 0, "excluded_lines": 0, "percent_statements_covered": 100.0, "percent_statements_covered_display": "100.00"}, "missing_lines": [], "excluded_lines": [], "start_line": 14}, "": {"executed_lines": [7, 8, 10, 11, 14, 28, 29, 30], "summary": {"covered_lines": 8, "num_statements": 8, "percent_covered": 100.0, "percent_covered_display": "100.00", "missing_lines": 0, "excluded_lines": 0, "percent_statements_covered": 100.0, "percent_statements_covered_display": "100.00"}, "missing_lines": [], "excluded_lines": [], "start_line": 1}}}, "app/ai/tools/__init__.py": {"executed_lines": [7, 9, 11, 12, 14, 17, 60], "summary": {"covered_lines": 7, "num_statements": 11, "percent_covered": 63.63636363636363, "percent_covered_display": "63.64", "missing_lines": 4, "excluded_lines": 0, "percent_statements_covered": 63.63636363636363, "percent_statements_covered_display": "63.64"}, "missing_lines": [43, 46, 52, 56], "excluded_lines": [], "functions": {"create_project_tools": {"executed_lines": [], "summary": {"covered_lines": 0, "num_statements": 4, "percent_covered": 0.0, "percent_covered_display": "0.00", "missing_lines": 4, "excluded_lines": 0, "percent_statements_covered": 0.0, "percent_statements_covered_display": "0.00"}, "missing_lines": [43, 46, 52, 56], "excluded_lines": [], "start_line": 17}, "": {"executed_lines": [7, 9, 11, 12, 14, 17, 60], "summary": {"covered_lines": 7, "num_statements": 7, "percent_covered": 100.0, "percent_covered_display": "100.00", "missing_lines": 0, "excluded_lines": 0, "percent_statements_covered": 100.0, "percent_statements_covered_display": "100.00"}, "missing_lines": [], "excluded_lines": [], "start_line": 1}}, "classes": {"": {"executed_lines": [7, 9, 11, 12, 14, 17, 60], "summary": {"covered_lines": 7, "num_statements": 11, "percent_covered": 63.63636363636363, "percent_covered_display": "63.64", "missing_lines": 4, "excluded_lines": 0, "percent_statements_covered": 63.63636363636363, "percent_statements_covered_display": "63.64"}, "missing_lines": [43, 46, 52, 56], "excluded_lines": [], "start_line": 1}}}, "app/ai/tools/__init___new.py": {"executed_lines": [], "summary": {"covered_lines": 0, "num_statements": 4, "percent_covered": 0.0, "percent_covered_display": "0.00", "missing_lines": 4, "excluded_lines": 0, "percent_statements_covered": 0.0, "percent_statements_covered_display": "0.00"}, "missing_lines": [27, 28, 36, 38], "excluded_lines": [], "functions": {"": {"executed_lines": [], "summary": {"covered_lines": 0, "num_statements": 4, "percent_covered": 0.0, "percent_covered_display": "0.00", "missing_lines": 4, "excluded_lines": 0, "percent_statements_covered": 0.0, "percent_statements_covered_display": "0.00"}, "missing_lines": [27, 28, 36, 38], "excluded_lines": [], "start_line": 1}}, "classes": {"": {"executed_lines": [], "summary": {"covered_lines": 0, "num_statements": 4, "percent_covered": 0.0, "percent_covered_display": "0.00", "missing_lines": 4, "excluded_lines": 0, "percent_statements_covered": 0.0, "percent_statements_covered_display": "0.00"}, "missing_lines": [27, 28, 36, 38], "excluded_lines": [], "start_line": 1}}}, "app/ai/tools/decorator.py": {"executed_lines": [15, 16, 17, 18, 20, 22, 24, 26, 27, 30, 92, 94, 95, 96, 97, 100, 109, 110, 112, 113, 116, 117, 124, 129, 130, 132, 133, 134, 138, 141, 142, 143, 144, 145, 146, 151, 157, 158, 161, 162, 164, 166, 169], "summary": {"covered_lines": 43, "num_statements": 56, "percent_covered": 76.78571428571429, "percent_covered_display": "76.79", "missing_lines": 13, "excluded_lines": 0, "percent_statements_covered": 76.78571428571429, "percent_statements_covered_display": "76.79"}, "missing_lines": [118, 120, 121, 125, 126, 186, 187, 190, 192, 194, 196, 197, 201], "excluded_lines": [], "functions": {"ai_tool": {"executed_lines": [92, 166], "summary": {"covered_lines": 2, "num_statements": 2, "percent_covered": 100.0, "percent_covered_display": "100.00", "missing_lines": 0, "excluded_lines": 0, "percent_statements_covered": 100.0, "percent_statements_covered_display": "100.00"}, "missing_lines": [], "excluded_lines": [], "start_line": 30}, "ai_tool.decorator": {"executed_lines": [94, 95, 96, 97, 100, 109, 110, 151, 157, 158, 161, 162, 164], "summary": {"covered_lines": 13, "num_statements": 13, "percent_covered": 100.0, "percent_covered_display": "100.00", "missing_lines": 0, "excluded_lines": 0, "percent_statements_covered": 100.0, "percent_statements_covered_display": "100.00"}, "missing_lines": [], "excluded_lines": [], "start_line": 92}, "ai_tool.decorator.wrapped_with_context": {"executed_lines": [112, 113, 116, 117, 124, 129, 130, 132, 133, 134, 138, 141, 142, 143, 144, 145, 146], "summary": {"covered_lines": 17, "num_statements": 22, "percent_covered": 77.27272727272727, "percent_covered_display": "77.27", "missing_lines": 5, "excluded_lines": 0, "percent_statements_covered": 77.27272727272727, "percent_statements_covered_display": "77.27"}, "missing_lines": [118, 120, 121, 125, 126], "excluded_lines": [], "start_line": 110}, "to_langchain_tool": {"executed_lines": [], "summary": {"covered_lines": 0, "num_statements": 5, "percent_covered": 0.0, "percent_covered_display": "0.00", "missing_lines": 5, "excluded_lines": 0, "percent_statements_covered": 0.0, "percent_statements_covered_display": "0.00"}, "missing_lines": [186, 187, 190, 192, 201], "excluded_lines": [], "start_line": 169}, "to_langchain_tool.wrapped": {"executed_lines": [], "summary": {"covered_lines": 0, "num_statements": 3, "percent_covered": 0.0, "percent_covered_display": "0.00", "missing_lines": 3, "excluded_lines": 0, "percent_statements_covered": 0.0, "percent_statements_covered_display": "0.00"}, "missing_lines": [194, 196, 197], "excluded_lines": [], "start_line": 192}, "": {"executed_lines": [15, 16, 17, 18, 20, 22, 24, 26, 27, 30, 169], "summary": {"covered_lines": 11, "num_statements": 11, "percent_covered": 100.0, "percent_covered_display": "100.00", "missing_lines": 0, "excluded_lines": 0, "percent_statements_covered": 100.0, "percent_statements_covered_display": "100.00"}, "missing_lines": [], "excluded_lines": [], "start_line": 1}}, "classes": {"": {"executed_lines": [15, 16, 17, 18, 20, 22, 24, 26, 27, 30, 92, 94, 95, 96, 97, 100, 109, 110, 112, 113, 116, 117, 124, 129, 130, 132, 133, 134, 138, 141, 142, 143, 144, 145, 146, 151, 157, 158, 161, 162, 164, 166, 169], "summary": {"covered_lines": 43, "num_statements": 56, "percent_covered": 76.78571428571429, "percent_covered_display": "76.79", "missing_lines": 13, "excluded_lines": 0, "percent_statements_covered": 76.78571428571429, "percent_statements_covered_display": "76.79"}, "missing_lines": [118, 120, 121, 125, 126, 186, 187, 190, 192, 194, 196, 197, 201], "excluded_lines": [], "start_line": 1}}}, "app/ai/tools/project_tools.py": {"executed_lines": [7, 8, 10, 12, 13, 15, 18, 24, 94, 100], "summary": {"covered_lines": 10, "num_statements": 28, "percent_covered": 35.714285714285715, "percent_covered_display": "35.71", "missing_lines": 18, "excluded_lines": 0, "percent_statements_covered": 35.714285714285715, "percent_statements_covered_display": "35.71"}, "missing_lines": [57, 59, 61, 71, 89, 90, 91, 129, 130, 132, 134, 135, 137, 150, 151, 152, 153, 154], "excluded_lines": [], "functions": {"list_projects": {"executed_lines": [], "summary": {"covered_lines": 0, "num_statements": 7, "percent_covered": 0.0, "percent_covered_display": "0.00", "missing_lines": 7, "excluded_lines": 0, "percent_statements_covered": 0.0, "percent_statements_covered_display": "0.00"}, "missing_lines": [57, 59, 61, 71, 89, 90, 91], "excluded_lines": [], "start_line": 24}, "get_project": {"executed_lines": [], "summary": {"covered_lines": 0, "num_statements": 11, "percent_covered": 0.0, "percent_covered_display": "0.00", "missing_lines": 11, "excluded_lines": 0, "percent_statements_covered": 0.0, "percent_statements_covered_display": "0.00"}, "missing_lines": [129, 130, 132, 134, 135, 137, 150, 151, 152, 153, 154], "excluded_lines": [], "start_line": 100}, "": {"executed_lines": [7, 8, 10, 12, 13, 15, 18, 24, 94, 100], "summary": {"covered_lines": 10, "num_statements": 10, "percent_covered": 100.0, "percent_covered_display": "100.00", "missing_lines": 0, "excluded_lines": 0, "percent_statements_covered": 100.0, "percent_statements_covered_display": "100.00"}, "missing_lines": [], "excluded_lines": [], "start_line": 1}}, "classes": {"": {"executed_lines": [7, 8, 10, 12, 13, 15, 18, 24, 94, 100], "summary": {"covered_lines": 10, "num_statements": 28, "percent_covered": 35.714285714285715, "percent_covered_display": "35.71", "missing_lines": 18, "excluded_lines": 0, "percent_statements_covered": 35.714285714285715, "percent_statements_covered_display": "35.71"}, "missing_lines": [57, 59, 61, 71, 89, 90, 91, 129, 130, 132, 134, 135, 137, 150, 151, 152, 153, 154], "excluded_lines": [], "start_line": 1}}}, "app/ai/tools/rbac_tool_node.py": {"executed_lines": [7, 9, 10, 11, 13, 14, 17, 41, 56, 97, 176], "summary": {"covered_lines": 11, "num_statements": 64, "percent_covered": 17.1875, "percent_covered_display": "17.19", "missing_lines": 53, "excluded_lines": 0, "percent_statements_covered": 17.1875, "percent_statements_covered_display": "17.19"}, "missing_lines": [52, 53, 54, 70, 71, 72, 73, 74, 76, 77, 80, 81, 83, 86, 87, 88, 89, 95, 109, 110, 112, 113, 116, 117, 118, 119, 120, 123, 124, 126, 134, 136, 137, 138, 139, 140, 142, 143, 149, 152, 155, 156, 157, 159, 166, 167, 174, 185, 187, 188, 189, 190, 196], "excluded_lines": [], "functions": {"RBACToolNode.__init__": {"executed_lines": [], "summary": {"covered_lines": 0, "num_statements": 3, "percent_covered": 0.0, "percent_covered_display": "0.00", "missing_lines": 3, "excluded_lines": 0, "percent_statements_covered": 0.0, "percent_statements_covered_display": "0.00"}, "missing_lines": [52, 53, 54], "excluded_lines": [], "start_line": 41}, "RBACToolNode._check_tool_permission": {"executed_lines": [], "summary": {"covered_lines": 0, "num_statements": 15, "percent_covered": 0.0, "percent_covered_display": "0.00", "missing_lines": 15, "excluded_lines": 0, "percent_statements_covered": 0.0, "percent_statements_covered_display": "0.00"}, "missing_lines": [70, 71, 72, 73, 74, 76, 77, 80, 81, 83, 86, 87, 88, 89, 95], "excluded_lines": [], "start_line": 56}, "RBACToolNode.__call__": {"executed_lines": [], "summary": {"covered_lines": 0, "num_statements": 29, "percent_covered": 0.0, "percent_covered_display": "0.00", "missing_lines": 29, "excluded_lines": 0, "percent_statements_covered": 0.0, "percent_statements_covered_display": "0.00"}, "missing_lines": [109, 110, 112, 113, 116, 117, 118, 119, 120, 123, 124, 126, 134, 136, 137, 138, 139, 140, 142, 143, 149, 152, 155, 156, 157, 159, 166, 167, 174], "excluded_lines": [], "start_line": 97}, "RBACToolNode._extract_tool_calls": {"executed_lines": [], "summary": {"covered_lines": 0, "num_statements": 6, "percent_covered": 0.0, "percent_covered_display": "0.00", "missing_lines": 6, "excluded_lines": 0, "percent_statements_covered": 0.0, "percent_statements_covered_display": "0.00"}, "missing_lines": [185, 187, 188, 189, 190, 196], "excluded_lines": [], "start_line": 176}, "": {"executed_lines": [7, 9, 10, 11, 13, 14, 17, 41, 56, 97, 176], "summary": {"covered_lines": 11, "num_statements": 11, "percent_covered": 100.0, "percent_covered_display": "100.00", "missing_lines": 0, "excluded_lines": 0, "percent_statements_covered": 100.0, "percent_statements_covered_display": "100.00"}, "missing_lines": [], "excluded_lines": [], "start_line": 1}}, "classes": {"RBACToolNode": {"executed_lines": [], "summary": {"covered_lines": 0, "num_statements": 53, "percent_covered": 0.0, "percent_covered_display": "0.00", "missing_lines": 53, "excluded_lines": 0, "percent_statements_covered": 0.0, "percent_statements_covered_display": "0.00"}, "missing_lines": [52, 53, 54, 70, 71, 72, 73, 74, 76, 77, 80, 81, 83, 86, 87, 88, 89, 95, 109, 110, 112, 113, 116, 117, 118, 119, 120, 123, 124, 126, 134, 136, 137, 138, 139, 140, 142, 143, 149, 152, 155, 156, 157, 159, 166, 167, 174, 185, 187, 188, 189, 190, 196], "excluded_lines": [], "start_line": 17}, "": {"executed_lines": [7, 9, 10, 11, 13, 14, 17, 41, 56, 97, 176], "summary": {"covered_lines": 11, "num_statements": 11, "percent_covered": 100.0, "percent_covered_display": "100.00", "missing_lines": 0, "excluded_lines": 0, "percent_statements_covered": 100.0, "percent_statements_covered_display": "100.00"}, "missing_lines": [], "excluded_lines": [], "start_line": 1}}}, "app/ai/tools/registry.py": {"executed_lines": [], "summary": {"covered_lines": 0, "num_statements": 57, "percent_covered": 0.0, "percent_covered_display": "0.00", "missing_lines": 57, "excluded_lines": 0, "percent_statements_covered": 0.0, "percent_statements_covered_display": "0.00"}, "missing_lines": [3, 4, 5, 6, 8, 10, 12, 15, 25, 27, 28, 30, 37, 38, 39, 40, 42, 48, 50, 59, 65, 74, 80, 94, 96, 97, 98, 101, 102, 103, 106, 107, 109, 111, 117, 118, 120, 121, 122, 123, 124, 125, 127, 128, 132, 135, 141, 144, 151, 154, 160, 163, 172, 175, 184, 187, 200], "excluded_lines": [], "functions": {"ToolRegistry.__init__": {"executed_lines": [], "summary": {"covered_lines": 0, "num_statements": 2, "percent_covered": 0.0, "percent_covered_display": "0.00", "missing_lines": 2, "excluded_lines": 0, "percent_statements_covered": 0.0, "percent_statements_covered_display": "0.00"}, "missing_lines": [27, 28], "excluded_lines": [], "start_line": 25}, "ToolRegistry.register": {"executed_lines": [], "summary": {"covered_lines": 0, "num_statements": 4, "percent_covered": 0.0, "percent_covered_display": "0.00", "missing_lines": 4, "excluded_lines": 0, "percent_statements_covered": 0.0, "percent_statements_covered_display": "0.00"}, "missing_lines": [37, 38, 39, 40], "excluded_lines": [], "start_line": 30}, "ToolRegistry.get_all_metadata": {"executed_lines": [], "summary": {"covered_lines": 0, "num_statements": 1, "percent_covered": 0.0, "percent_covered_display": "0.00", "missing_lines": 1, "excluded_lines": 0, "percent_statements_covered": 0.0, "percent_statements_covered_display": "0.00"}, "missing_lines": [48], "excluded_lines": [], "start_line": 42}, "ToolRegistry.get_by_permission": {"executed_lines": [], "summary": {"covered_lines": 0, "num_statements": 1, "percent_covered": 0.0, "percent_covered_display": "0.00", "missing_lines": 1, "excluded_lines": 0, "percent_statements_covered": 0.0, "percent_statements_covered_display": "0.00"}, "missing_lines": [59], "excluded_lines": [], "start_line": 50}, "ToolRegistry.get_by_category": {"executed_lines": [], "summary": {"covered_lines": 0, "num_statements": 1, "percent_covered": 0.0, "percent_covered_display": "0.00", "missing_lines": 1, "excluded_lines": 0, "percent_statements_covered": 0.0, "percent_statements_covered_display": "0.00"}, "missing_lines": [74], "excluded_lines": [], "start_line": 65}, "ToolRegistry.as_langchain_tools": {"executed_lines": [], "summary": {"covered_lines": 0, "num_statements": 10, "percent_covered": 0.0, "percent_covered_display": "0.00", "missing_lines": 10, "excluded_lines": 0, "percent_statements_covered": 0.0, "percent_statements_covered_display": "0.00"}, "missing_lines": [94, 96, 97, 98, 101, 102, 103, 106, 107, 109], "excluded_lines": [], "start_line": 80}, "ToolRegistry.discover_and_register": {"executed_lines": [], "summary": {"covered_lines": 0, "num_statements": 10, "percent_covered": 0.0, "percent_covered_display": "0.00", "missing_lines": 10, "excluded_lines": 0, "percent_statements_covered": 0.0, "percent_statements_covered_display": "0.00"}, "missing_lines": [117, 118, 120, 121, 122, 123, 124, 125, 127, 128], "excluded_lines": [], "start_line": 111}, "get_registry": {"executed_lines": [], "summary": {"covered_lines": 0, "num_statements": 1, "percent_covered": 0.0, "percent_covered_display": "0.00", "missing_lines": 1, "excluded_lines": 0, "percent_statements_covered": 0.0, "percent_statements_covered_display": "0.00"}, "missing_lines": [141], "excluded_lines": [], "start_line": 135}, "register_tool": {"executed_lines": [], "summary": {"covered_lines": 0, "num_statements": 1, "percent_covered": 0.0, "percent_covered_display": "0.00", "missing_lines": 1, "excluded_lines": 0, "percent_statements_covered": 0.0, "percent_statements_covered_display": "0.00"}, "missing_lines": [151], "excluded_lines": [], "start_line": 144}, "get_all_tools": {"executed_lines": [], "summary": {"covered_lines": 0, "num_statements": 1, "percent_covered": 0.0, "percent_covered_display": "0.00", "missing_lines": 1, "excluded_lines": 0, "percent_statements_covered": 0.0, "percent_statements_covered_display": "0.00"}, "missing_lines": [160], "excluded_lines": [], "start_line": 154}, "get_tools_by_permission": {"executed_lines": [], "summary": {"covered_lines": 0, "num_statements": 1, "percent_covered": 0.0, "percent_covered_display": "0.00", "missing_lines": 1, "excluded_lines": 0, "percent_statements_covered": 0.0, "percent_statements_covered_display": "0.00"}, "missing_lines": [172], "excluded_lines": [], "start_line": 163}, "get_tools_by_category": {"executed_lines": [], "summary": {"covered_lines": 0, "num_statements": 1, "percent_covered": 0.0, "percent_covered_display": "0.00", "missing_lines": 1, "excluded_lines": 0, "percent_statements_covered": 0.0, "percent_statements_covered_display": "0.00"}, "missing_lines": [184], "excluded_lines": [], "start_line": 175}, "as_langchain_tools": {"executed_lines": [], "summary": {"covered_lines": 0, "num_statements": 1, "percent_covered": 0.0, "percent_covered_display": "0.00", "missing_lines": 1, "excluded_lines": 0, "percent_statements_covered": 0.0, "percent_statements_covered_display": "0.00"}, "missing_lines": [200], "excluded_lines": [], "start_line": 187}, "": {"executed_lines": [], "summary": {"covered_lines": 0, "num_statements": 22, "percent_covered": 0.0, "percent_covered_display": "0.00", "missing_lines": 22, "excluded_lines": 0, "percent_statements_covered": 0.0, "percent_statements_covered_display": "0.00"}, "missing_lines": [3, 4, 5, 6, 8, 10, 12, 15, 25, 30, 42, 50, 65, 80, 111, 132, 135, 144, 154, 163, 175, 187], "excluded_lines": [], "start_line": 1}}, "classes": {"ToolRegistry": {"executed_lines": [], "summary": {"covered_lines": 0, "num_statements": 29, "percent_covered": 0.0, "percent_covered_display": "0.00", "missing_lines": 29, "excluded_lines": 0, "percent_statements_covered": 0.0, "percent_statements_covered_display": "0.00"}, "missing_lines": [27, 28, 37, 38, 39, 40, 48, 59, 74, 94, 96, 97, 98, 101, 102, 103, 106, 107, 109, 117, 118, 120, 121, 122, 123, 124, 125, 127, 128], "excluded_lines": [], "start_line": 15}, "": {"executed_lines": [], "summary": {"covered_lines": 0, "num_statements": 28, "percent_covered": 0.0, "percent_covered_display": "0.00", "missing_lines": 28, "excluded_lines": 0, "percent_statements_covered": 0.0, "percent_statements_covered_display": "0.00"}, "missing_lines": [3, 4, 5, 6, 8, 10, 12, 15, 25, 30, 42, 50, 65, 80, 111, 132, 135, 141, 144, 151, 154, 160, 163, 172, 175, 184, 187, 200], "excluded_lines": [], "start_line": 1}}}, "app/ai/tools/types.py": {"executed_lines": [3, 4, 6, 8, 11, 12, 25, 26, 27, 28, 30, 31, 35, 61, 62, 73, 74, 75, 76, 77, 79], "summary": {"covered_lines": 21, "num_statements": 28, "percent_covered": 75.0, "percent_covered_display": "75.00", "missing_lines": 7, "excluded_lines": 0, "percent_statements_covered": 75.0, "percent_statements_covered_display": "75.00"}, "missing_lines": [33, 49, 50, 54, 57, 58, 81], "excluded_lines": [], "functions": {"ToolContext.project_service": {"executed_lines": [], "summary": {"covered_lines": 0, "num_statements": 1, "percent_covered": 0.0, "percent_covered_display": "0.00", "missing_lines": 1, "excluded_lines": 0, "percent_statements_covered": 0.0, "percent_statements_covered_display": "0.00"}, "missing_lines": [33], "excluded_lines": [], "start_line": 31}, "ToolContext.check_permission": {"executed_lines": [], "summary": {"covered_lines": 0, "num_statements": 5, "percent_covered": 0.0, "percent_covered_display": "0.00", "missing_lines": 5, "excluded_lines": 0, "percent_statements_covered": 0.0, "percent_statements_covered_display": "0.00"}, "missing_lines": [49, 50, 54, 57, 58], "excluded_lines": [], "start_line": 35}, "ToolMetadata.to_dict": {"executed_lines": [], "summary": {"covered_lines": 0, "num_statements": 1, "percent_covered": 0.0, "percent_covered_display": "0.00", "missing_lines": 1, "excluded_lines": 0, "percent_statements_covered": 0.0, "percent_statements_covered_display": "0.00"}, "missing_lines": [81], "excluded_lines": [], "start_line": 79}, "": {"executed_lines": [3, 4, 6, 8, 11, 12, 25, 26, 27, 28, 30, 31, 35, 61, 62, 73, 74, 75, 76, 77, 79], "summary": {"covered_lines": 21, "num_statements": 21, "percent_covered": 100.0, "percent_covered_display": "100.00", "missing_lines": 0, "excluded_lines": 0, "percent_statements_covered": 100.0, "percent_statements_covered_display": "100.00"}, "missing_lines": [], "excluded_lines": [], "start_line": 1}}, "classes": {"ToolContext": {"executed_lines": [], "summary": {"covered_lines": 0, "num_statements": 6, "percent_covered": 0.0, "percent_covered_display": "0.00", "missing_lines": 6, "excluded_lines": 0, "percent_statements_covered": 0.0, "percent_statements_covered_display": "0.00"}, "missing_lines": [33, 49, 50, 54, 57, 58], "excluded_lines": [], "start_line": 12}, "ToolMetadata": {"executed_lines": [], "summary": {"covered_lines": 0, "num_statements": 1, "percent_covered": 0.0, "percent_covered_display": "0.00", "missing_lines": 1, "excluded_lines": 0, "percent_statements_covered": 0.0, "percent_statements_covered_display": "0.00"}, "missing_lines": [81], "excluded_lines": [], "start_line": 62}, "": {"executed_lines": [3, 4, 6, 8, 11, 12, 25, 26, 27, 28, 30, 31, 35, 61, 62, 73, 74, 75, 76, 77, 79], "summary": {"covered_lines": 21, "num_statements": 21, "percent_covered": 100.0, "percent_covered_display": "100.00", "missing_lines": 0, "excluded_lines": 0, "percent_statements_covered": 100.0, "percent_statements_covered_display": "100.00"}, "missing_lines": [], "excluded_lines": [], "start_line": 1}}}, "app/api/__init__.py": {"executed_lines": [], "summary": {"covered_lines": 0, "num_statements": 0, "percent_covered": 100.0, "percent_covered_display": "100.00", "missing_lines": 0, "excluded_lines": 0, "percent_statements_covered": 100.0, "percent_statements_covered_display": "100.00"}, "missing_lines": [], "excluded_lines": [], "functions": {"": {"executed_lines": [], "summary": {"covered_lines": 0, "num_statements": 0, "percent_covered": 100.0, "percent_covered_display": "100.00", "missing_lines": 0, "excluded_lines": 0, "percent_statements_covered": 100.0, "percent_statements_covered_display": "100.00"}, "missing_lines": [], "excluded_lines": [], "start_line": 1}}, "classes": {"": {"executed_lines": [], "summary": {"covered_lines": 0, "num_statements": 0, "percent_covered": 100.0, "percent_covered_display": "100.00", "missing_lines": 0, "excluded_lines": 0, "percent_statements_covered": 100.0, "percent_statements_covered_display": "100.00"}, "missing_lines": [], "excluded_lines": [], "start_line": 1}}}, "app/api/dependencies/auth.py": {"executed_lines": [6, 8, 9, 10, 11, 12, 14, 15, 16, 17, 18, 19, 21, 24, 28, 57, 67, 83, 98, 99, 101], "summary": {"covered_lines": 21, "num_statements": 44, "percent_covered": 47.72727272727273, "percent_covered_display": "47.73", "missing_lines": 23, "excluded_lines": 0, "percent_statements_covered": 47.72727272727273, "percent_statements_covered_display": "47.73"}, "missing_lines": [25, 33, 39, 40, 43, 44, 45, 47, 48, 50, 51, 52, 54, 61, 62, 64, 119, 120, 121, 124, 125, 126, 129], "excluded_lines": [], "functions": {"get_user_service": {"executed_lines": [], "summary": {"covered_lines": 0, "num_statements": 1, "percent_covered": 0.0, "percent_covered_display": "0.00", "missing_lines": 1, "excluded_lines": 0, "percent_statements_covered": 0.0, "percent_statements_covered_display": "0.00"}, "missing_lines": [25], "excluded_lines": [], "start_line": 24}, "get_current_user": {"executed_lines": [], "summary": {"covered_lines": 0, "num_statements": 12, "percent_covered": 0.0, "percent_covered_display": "0.00", "missing_lines": 12, "excluded_lines": 0, "percent_statements_covered": 0.0, "percent_statements_covered_display": "0.00"}, "missing_lines": [33, 39, 40, 43, 44, 45, 47, 48, 50, 51, 52, 54], "excluded_lines": [], "start_line": 28}, "get_current_active_user": {"executed_lines": [], "summary": {"covered_lines": 0, "num_statements": 3, "percent_covered": 0.0, "percent_covered_display": "0.00", "missing_lines": 3, "excluded_lines": 0, "percent_statements_covered": 0.0, "percent_statements_covered_display": "0.00"}, "missing_lines": [61, 62, 64], "excluded_lines": [], "start_line": 57}, "RoleChecker.__init__": {"executed_lines": [98, 99], "summary": {"covered_lines": 2, "num_statements": 2, "percent_covered": 100.0, "percent_covered_display": "100.00", "missing_lines": 0, "excluded_lines": 0, "percent_statements_covered": 100.0, "percent_statements_covered_display": "100.00"}, "missing_lines": [], "excluded_lines": [], "start_line": 83}, "RoleChecker.__call__": {"executed_lines": [], "summary": {"covered_lines": 0, "num_statements": 7, "percent_covered": 0.0, "percent_covered_display": "0.00", "missing_lines": 7, "excluded_lines": 0, "percent_statements_covered": 0.0, "percent_statements_covered_display": "0.00"}, "missing_lines": [119, 120, 121, 124, 125, 126, 129], "excluded_lines": [], "start_line": 101}, "": {"executed_lines": [6, 8, 9, 10, 11, 12, 14, 15, 16, 17, 18, 19, 21, 24, 28, 57, 67, 83, 101], "summary": {"covered_lines": 19, "num_statements": 19, "percent_covered": 100.0, "percent_covered_display": "100.00", "missing_lines": 0, "excluded_lines": 0, "percent_statements_covered": 100.0, "percent_statements_covered_display": "100.00"}, "missing_lines": [], "excluded_lines": [], "start_line": 1}}, "classes": {"RoleChecker": {"executed_lines": [98, 99], "summary": {"covered_lines": 2, "num_statements": 9, "percent_covered": 22.22222222222222, "percent_covered_display": "22.22", "missing_lines": 7, "excluded_lines": 0, "percent_statements_covered": 22.22222222222222, "percent_statements_covered_display": "22.22"}, "missing_lines": [119, 120, 121, 124, 125, 126, 129], "excluded_lines": [], "start_line": 67}, "": {"executed_lines": [6, 8, 9, 10, 11, 12, 14, 15, 16, 17, 18, 19, 21, 24, 28, 57, 67, 83, 101], "summary": {"covered_lines": 19, "num_statements": 35, "percent_covered": 54.285714285714285, "percent_covered_display": "54.29", "missing_lines": 16, "excluded_lines": 0, "percent_statements_covered": 54.285714285714285, "percent_statements_covered_display": "54.29"}, "missing_lines": [25, 33, 39, 40, 43, 44, 45, 47, 48, 50, 51, 52, 54, 61, 62, 64], "excluded_lines": [], "start_line": 1}}}, "app/api/routes/__init__.py": {"executed_lines": [4, 20], "summary": {"covered_lines": 2, "num_statements": 2, "percent_covered": 100.0, "percent_covered_display": "100.00", "missing_lines": 0, "excluded_lines": 0, "percent_statements_covered": 100.0, "percent_statements_covered_display": "100.00"}, "missing_lines": [], "excluded_lines": [], "functions": {"": {"executed_lines": [4, 20], "summary": {"covered_lines": 2, "num_statements": 2, "percent_covered": 100.0, "percent_covered_display": "100.00", "missing_lines": 0, "excluded_lines": 0, "percent_statements_covered": 100.0, "percent_statements_covered_display": "100.00"}, "missing_lines": [], "excluded_lines": [], "start_line": 1}}, "classes": {"": {"executed_lines": [4, 20], "summary": {"covered_lines": 2, "num_statements": 2, "percent_covered": 100.0, "percent_covered_display": "100.00", "missing_lines": 0, "excluded_lines": 0, "percent_statements_covered": 100.0, "percent_statements_covered_display": "100.00"}, "missing_lines": [], "excluded_lines": [], "start_line": 1}}}, "app/api/routes/ai_chat.py": {"executed_lines": [3, 4, 5, 7, 16, 17, 18, 20, 21, 22, 23, 24, 25, 26, 32, 34, 36, 39, 44, 50, 59, 65, 81, 87, 102, 103], "summary": {"covered_lines": 26, "num_statements": 114, "percent_covered": 22.80701754385965, "percent_covered_display": "22.81", "missing_lines": 88, "excluded_lines": 0, "percent_statements_covered": 22.80701754385965, "percent_statements_covered_display": "22.81"}, "missing_lines": [41, 55, 56, 72, 73, 74, 75, 76, 77, 78, 94, 95, 96, 97, 98, 99, 131, 133, 134, 135, 137, 142, 143, 146, 147, 148, 150, 151, 153, 154, 157, 158, 160, 161, 162, 163, 166, 169, 170, 171, 172, 173, 174, 175, 177, 180, 181, 182, 183, 184, 187, 188, 192, 193, 195, 196, 197, 200, 201, 208, 210, 213, 214, 221, 223, 224, 231, 234, 235, 243, 244, 245, 246, 247, 248, 255, 256, 258, 259, 260, 261, 262, 263, 270, 272, 275, 276, 277], "excluded_lines": [], "functions": {"get_ai_config_service": {"executed_lines": [], "summary": {"covered_lines": 0, "num_statements": 1, "percent_covered": 0.0, "percent_covered_display": "0.00", "missing_lines": 1, "excluded_lines": 0, "percent_statements_covered": 0.0, "percent_statements_covered_display": "0.00"}, "missing_lines": [41], "excluded_lines": [], "start_line": 39}, "list_sessions": {"executed_lines": [], "summary": {"covered_lines": 0, "num_statements": 2, "percent_covered": 0.0, "percent_covered_display": "0.00", "missing_lines": 2, "excluded_lines": 0, "percent_statements_covered": 0.0, "percent_statements_covered_display": "0.00"}, "missing_lines": [55, 56], "excluded_lines": [], "start_line": 50}, "get_session_messages": {"executed_lines": [], "summary": {"covered_lines": 0, "num_statements": 7, "percent_covered": 0.0, "percent_covered_display": "0.00", "missing_lines": 7, "excluded_lines": 0, "percent_statements_covered": 0.0, "percent_statements_covered_display": "0.00"}, "missing_lines": [72, 73, 74, 75, 76, 77, 78], "excluded_lines": [], "start_line": 65}, "delete_session": {"executed_lines": [], "summary": {"covered_lines": 0, "num_statements": 6, "percent_covered": 0.0, "percent_covered_display": "0.00", "missing_lines": 6, "excluded_lines": 0, "percent_statements_covered": 0.0, "percent_statements_covered_display": "0.00"}, "missing_lines": [94, 95, 96, 97, 98, 99], "excluded_lines": [], "start_line": 87}, "chat_stream": {"executed_lines": [], "summary": {"covered_lines": 0, "num_statements": 72, "percent_covered": 0.0, "percent_covered_display": "0.00", "missing_lines": 72, "excluded_lines": 0, "percent_statements_covered": 0.0, "percent_statements_covered_display": "0.00"}, "missing_lines": [131, 133, 134, 135, 137, 142, 143, 146, 147, 148, 150, 151, 153, 154, 157, 158, 160, 161, 162, 163, 166, 169, 170, 171, 172, 173, 174, 175, 177, 180, 181, 182, 183, 184, 187, 188, 192, 193, 195, 196, 197, 200, 201, 208, 210, 213, 214, 221, 223, 224, 231, 234, 235, 243, 244, 245, 246, 247, 248, 255, 256, 258, 259, 260, 261, 262, 263, 270, 272, 275, 276, 277], "excluded_lines": [], "start_line": 103}, "": {"executed_lines": [3, 4, 5, 7, 16, 17, 18, 20, 21, 22, 23, 24, 25, 26, 32, 34, 36, 39, 44, 50, 59, 65, 81, 87, 102, 103], "summary": {"covered_lines": 26, "num_statements": 26, "percent_covered": 100.0, "percent_covered_display": "100.00", "missing_lines": 0, "excluded_lines": 0, "percent_statements_covered": 100.0, "percent_statements_covered_display": "100.00"}, "missing_lines": [], "excluded_lines": [], "start_line": 1}}, "classes": {"": {"executed_lines": [3, 4, 5, 7, 16, 17, 18, 20, 21, 22, 23, 24, 25, 26, 32, 34, 36, 39, 44, 50, 59, 65, 81, 87, 102, 103], "summary": {"covered_lines": 26, "num_statements": 114, "percent_covered": 22.80701754385965, "percent_covered_display": "22.81", "missing_lines": 88, "excluded_lines": 0, "percent_statements_covered": 22.80701754385965, "percent_statements_covered_display": "22.81"}, "missing_lines": [41, 55, 56, 72, 73, 74, 75, 76, 77, 78, 94, 95, 96, 97, 98, 99, 131, 133, 134, 135, 137, 142, 143, 146, 147, 148, 150, 151, 153, 154, 157, 158, 160, 161, 162, 163, 166, 169, 170, 171, 172, 173, 174, 175, 177, 180, 181, 182, 183, 184, 187, 188, 192, 193, 195, 196, 197, 200, 201, 208, 210, 213, 214, 221, 223, 224, 231, 234, 235, 243, 244, 245, 246, 247, 248, 255, 256, 258, 259, 260, 261, 262, 263, 270, 272, 275, 276, 277], "excluded_lines": [], "start_line": 1}}}, "app/api/routes/ai_config.py": {"executed_lines": [6, 8, 9, 11, 12, 13, 26, 28, 31, 39, 45, 54, 61, 70, 76, 89, 95, 109, 115, 124, 131, 141, 147, 159, 165, 174, 180, 190, 197, 210, 216, 230, 236, 251, 257, 266, 272, 286, 293, 302, 308, 321, 327], "summary": {"covered_lines": 43, "num_statements": 96, "percent_covered": 44.791666666666664, "percent_covered_display": "44.79", "missing_lines": 53, "excluded_lines": 0, "percent_statements_covered": 44.791666666666664, "percent_statements_covered_display": "44.79"}, "missing_lines": [33, 50, 51, 66, 67, 82, 83, 84, 85, 86, 100, 101, 102, 103, 120, 121, 137, 138, 153, 170, 171, 186, 187, 204, 205, 206, 207, 223, 224, 225, 226, 227, 242, 243, 244, 245, 262, 263, 277, 278, 279, 283, 298, 299, 314, 315, 316, 317, 318, 332, 333, 334, 335], "excluded_lines": [], "functions": {"get_ai_config_service": {"executed_lines": [], "summary": {"covered_lines": 0, "num_statements": 1, "percent_covered": 0.0, "percent_covered_display": "0.00", "missing_lines": 1, "excluded_lines": 0, "percent_statements_covered": 0.0, "percent_statements_covered_display": "0.00"}, "missing_lines": [33], "excluded_lines": [], "start_line": 31}, "list_providers": {"executed_lines": [], "summary": {"covered_lines": 0, "num_statements": 2, "percent_covered": 0.0, "percent_covered_display": "0.00", "missing_lines": 2, "excluded_lines": 0, "percent_statements_covered": 0.0, "percent_statements_covered_display": "0.00"}, "missing_lines": [50, 51], "excluded_lines": [], "start_line": 45}, "create_provider": {"executed_lines": [], "summary": {"covered_lines": 0, "num_statements": 2, "percent_covered": 0.0, "percent_covered_display": "0.00", "missing_lines": 2, "excluded_lines": 0, "percent_statements_covered": 0.0, "percent_statements_covered_display": "0.00"}, "missing_lines": [66, 67], "excluded_lines": [], "start_line": 61}, "update_provider": {"executed_lines": [], "summary": {"covered_lines": 0, "num_statements": 5, "percent_covered": 0.0, "percent_covered_display": "0.00", "missing_lines": 5, "excluded_lines": 0, "percent_statements_covered": 0.0, "percent_statements_covered_display": "0.00"}, "missing_lines": [82, 83, 84, 85, 86], "excluded_lines": [], "start_line": 76}, "delete_provider": {"executed_lines": [], "summary": {"covered_lines": 0, "num_statements": 4, "percent_covered": 0.0, "percent_covered_display": "0.00", "missing_lines": 4, "excluded_lines": 0, "percent_statements_covered": 0.0, "percent_statements_covered_display": "0.00"}, "missing_lines": [100, 101, 102, 103], "excluded_lines": [], "start_line": 95}, "list_provider_configs": {"executed_lines": [], "summary": {"covered_lines": 0, "num_statements": 2, "percent_covered": 0.0, "percent_covered_display": "0.00", "missing_lines": 2, "excluded_lines": 0, "percent_statements_covered": 0.0, "percent_statements_covered_display": "0.00"}, "missing_lines": [120, 121], "excluded_lines": [], "start_line": 115}, "set_provider_config": {"executed_lines": [], "summary": {"covered_lines": 0, "num_statements": 2, "percent_covered": 0.0, "percent_covered_display": "0.00", "missing_lines": 2, "excluded_lines": 0, "percent_statements_covered": 0.0, "percent_statements_covered_display": "0.00"}, "missing_lines": [137, 138], "excluded_lines": [], "start_line": 131}, "delete_provider_config": {"executed_lines": [], "summary": {"covered_lines": 0, "num_statements": 1, "percent_covered": 0.0, "percent_covered_display": "0.00", "missing_lines": 1, "excluded_lines": 0, "percent_statements_covered": 0.0, "percent_statements_covered_display": "0.00"}, "missing_lines": [153], "excluded_lines": [], "start_line": 147}, "list_all_models": {"executed_lines": [], "summary": {"covered_lines": 0, "num_statements": 2, "percent_covered": 0.0, "percent_covered_display": "0.00", "missing_lines": 2, "excluded_lines": 0, "percent_statements_covered": 0.0, "percent_statements_covered_display": "0.00"}, "missing_lines": [170, 171], "excluded_lines": [], "start_line": 165}, "list_provider_models": {"executed_lines": [], "summary": {"covered_lines": 0, "num_statements": 2, "percent_covered": 0.0, "percent_covered_display": "0.00", "missing_lines": 2, "excluded_lines": 0, "percent_statements_covered": 0.0, "percent_statements_covered_display": "0.00"}, "missing_lines": [186, 187], "excluded_lines": [], "start_line": 180}, "create_model": {"executed_lines": [], "summary": {"covered_lines": 0, "num_statements": 4, "percent_covered": 0.0, "percent_covered_display": "0.00", "missing_lines": 4, "excluded_lines": 0, "percent_statements_covered": 0.0, "percent_statements_covered_display": "0.00"}, "missing_lines": [204, 205, 206, 207], "excluded_lines": [], "start_line": 197}, "update_model": {"executed_lines": [], "summary": {"covered_lines": 0, "num_statements": 5, "percent_covered": 0.0, "percent_covered_display": "0.00", "missing_lines": 5, "excluded_lines": 0, "percent_statements_covered": 0.0, "percent_statements_covered_display": "0.00"}, "missing_lines": [223, 224, 225, 226, 227], "excluded_lines": [], "start_line": 216}, "delete_model": {"executed_lines": [], "summary": {"covered_lines": 0, "num_statements": 4, "percent_covered": 0.0, "percent_covered_display": "0.00", "missing_lines": 4, "excluded_lines": 0, "percent_statements_covered": 0.0, "percent_statements_covered_display": "0.00"}, "missing_lines": [242, 243, 244, 245], "excluded_lines": [], "start_line": 236}, "list_assistant_configs": {"executed_lines": [], "summary": {"covered_lines": 0, "num_statements": 2, "percent_covered": 0.0, "percent_covered_display": "0.00", "missing_lines": 2, "excluded_lines": 0, "percent_statements_covered": 0.0, "percent_statements_covered_display": "0.00"}, "missing_lines": [262, 263], "excluded_lines": [], "start_line": 257}, "get_assistant_config": {"executed_lines": [], "summary": {"covered_lines": 0, "num_statements": 4, "percent_covered": 0.0, "percent_covered_display": "0.00", "missing_lines": 4, "excluded_lines": 0, "percent_statements_covered": 0.0, "percent_statements_covered_display": "0.00"}, "missing_lines": [277, 278, 279, 283], "excluded_lines": [], "start_line": 272}, "create_assistant_config": {"executed_lines": [], "summary": {"covered_lines": 0, "num_statements": 2, "percent_covered": 0.0, "percent_covered_display": "0.00", "missing_lines": 2, "excluded_lines": 0, "percent_statements_covered": 0.0, "percent_statements_covered_display": "0.00"}, "missing_lines": [298, 299], "excluded_lines": [], "start_line": 293}, "update_assistant_config": {"executed_lines": [], "summary": {"covered_lines": 0, "num_statements": 5, "percent_covered": 0.0, "percent_covered_display": "0.00", "missing_lines": 5, "excluded_lines": 0, "percent_statements_covered": 0.0, "percent_statements_covered_display": "0.00"}, "missing_lines": [314, 315, 316, 317, 318], "excluded_lines": [], "start_line": 308}, "delete_assistant_config": {"executed_lines": [], "summary": {"covered_lines": 0, "num_statements": 4, "percent_covered": 0.0, "percent_covered_display": "0.00", "missing_lines": 4, "excluded_lines": 0, "percent_statements_covered": 0.0, "percent_statements_covered_display": "0.00"}, "missing_lines": [332, 333, 334, 335], "excluded_lines": [], "start_line": 327}, "": {"executed_lines": [6, 8, 9, 11, 12, 13, 26, 28, 31, 39, 45, 54, 61, 70, 76, 89, 95, 109, 115, 124, 131, 141, 147, 159, 165, 174, 180, 190, 197, 210, 216, 230, 236, 251, 257, 266, 272, 286, 293, 302, 308, 321, 327], "summary": {"covered_lines": 43, "num_statements": 43, "percent_covered": 100.0, "percent_covered_display": "100.00", "missing_lines": 0, "excluded_lines": 0, "percent_statements_covered": 100.0, "percent_statements_covered_display": "100.00"}, "missing_lines": [], "excluded_lines": [], "start_line": 1}}, "classes": {"": {"executed_lines": [6, 8, 9, 11, 12, 13, 26, 28, 31, 39, 45, 54, 61, 70, 76, 89, 95, 109, 115, 124, 131, 141, 147, 159, 165, 174, 180, 190, 197, 210, 216, 230, 236, 251, 257, 266, 272, 286, 293, 302, 308, 321, 327], "summary": {"covered_lines": 43, "num_statements": 96, "percent_covered": 44.791666666666664, "percent_covered_display": "44.79", "missing_lines": 53, "excluded_lines": 0, "percent_statements_covered": 44.791666666666664, "percent_statements_covered_display": "44.79"}, "missing_lines": [33, 50, 51, 66, 67, 82, 83, 84, 85, 86, 100, 101, 102, 103, 120, 121, 137, 138, 153, 170, 171, 186, 187, 204, 205, 206, 207, 223, 224, 225, 226, 227, 242, 243, 244, 245, 262, 263, 277, 278, 279, 283, 298, 299, 314, 315, 316, 317, 318, 332, 333, 334, 335], "excluded_lines": [], "start_line": 1}}}, "app/api/routes/auth.py": {"executed_lines": [1, 3, 4, 5, 7, 8, 9, 10, 11, 12, 14, 17, 23, 59, 60, 85, 86], "summary": {"covered_lines": 17, "num_statements": 38, "percent_covered": 44.73684210526316, "percent_covered_display": "44.74", "missing_lines": 21, "excluded_lines": 0, "percent_statements_covered": 44.73684210526316, "percent_statements_covered_display": "44.74"}, "missing_lines": [30, 32, 33, 34, 44, 46, 49, 51, 52, 53, 67, 68, 71, 72, 77, 78, 81, 82, 95, 97, 98], "excluded_lines": [], "functions": {"register": {"executed_lines": [], "summary": {"covered_lines": 0, "num_statements": 10, "percent_covered": 0.0, "percent_covered_display": "0.00", "missing_lines": 10, "excluded_lines": 0, "percent_statements_covered": 0.0, "percent_statements_covered_display": "0.00"}, "missing_lines": [30, 32, 33, 34, 44, 46, 49, 51, 52, 53], "excluded_lines": [], "start_line": 23}, "login": {"executed_lines": [], "summary": {"covered_lines": 0, "num_statements": 8, "percent_covered": 0.0, "percent_covered_display": "0.00", "missing_lines": 8, "excluded_lines": 0, "percent_statements_covered": 0.0, "percent_statements_covered_display": "0.00"}, "missing_lines": [67, 68, 71, 72, 77, 78, 81, 82], "excluded_lines": [], "start_line": 60}, "read_users_me": {"executed_lines": [], "summary": {"covered_lines": 0, "num_statements": 3, "percent_covered": 0.0, "percent_covered_display": "0.00", "missing_lines": 3, "excluded_lines": 0, "percent_statements_covered": 0.0, "percent_statements_covered_display": "0.00"}, "missing_lines": [95, 97, 98], "excluded_lines": [], "start_line": 86}, "": {"executed_lines": [1, 3, 4, 5, 7, 8, 9, 10, 11, 12, 14, 17, 23, 59, 60, 85, 86], "summary": {"covered_lines": 17, "num_statements": 17, "percent_covered": 100.0, "percent_covered_display": "100.00", "missing_lines": 0, "excluded_lines": 0, "percent_statements_covered": 100.0, "percent_statements_covered_display": "100.00"}, "missing_lines": [], "excluded_lines": [], "start_line": 1}}, "classes": {"": {"executed_lines": [1, 3, 4, 5, 7, 8, 9, 10, 11, 12, 14, 17, 23, 59, 60, 85, 86], "summary": {"covered_lines": 17, "num_statements": 38, "percent_covered": 44.73684210526316, "percent_covered_display": "44.74", "missing_lines": 21, "excluded_lines": 0, "percent_statements_covered": 44.73684210526316, "percent_statements_covered_display": "44.74"}, "missing_lines": [30, 32, 33, 34, 44, 46, 49, 51, 52, 53, 67, 68, 71, 72, 77, 78, 81, 82, 95, 97, 98], "excluded_lines": [], "start_line": 1}}}, "app/api/routes/change_orders.py": {"executed_lines": [3, 4, 5, 6, 7, 9, 10, 12, 16, 17, 18, 27, 28, 29, 30, 31, 33, 35, 38, 44, 50, 59, 66, 72, 114, 120, 206, 213, 260, 265, 283, 289, 323, 329, 350, 356, 398, 404, 428, 434, 454, 459, 487, 493, 565, 571, 595, 601, 651, 657, 704, 710, 754, 760, 804, 810, 859, 865, 922, 928, 1051, 1057], "summary": {"covered_lines": 62, "num_statements": 272, "percent_covered": 22.794117647058822, "percent_covered_display": "22.79", "missing_lines": 210, "excluded_lines": 2, "percent_statements_covered": 22.794117647058822, "percent_statements_covered_display": "22.79"}, "missing_lines": [41, 47, 54, 56, 63, 92, 95, 96, 98, 99, 105, 106, 107, 108, 155, 156, 161, 164, 166, 168, 169, 171, 174, 187, 190, 197, 199, 200, 230, 232, 235, 236, 246, 250, 251, 252, 253, 254, 279, 280, 306, 307, 309, 311, 313, 315, 316, 320, 340, 342, 343, 347, 370, 373, 374, 380, 383, 384, 386, 387, 388, 389, 391, 392, 395, 418, 419, 424, 425, 445, 446, 447, 451, 473, 474, 479, 480, 481, 508, 510, 513, 514, 525, 532, 533, 535, 538, 547, 548, 550, 551, 552, 554, 556, 557, 558, 559, 581, 582, 587, 588, 589, 634, 637, 639, 640, 643, 644, 645, 679, 683, 684, 691, 692, 693, 697, 698, 728, 732, 733, 741, 742, 743, 747, 748, 778, 782, 783, 791, 792, 793, 797, 798, 832, 833, 838, 839, 840, 844, 845, 846, 848, 849, 853, 894, 898, 899, 909, 910, 911, 915, 916, 949, 950, 952, 954, 955, 957, 958, 959, 965, 968, 969, 970, 971, 972, 974, 977, 983, 984, 985, 987, 988, 989, 990, 998, 1001, 1004, 1005, 1006, 1008, 1013, 1014, 1015, 1017, 1019, 1020, 1021, 1022, 1024, 1025, 1026, 1027, 1029, 1031, 1042, 1043, 1044, 1045, 1080, 1081, 1084, 1087, 1089, 1091, 1100, 1103, 1110, 1112, 1113], "excluded_lines": [14, 15], "functions": {"get_change_order_service": {"executed_lines": [], "summary": {"covered_lines": 0, "num_statements": 1, "percent_covered": 0.0, "percent_covered_display": "0.00", "missing_lines": 1, "excluded_lines": 0, "percent_statements_covered": 0.0, "percent_statements_covered_display": "0.00"}, "missing_lines": [41], "excluded_lines": [], "start_line": 38}, "get_impact_analysis_service": {"executed_lines": [], "summary": {"covered_lines": 0, "num_statements": 1, "percent_covered": 0.0, "percent_covered_display": "0.00", "missing_lines": 1, "excluded_lines": 0, "percent_statements_covered": 0.0, "percent_statements_covered_display": "0.00"}, "missing_lines": [47], "excluded_lines": [], "start_line": 44}, "get_approval_matrix_service": {"executed_lines": [], "summary": {"covered_lines": 0, "num_statements": 2, "percent_covered": 0.0, "percent_covered_display": "0.00", "missing_lines": 2, "excluded_lines": 0, "percent_statements_covered": 0.0, "percent_statements_covered_display": "0.00"}, "missing_lines": [54, 56], "excluded_lines": [], "start_line": 50}, "get_reporting_service": {"executed_lines": [], "summary": {"covered_lines": 0, "num_statements": 1, "percent_covered": 0.0, "percent_covered_display": "0.00", "missing_lines": 1, "excluded_lines": 0, "percent_statements_covered": 0.0, "percent_statements_covered_display": "0.00"}, "missing_lines": [63], "excluded_lines": [], "start_line": 59}, "get_change_order_stats": {"executed_lines": [], "summary": {"covered_lines": 0, "num_statements": 9, "percent_covered": 0.0, "percent_covered_display": "0.00", "missing_lines": 9, "excluded_lines": 0, "percent_statements_covered": 0.0, "percent_statements_covered_display": "0.00"}, "missing_lines": [92, 95, 96, 98, 99, 105, 106, 107, 108], "excluded_lines": [], "start_line": 72}, "read_change_orders": {"executed_lines": [], "summary": {"covered_lines": 0, "num_statements": 14, "percent_covered": 0.0, "percent_covered_display": "0.00", "missing_lines": 14, "excluded_lines": 0, "percent_statements_covered": 0.0, "percent_statements_covered_display": "0.00"}, "missing_lines": [155, 156, 161, 164, 166, 168, 169, 171, 174, 187, 190, 197, 199, 200], "excluded_lines": [], "start_line": 120}, "create_change_order": {"executed_lines": [], "summary": {"covered_lines": 0, "num_statements": 10, "percent_covered": 0.0, "percent_covered_display": "0.00", "missing_lines": 10, "excluded_lines": 0, "percent_statements_covered": 0.0, "percent_statements_covered_display": "0.00"}, "missing_lines": [230, 232, 235, 236, 246, 250, 251, 252, 253, 254], "excluded_lines": [], "start_line": 213}, "get_next_change_order_code": {"executed_lines": [], "summary": {"covered_lines": 0, "num_statements": 2, "percent_covered": 0.0, "percent_covered_display": "0.00", "missing_lines": 2, "excluded_lines": 0, "percent_statements_covered": 0.0, "percent_statements_covered_display": "0.00"}, "missing_lines": [279, 280], "excluded_lines": [], "start_line": 265}, "read_change_order": {"executed_lines": [], "summary": {"covered_lines": 0, "num_statements": 8, "percent_covered": 0.0, "percent_covered_display": "0.00", "missing_lines": 8, "excluded_lines": 0, "percent_statements_covered": 0.0, "percent_statements_covered_display": "0.00"}, "missing_lines": [306, 307, 309, 311, 313, 315, 316, 320], "excluded_lines": [], "start_line": 289}, "read_change_order_by_code": {"executed_lines": [], "summary": {"covered_lines": 0, "num_statements": 4, "percent_covered": 0.0, "percent_covered_display": "0.00", "missing_lines": 4, "excluded_lines": 0, "percent_statements_covered": 0.0, "percent_statements_covered_display": "0.00"}, "missing_lines": [340, 342, 343, 347], "excluded_lines": [], "start_line": 329}, "update_change_order": {"executed_lines": [], "summary": {"covered_lines": 0, "num_statements": 13, "percent_covered": 0.0, "percent_covered_display": "0.00", "missing_lines": 13, "excluded_lines": 0, "percent_statements_covered": 0.0, "percent_statements_covered_display": "0.00"}, "missing_lines": [370, 373, 374, 380, 383, 384, 386, 387, 388, 389, 391, 392, 395], "excluded_lines": [], "start_line": 356}, "delete_change_order": {"executed_lines": [], "summary": {"covered_lines": 0, "num_statements": 4, "percent_covered": 0.0, "percent_covered_display": "0.00", "missing_lines": 4, "excluded_lines": 0, "percent_statements_covered": 0.0, "percent_statements_covered_display": "0.00"}, "missing_lines": [418, 419, 424, 425], "excluded_lines": [], "start_line": 404}, "read_change_order_history": {"executed_lines": [], "summary": {"covered_lines": 0, "num_statements": 4, "percent_covered": 0.0, "percent_covered_display": "0.00", "missing_lines": 4, "excluded_lines": 0, "percent_statements_covered": 0.0, "percent_statements_covered_display": "0.00"}, "missing_lines": [445, 446, 447, 451], "excluded_lines": [], "start_line": 434}, "get_merge_conflicts": {"executed_lines": [], "summary": {"covered_lines": 0, "num_statements": 5, "percent_covered": 0.0, "percent_covered_display": "0.00", "missing_lines": 5, "excluded_lines": 0, "percent_statements_covered": 0.0, "percent_statements_covered_display": "0.00"}, "missing_lines": [473, 474, 479, 480, 481], "excluded_lines": [], "start_line": 459}, "merge_change_order": {"executed_lines": [], "summary": {"covered_lines": 0, "num_statements": 19, "percent_covered": 0.0, "percent_covered_display": "0.00", "missing_lines": 19, "excluded_lines": 0, "percent_statements_covered": 0.0, "percent_statements_covered_display": "0.00"}, "missing_lines": [508, 510, 513, 514, 525, 532, 533, 535, 538, 547, 548, 550, 551, 552, 554, 556, 557, 558, 559], "excluded_lines": [], "start_line": 493}, "revert_change_order": {"executed_lines": [], "summary": {"covered_lines": 0, "num_statements": 5, "percent_covered": 0.0, "percent_covered_display": "0.00", "missing_lines": 5, "excluded_lines": 0, "percent_statements_covered": 0.0, "percent_statements_covered_display": "0.00"}, "missing_lines": [581, 582, 587, 588, 589], "excluded_lines": [], "start_line": 571}, "get_change_order_impact": {"executed_lines": [], "summary": {"covered_lines": 0, "num_statements": 7, "percent_covered": 0.0, "percent_covered_display": "0.00", "missing_lines": 7, "excluded_lines": 0, "percent_statements_covered": 0.0, "percent_statements_covered_display": "0.00"}, "missing_lines": [634, 637, 639, 640, 643, 644, 645], "excluded_lines": [], "start_line": 601}, "submit_change_order_for_approval": {"executed_lines": [], "summary": {"covered_lines": 0, "num_statements": 8, "percent_covered": 0.0, "percent_covered_display": "0.00", "missing_lines": 8, "excluded_lines": 0, "percent_statements_covered": 0.0, "percent_statements_covered_display": "0.00"}, "missing_lines": [679, 683, 684, 691, 692, 693, 697, 698], "excluded_lines": [], "start_line": 657}, "approve_change_order": {"executed_lines": [], "summary": {"covered_lines": 0, "num_statements": 8, "percent_covered": 0.0, "percent_covered_display": "0.00", "missing_lines": 8, "excluded_lines": 0, "percent_statements_covered": 0.0, "percent_statements_covered_display": "0.00"}, "missing_lines": [728, 732, 733, 741, 742, 743, 747, 748], "excluded_lines": [], "start_line": 710}, "reject_change_order": {"executed_lines": [], "summary": {"covered_lines": 0, "num_statements": 8, "percent_covered": 0.0, "percent_covered_display": "0.00", "missing_lines": 8, "excluded_lines": 0, "percent_statements_covered": 0.0, "percent_statements_covered_display": "0.00"}, "missing_lines": [778, 782, 783, 791, 792, 793, 797, 798], "excluded_lines": [], "start_line": 760}, "archive_change_order_branch": {"executed_lines": [], "summary": {"covered_lines": 0, "num_statements": 11, "percent_covered": 0.0, "percent_covered_display": "0.00", "missing_lines": 11, "excluded_lines": 0, "percent_statements_covered": 0.0, "percent_statements_covered_display": "0.00"}, "missing_lines": [832, 833, 838, 839, 840, 844, 845, 846, 848, 849, 853], "excluded_lines": [], "start_line": 810}, "recover_change_order": {"executed_lines": [], "summary": {"covered_lines": 0, "num_statements": 8, "percent_covered": 0.0, "percent_covered_display": "0.00", "missing_lines": 8, "excluded_lines": 0, "percent_statements_covered": 0.0, "percent_statements_covered_display": "0.00"}, "missing_lines": [894, 898, 899, 909, 910, 911, 915, 916], "excluded_lines": [], "start_line": 865}, "get_change_order_approval_info": {"executed_lines": [], "summary": {"covered_lines": 0, "num_statements": 47, "percent_covered": 0.0, "percent_covered_display": "0.00", "missing_lines": 47, "excluded_lines": 0, "percent_statements_covered": 0.0, "percent_statements_covered_display": "0.00"}, "missing_lines": [949, 950, 952, 954, 955, 957, 958, 959, 965, 968, 969, 970, 971, 972, 974, 977, 983, 984, 985, 987, 988, 989, 990, 998, 1001, 1004, 1005, 1006, 1008, 1013, 1014, 1015, 1017, 1019, 1020, 1021, 1022, 1024, 1025, 1026, 1027, 1029, 1031, 1042, 1043, 1044, 1045], "excluded_lines": [], "start_line": 928}, "get_pending_approvals": {"executed_lines": [], "summary": {"covered_lines": 0, "num_statements": 11, "percent_covered": 0.0, "percent_covered_display": "0.00", "missing_lines": 11, "excluded_lines": 0, "percent_statements_covered": 0.0, "percent_statements_covered_display": "0.00"}, "missing_lines": [1080, 1081, 1084, 1087, 1089, 1091, 1100, 1103, 1110, 1112, 1113], "excluded_lines": [], "start_line": 1057}, "": {"executed_lines": [3, 4, 5, 6, 7, 9, 10, 12, 16, 17, 18, 27, 28, 29, 30, 31, 33, 35, 38, 44, 50, 59, 66, 72, 114, 120, 206, 213, 260, 265, 283, 289, 323, 329, 350, 356, 398, 404, 428, 434, 454, 459, 487, 493, 565, 571, 595, 601, 651, 657, 704, 710, 754, 760, 804, 810, 859, 865, 922, 928, 1051, 1057], "summary": {"covered_lines": 62, "num_statements": 62, "percent_covered": 100.0, "percent_covered_display": "100.00", "missing_lines": 0, "excluded_lines": 2, "percent_statements_covered": 100.0, "percent_statements_covered_display": "100.00"}, "missing_lines": [], "excluded_lines": [14, 15], "start_line": 1}}, "classes": {"": {"executed_lines": [3, 4, 5, 6, 7, 9, 10, 12, 16, 17, 18, 27, 28, 29, 30, 31, 33, 35, 38, 44, 50, 59, 66, 72, 114, 120, 206, 213, 260, 265, 283, 289, 323, 329, 350, 356, 398, 404, 428, 434, 454, 459, 487, 493, 565, 571, 595, 601, 651, 657, 704, 710, 754, 760, 804, 810, 859, 865, 922, 928, 1051, 1057], "summary": {"covered_lines": 62, "num_statements": 272, "percent_covered": 22.794117647058822, "percent_covered_display": "22.79", "missing_lines": 210, "excluded_lines": 2, "percent_statements_covered": 22.794117647058822, "percent_statements_covered_display": "22.79"}, "missing_lines": [41, 47, 54, 56, 63, 92, 95, 96, 98, 99, 105, 106, 107, 108, 155, 156, 161, 164, 166, 168, 169, 171, 174, 187, 190, 197, 199, 200, 230, 232, 235, 236, 246, 250, 251, 252, 253, 254, 279, 280, 306, 307, 309, 311, 313, 315, 316, 320, 340, 342, 343, 347, 370, 373, 374, 380, 383, 384, 386, 387, 388, 389, 391, 392, 395, 418, 419, 424, 425, 445, 446, 447, 451, 473, 474, 479, 480, 481, 508, 510, 513, 514, 525, 532, 533, 535, 538, 547, 548, 550, 551, 552, 554, 556, 557, 558, 559, 581, 582, 587, 588, 589, 634, 637, 639, 640, 643, 644, 645, 679, 683, 684, 691, 692, 693, 697, 698, 728, 732, 733, 741, 742
[...]
": "0.00"}, "missing_lines": [940, 942, 944, 954, 955, 957, 959, 981, 989], "excluded_lines": [], "start_line": 918}, "EVMService._convert_to_response": {"executed_lines": [], "summary": {"covered_lines": 0, "num_statements": 1, "percent_covered": 0.0, "percent_covered_display": "0.00", "missing_lines": 1, "excluded_lines": 0, "percent_statements_covered": 0.0, "percent_statements_covered_display": "0.00"}, "missing_lines": [1022], "excluded_lines": [], "start_line": 1010}, "EVMService.aggregate_evm_metrics": {"executed_lines": [], "summary": {"covered_lines": 0, "num_statements": 34, "percent_covered": 0.0, "percent_covered_display": "0.00", "missing_lines": 34, "excluded_lines": 0, "percent_statements_covered": 0.0, "percent_statements_covered_display": "0.00"}, "missing_lines": [1060, 1061, 1064, 1065, 1066, 1067, 1068, 1071, 1072, 1073, 1074, 1077, 1078, 1082, 1083, 1084, 1086, 1087, 1088, 1091, 1092, 1094, 1095, 1097, 1098, 1101, 1102, 1103, 1104, 1108, 1111, 1112, 1115, 1117], "excluded_lines": [], "start_line": 1043}, "EVMService.get_evm_timeseries": {"executed_lines": [], "summary": {"covered_lines": 0, "num_statements": 27, "percent_covered": 0.0, "percent_covered_display": "0.00", "missing_lines": 27, "excluded_lines": 0, "percent_statements_covered": 0.0, "percent_statements_covered_display": "0.00"}, "missing_lines": [1173, 1174, 1183, 1184, 1193, 1194, 1200, 1207, 1208, 1210, 1211, 1212, 1220, 1221, 1222, 1224, 1225, 1231, 1232, 1235, 1249, 1250, 1251, 1252, 1253, 1254, 1256], "excluded_lines": [], "start_line": 1139}, "EVMService._generate_timeseries_points": {"executed_lines": [], "summary": {"covered_lines": 0, "num_statements": 81, "percent_covered": 0.0, "percent_covered_display": "0.00", "missing_lines": 81, "excluded_lines": 0, "percent_statements_covered": 0.0, "percent_statements_covered_display": "0.00"}, "missing_lines": [1295, 1299, 1302, 1303, 1308, 1310, 1318, 1319, 1320, 1323, 1324, 1325, 1328, 1339, 1343, 1347, 1351, 1352, 1354, 1357, 1358, 1361, 1368, 1369, 1370, 1377, 1379, 1380, 1383, 1384, 1385, 1387, 1392, 1393, 1396, 1398, 1402, 1409, 1416, 1417, 1418, 1422, 1423, 1424, 1425, 1427, 1429, 1430, 1431, 1432, 1434, 1436, 1438, 1439, 1440, 1443, 1444, 1446, 1451, 1455, 1456, 1458, 1463, 1466, 1467, 1468, 1471, 1472, 1473, 1475, 1476, 1479, 1480, 1481, 1482, 1484, 1485, 1488, 1490, 1504, 1506], "excluded_lines": [], "start_line": 1264}, "EVMService._generate_date_intervals": {"executed_lines": [], "summary": {"covered_lines": 0, "num_statements": 17, "percent_covered": 0.0, "percent_covered_display": "0.00", "missing_lines": 17, "excluded_lines": 0, "percent_statements_covered": 0.0, "percent_statements_covered_display": "0.00"}, "missing_lines": [1524, 1525, 1527, 1529, 1530, 1531, 1533, 1535, 1536, 1537, 1539, 1541, 1542, 1545, 1546, 1550, 1554], "excluded_lines": [], "start_line": 1508}, "EVMService._get_ev_as_of_date": {"executed_lines": [], "summary": {"covered_lines": 0, "num_statements": 5, "percent_covered": 0.0, "percent_covered_display": "0.00", "missing_lines": 5, "excluded_lines": 0, "percent_statements_covered": 0.0, "percent_statements_covered_display": "0.00"}, "missing_lines": [1575, 1576, 1577, 1580, 1581], "excluded_lines": [], "start_line": 1556}, "EVMService._get_wbe_evm_timeseries": {"executed_lines": [], "summary": {"covered_lines": 0, "num_statements": 42, "percent_covered": 0.0, "percent_covered_display": "0.00", "missing_lines": 42, "excluded_lines": 0, "percent_statements_covered": 0.0, "percent_statements_covered_display": "0.00"}, "missing_lines": [1608, 1617, 1619, 1628, 1629, 1630, 1632, 1633, 1634, 1642, 1645, 1646, 1647, 1648, 1649, 1651, 1653, 1655, 1664, 1671, 1672, 1674, 1675, 1676, 1677, 1678, 1680, 1683, 1684, 1685, 1686, 1689, 1691, 1692, 1693, 1694, 1695, 1696, 1698, 1700, 1710, 1712], "excluded_lines": [], "start_line": 1584}, "EVMService._get_project_evm_timeseries": {"executed_lines": [], "summary": {"covered_lines": 0, "num_statements": 53, "percent_covered": 0.0, "percent_covered_display": "0.00", "missing_lines": 53, "excluded_lines": 0, "percent_statements_covered": 0.0, "percent_statements_covered_display": "0.00"}, "missing_lines": [1747, 1754, 1756, 1765, 1774, 1776, 1785, 1786, 1787, 1788, 1791, 1792, 1793, 1795, 1796, 1797, 1805, 1808, 1809, 1810, 1811, 1812, 1814, 1816, 1818, 1827, 1828, 1829, 1830, 1833, 1840, 1841, 1843, 1844, 1845, 1846, 1847, 1849, 1852, 1853, 1854, 1855, 1858, 1860, 1861, 1862, 1863, 1864, 1865, 1867, 1869, 1879, 1881], "excluded_lines": [], "start_line": 1721}, "": {"executed_lines": [3, 4, 5, 6, 7, 8, 9, 10, 12, 14, 15, 16, 17, 18, 19, 27, 28, 29, 30, 31, 32, 33, 35, 37, 40, 83, 100, 115, 116, 212, 240, 312, 329, 359, 411, 430, 459, 564, 715, 716, 811, 918, 1010, 1043, 1138, 1139, 1264, 1508, 1556, 1583, 1584, 1720, 1721], "summary": {"covered_lines": 53, "num_statements": 53, "percent_covered": 100.0, "percent_covered_display": "100.00", "missing_lines": 0, "excluded_lines": 0, "percent_statements_covered": 100.0, "percent_statements_covered_display": "100.00"}, "missing_lines": [], "excluded_lines": [], "start_line": 1}}, "classes": {"EVMService": {"executed_lines": [], "summary": {"covered_lines": 0, "num_statements": 426, "percent_covered": 0.0, "percent_covered_display": "0.00", "missing_lines": 426, "excluded_lines": 0, "percent_statements_covered": 0.0, "percent_statements_covered_display": "0.00"}, "missing_lines": [106, 107, 108, 109, 110, 111, 112, 113, 141, 144, 147, 148, 151, 156, 159, 162, 163, 166, 169, 172, 179, 180, 181, 183, 184, 185, 188, 189, 191, 230, 236, 237, 238, 262, 264, 271, 273, 276, 283, 285, 288, 289, 290, 293, 295, 297, 305, 307, 308, 310, 324, 327, 345, 349, 351, 353, 355, 357, 385, 392, 394, 398, 405, 407, 409, 426, 427, 428, 446, 447, 449, 452, 453, 455, 457, 485, 486, 489, 490, 492, 495, 496, 497, 498, 500, 501, 506, 507, 508, 509, 512, 515, 516, 517, 518, 519, 521, 524, 527, 530, 531, 532, 533, 535, 536, 537, 538, 539, 540, 541, 543, 608, 609, 613, 616, 617, 623, 624, 625, 627, 628, 631, 635, 639, 647, 648, 653, 654, 701, 711, 713, 744, 746, 768, 769, 777, 778, 786, 787, 793, 800, 801, 804, 809, 833, 835, 839, 849, 850, 852, 854, 876, 883, 884, 887, 892, 897, 940, 942, 944, 954, 955, 957, 959, 981, 989, 1022, 1060, 1061, 1064, 1065, 1066, 1067, 1068, 1071, 1072, 1073, 1074, 1077, 1078, 1082, 1083, 1084, 1086, 1087, 1088, 1091, 1092, 1094, 1095, 1097, 1098, 1101, 1102, 1103, 1104, 1108, 1111, 1112, 1115, 1117, 1173, 1174, 1183, 1184, 1193, 1194, 1200, 1207, 1208, 1210, 1211, 1212, 1220, 1221, 1222, 1224, 1225, 1231, 1232, 1235, 1249, 1250, 1251, 1252, 1253, 1254, 1256, 1295, 1299, 1302, 1303, 1308, 1310, 1318, 1319, 1320, 1323, 1324, 1325, 1328, 1339, 1343, 1347, 1351, 1352, 1354, 1357, 1358, 1361, 1368, 1369, 1370, 1377, 1379, 1380, 1383, 1384, 1385, 1387, 1392, 1393, 1396, 1398, 1402, 1409, 1416, 1417, 1418, 1422, 1423, 1424, 1425, 1427, 1429, 1430, 1431, 1432, 1434, 1436, 1438, 1439, 1440, 1443, 1444, 1446, 1451, 1455, 1456, 1458, 1463, 1466, 1467, 1468, 1471, 1472, 1473, 1475, 1476, 1479, 1480, 1481, 1482, 1484, 1485, 1488, 1490, 1504, 1506, 1524, 1525, 1527, 1529, 1530, 1531, 1533, 1535, 1536, 1537, 1539, 1541, 1542, 1545, 1546, 1550, 1554, 1575, 1576, 1577, 1580, 1581, 1608, 1617, 1619, 1628, 1629, 1630, 1632, 1633, 1634, 1642, 1645, 1646, 1647, 1648, 1649, 1651, 1653, 1655, 1664, 1671, 1672, 1674, 1675, 1676, 1677, 1678, 1680, 1683, 1684, 1685, 1686, 1689, 1691, 1692, 1693, 1694, 1695, 1696, 1698, 1700, 1710, 1712, 1747, 1754, 1756, 1765, 1774, 1776, 1785, 1786, 1787, 1788, 1791, 1792, 1793, 1795, 1796, 1797, 1805, 1808, 1809, 1810, 1811, 1812, 1814, 1816, 1818, 1827, 1828, 1829, 1830, 1833, 1840, 1841, 1843, 1844, 1845, 1846, 1847, 1849, 1852, 1853, 1854, 1855, 1858, 1860, 1861, 1862, 1863, 1864, 1865, 1867, 1869, 1879, 1881], "excluded_lines": [], "start_line": 83}, "": {"executed_lines": [3, 4, 5, 6, 7, 8, 9, 10, 12, 14, 15, 16, 17, 18, 19, 27, 28, 29, 30, 31, 32, 33, 35, 37, 40, 52, 53, 54, 78, 80, 83, 100, 115, 116, 212, 240, 312, 329, 359, 411, 430, 459, 564, 715, 716, 811, 918, 1010, 1043, 1138, 1139, 1264, 1508, 1556, 1583, 1584, 1720, 1721], "summary": {"covered_lines": 58, "num_statements": 69, "percent_covered": 84.05797101449275, "percent_covered_display": "84.06", "missing_lines": 11, "excluded_lines": 0, "percent_statements_covered": 84.05797101449275, "percent_statements_covered_display": "84.06"}, "missing_lines": [55, 56, 57, 58, 60, 61, 62, 67, 68, 72, 73], "excluded_lines": [], "start_line": 1}}}, "app/services/financial_impact_service.py": {"executed_lines": [16, 17, 19, 21, 22, 25, 40, 41, 42, 44, 52, 149, 167], "summary": {"covered_lines": 13, "num_statements": 73, "percent_covered": 17.80821917808219, "percent_covered_display": "17.81", "missing_lines": 60, "excluded_lines": 0, "percent_statements_covered": 17.80821917808219, "percent_statements_covered_display": "17.81"}, "missing_lines": [50, 74, 75, 77, 78, 79, 81, 84, 85, 97, 98, 100, 101, 103, 104, 108, 122, 123, 126, 140, 141, 144, 147, 158, 159, 160, 161, 162, 163, 165, 188, 189, 191, 192, 193, 195, 198, 199, 211, 212, 214, 215, 217, 218, 221, 235, 236, 238, 252, 253, 256, 263, 264, 266, 273, 274, 276, 277, 278, 280], "excluded_lines": [], "functions": {"FinancialImpactService.__init__": {"executed_lines": [], "summary": {"covered_lines": 0, "num_statements": 1, "percent_covered": 0.0, "percent_covered_display": "0.00", "missing_lines": 1, "excluded_lines": 0, "percent_statements_covered": 0.0, "percent_statements_covered_display": "0.00"}, "missing_lines": [50], "excluded_lines": [], "start_line": 44}, "FinancialImpactService.calculate_impact_level": {"executed_lines": [], "summary": {"covered_lines": 0, "num_statements": 22, "percent_covered": 0.0, "percent_covered_display": "0.00", "missing_lines": 22, "excluded_lines": 0, "percent_statements_covered": 0.0, "percent_statements_covered_display": "0.00"}, "missing_lines": [74, 75, 77, 78, 79, 81, 84, 85, 97, 98, 100, 101, 103, 104, 108, 122, 123, 126, 140, 141, 144, 147], "excluded_lines": [], "start_line": 52}, "FinancialImpactService._classify_impact_level": {"executed_lines": [], "summary": {"covered_lines": 0, "num_statements": 7, "percent_covered": 0.0, "percent_covered_display": "0.00", "missing_lines": 7, "excluded_lines": 0, "percent_statements_covered": 0.0, "percent_statements_covered_display": "0.00"}, "missing_lines": [158, 159, 160, 161, 162, 163, 165], "excluded_lines": [], "start_line": 149}, "FinancialImpactService.get_financial_impact_details": {"executed_lines": [], "summary": {"covered_lines": 0, "num_statements": 30, "percent_covered": 0.0, "percent_covered_display": "0.00", "missing_lines": 30, "excluded_lines": 0, "percent_statements_covered": 0.0, "percent_statements_covered_display": "0.00"}, "missing_lines": [188, 189, 191, 192, 193, 195, 198, 199, 211, 212, 214, 215, 217, 218, 221, 235, 236, 238, 252, 253, 256, 263, 264, 266, 273, 274, 276, 277, 278, 280], "excluded_lines": [], "start_line": 167}, "": {"executed_lines": [16, 17, 19, 21, 22, 25, 40, 41, 42, 44, 52, 149, 167], "summary": {"covered_lines": 13, "num_statements": 13, "percent_covered": 100.0, "percent_covered_display": "100.00", "missing_lines": 0, "excluded_lines": 0, "percent_statements_covered": 100.0, "percent_statements_covered_display": "100.00"}, "missing_lines": [], "excluded_lines": [], "start_line": 1}}, "classes": {"FinancialImpactService": {"executed_lines": [], "summary": {"covered_lines": 0, "num_statements": 60, "percent_covered": 0.0, "percent_covered_display": "0.00", "missing_lines": 60, "excluded_lines": 0, "percent_statements_covered": 0.0, "percent_statements_covered_display": "0.00"}, "missing_lines": [50, 74, 75, 77, 78, 79, 81, 84, 85, 97, 98, 100, 101, 103, 104, 108, 122, 123, 126, 140, 141, 144, 147, 158, 159, 160, 161, 162, 163, 165, 188, 189, 191, 192, 193, 195, 198, 199, 211, 212, 214, 215, 217, 218, 221, 235, 236, 238, 252, 253, 256, 263, 264, 266, 273, 274, 276, 277, 278, 280], "excluded_lines": [], "start_line": 25}, "": {"executed_lines": [16, 17, 19, 21, 22, 25, 40, 41, 42, 44, 52, 149, 167], "summary": {"covered_lines": 13, "num_statements": 13, "percent_covered": 100.0, "percent_covered_display": "100.00", "missing_lines": 0, "excluded_lines": 0, "percent_statements_covered": 100.0, "percent_statements_covered_display": "100.00"}, "missing_lines": [], "excluded_lines": [], "start_line": 1}}}, "app/services/forecast_service.py": {"executed_lines": [3, 5, 6, 7, 8, 9, 11, 12, 14, 15, 16, 17, 18, 21, 29, 37, 40, 48, 83, 114, 132, 151, 189, 224, 280, 310, 346], "summary": {"covered_lines": 27, "num_statements": 96, "percent_covered": 28.125, "percent_covered_display": "28.12", "missing_lines": 69, "excluded_lines": 0, "percent_statements_covered": 28.125, "percent_statements_covered_display": "28.12"}, "missing_lines": [30, 31, 32, 46, 71, 73, 81, 91, 93, 94, 95, 98, 99, 102, 103, 105, 112, 118, 129, 130, 144, 170, 181, 184, 186, 187, 205, 221, 222, 248, 249, 250, 255, 256, 257, 259, 266, 269, 271, 276, 278, 289, 290, 291, 294, 295, 296, 298, 300, 308, 331, 332, 333, 336, 337, 362, 363, 369, 370, 371, 373, 374, 400, 416, 418, 419, 420, 421, 423], "excluded_lines": [], "functions": {"ForecastAlreadyExistsError.__init__": {"executed_lines": [], "summary": {"covered_lines": 0, "num_statements": 3, "percent_covered": 0.0, "percent_covered_display": "0.00", "missing_lines": 3, "excluded_lines": 0, "percent_statements_covered": 0.0, "percent_statements_covered_display": "0.00"}, "missing_lines": [30, 31, 32], "excluded_lines": [], "start_line": 29}, "ForecastService.__init__": {"executed_lines": [], "summary": {"covered_lines": 0, "num_statements": 1, "percent_covered": 0.0, "percent_covered_display": "0.00", "missing_lines": 1, "excluded_lines": 0, "percent_statements_covered": 0.0, "percent_statements_covered_display": "0.00"}, "missing_lines": [46], "excluded_lines": [], "start_line": 40}, "ForecastService.create_root": {"executed_lines": [], "summary": {"covered_lines": 0, "num_statements": 3, "percent_covered": 0.0, "percent_covered_display": "0.00", "missing_lines": 3, "excluded_lines": 0, "percent_statements_covered": 0.0, "percent_statements_covered_display": "0.00"}, "missing_lines": [71, 73, 81], "excluded_lines": [], "start_line": 48}, "ForecastService.create_forecast": {"executed_lines": [], "summary": {"covered_lines": 0, "num_statements": 10, "percent_covered": 0.0, "percent_covered_display": "0.00", "missing_lines": 10, "excluded_lines": 0, "percent_statements_covered": 0.0, "percent_statements_covered_display": "0.00"}, "missing_lines": [91, 93, 94, 95, 98, 99, 102, 103, 105, 112], "excluded_lines": [], "start_line": 83}, "ForecastService.get_by_id": {"executed_lines": [], "summary": {"covered_lines": 0, "num_statements": 3, "percent_covered": 0.0, "percent_covered_display": "0.00", "missing_lines": 3, "excluded_lines": 0, "percent_statements_covered": 0.0, "percent_statements_covered_display": "0.00"}, "missing_lines": [118, 129, 130], "excluded_lines": [], "start_line": 114}, "ForecastService.soft_delete": {"executed_lines": [], "summary": {"covered_lines": 0, "num_statements": 1, "percent_covered": 0.0, "percent_covered_display": "0.00", "missing_lines": 1, "excluded_lines": 0, "percent_statements_covered": 0.0, "percent_statements_covered_display": "0.00"}, "missing_lines": [144], "excluded_lines": [], "start_line": 132}, "ForecastService.list": {"executed_lines": [], "summary": {"covered_lines": 0, "num_statements": 5, "percent_covered": 0.0, "percent_covered_display": "0.00", "missing_lines": 5, "excluded_lines": 0, "percent_statements_covered": 0.0, "percent_statements_covered_display": "0.00"}, "missing_lines": [170, 181, 184, 186, 187], "excluded_lines": [], "start_line": 151}, "ForecastService.get_for_cost_element": {"executed_lines": [], "summary": {"covered_lines": 0, "num_statements": 3, "percent_covered": 0.0, "percent_covered_display": "0.00", "missing_lines": 3, "excluded_lines": 0, "percent_statements_covered": 0.0, "percent_statements_covered_display": "0.00"}, "missing_lines": [205, 221, 222], "excluded_lines": [], "start_line": 189}, "ForecastService.create_for_cost_element": {"executed_lines": [], "summary": {"covered_lines": 0, "num_statements": 12, "percent_covered": 0.0, "percent_covered_display": "0.00", "missing_lines": 12, "excluded_lines": 0, "percent_statements_covered": 0.0, "percent_statements_covered_display": "0.00"}, "missing_lines": [248, 249, 250, 255, 256, 257, 259, 266, 269, 271, 276, 278], "excluded_lines": [], "start_line": 224}, "ForecastService.update_forecast": {"executed_lines": [], "summary": {"covered_lines": 0, "num_statements": 9, "percent_covered": 0.0, "percent_covered_display": "0.00", "missing_lines": 9, "excluded_lines": 0, "percent_statements_covered": 0.0, "percent_statements_covered_display": "0.00"}, "missing_lines": [289, 290, 291, 294, 295, 296, 298, 300, 308], "excluded_lines": [], "start_line": 280}, "ForecastService.ensure_exists": {"executed_lines": [], "summary": {"covered_lines": 0, "num_statements": 5, "percent_covered": 0.0, "percent_covered_display": "0.00", "missing_lines": 5, "excluded_lines": 0, "percent_statements_covered": 0.0, "percent_statements_covered_display": "0.00"}, "missing_lines": [331, 332, 333, 336, 337], "excluded_lines": [], "start_line": 310}, "ForecastService.get_forecasts_for_cost_elements": {"executed_lines": [], "summary": {"covered_lines": 0, "num_statements": 14, "percent_covered": 0.0, "percent_covered_display": "0.00", "missing_lines": 14, "excluded_lines": 0, "percent_statements_covered": 0.0, "percent_statements_covered_display": "0.00"}, "missing_lines": [362, 363, 369, 370, 371, 373, 374, 400, 416, 418, 419, 420, 421, 423], "excluded_lines": [], "start_line": 346}, "": {"executed_lines": [3, 5, 6, 7, 8, 9, 11, 12, 14, 15, 16, 17, 18, 21, 29, 37, 40, 48, 83, 114, 132, 151, 189, 224, 280, 310, 346], "summary": {"covered_lines": 27, "num_statements": 27, "percent_covered": 100.0, "percent_covered_display": "100.00", "missing_lines": 0, "excluded_lines": 0, "percent_statements_covered": 100.0, "percent_statements_covered_display": "100.00"}, "missing_lines": [], "excluded_lines": [], "start_line": 1}}, "classes": {"ForecastAlreadyExistsError": {"executed_lines": [], "summary": {"covered_lines": 0, "num_statements": 3, "percent_covered": 0.0, "percent_covered_display": "0.00", "missing_lines": 3, "excluded_lines": 0, "percent_statements_covered": 0.0, "percent_statements_covered_display": "0.00"}, "missing_lines": [30, 31, 32], "excluded_lines": [], "start_line": 21}, "ForecastService": {"executed_lines": [], "summary": {"covered_lines": 0, "num_statements": 66, "percent_covered": 0.0, "percent_covered_display": "0.00", "missing_lines": 66, "excluded_lines": 0, "percent_statements_covered": 0.0, "percent_statements_covered_display": "0.00"}, "missing_lines": [46, 71, 73, 81, 91, 93, 94, 95, 98, 99, 102, 103, 105, 112, 118, 129, 130, 144, 170, 181, 184, 186, 187, 205, 221, 222, 248, 249, 250, 255, 256, 257, 259, 266, 269, 271, 276, 278, 289, 290, 291, 294, 295, 296, 298, 300, 308, 331, 332, 333, 336, 337, 362, 363, 369, 370, 371, 373, 374, 400, 416, 418, 419, 420, 421, 423], "excluded_lines": [], "start_line": 37}, "": {"executed_lines": [3, 5, 6, 7, 8, 9, 11, 12, 14, 15, 16, 17, 18, 21, 29, 37, 40, 48, 83, 114, 132, 151, 189, 224, 280, 310, 346], "summary": {"covered_lines": 27, "num_statements": 27, "percent_covered": 100.0, "percent_covered_display": "100.00", "missing_lines": 0, "excluded_lines": 0, "percent_statements_covered": 100.0, "percent_statements_covered_display": "100.00"}, "missing_lines": [], "excluded_lines": [], "start_line": 1}}}}, "totals": {"covered_lines": 2611, "num_statements": 7456, "percent_covered": 35.01877682403433, "percent_covered_display": "35.02", "missing_lines": 4845, "excluded_lines": 170, "percent_statements_covered": 35.01877682403433, "percent_statements_covered_display": "35.02"}}